C:\USERS\USER\DOCUMENTS\VISUAL STUDIO 2012\PROJECTS\RETMONITOR\RETMONITOR\X64\WIN7DEBUG\RETMONITOR.OBJ
C:\USERS\USER\DOCUMENTS\VISUAL STUDIO 2012\PROJECTS\RETMONITOR\RETMONITOR\X64\WIN7DEBUG\LIST.OBJ
C:\USERS\USER\DOCUMENTS\VISUAL STUDIO 2012\PROJECTS\RETMONITOR\RETMONITOR\X64\WIN7DEBUG\IO.OBJ
C:\USERS\USER\DOCUMENTS\VISUAL STUDIO 2012\PROJECTS\RETMONITOR\RETMONITOR\X64\WIN7DEBUG\INTERRUPT.OBJ
C:\USERS\USER\DOCUMENTS\VISUAL STUDIO 2012\PROJECTS\RETMONITOR\RETMONITOR\X64\WIN7DEBUG\DEVICE.OBJ
C:\USERS\USER\DOCUMENTS\VISUAL STUDIO 2012\PROJECTS\RETMONITOR\RETMONITOR\X64\WIN7DEBUG\DEBUG.OBJ
C:\USERS\USER\DOCUMENTS\VISUAL STUDIO 2012\PROJECTS\RETMONITOR\RETMONITOR\X64\WIN7DEBUG\CPUID.OBJ
C:\USERS\USER\DOCUMENTS\VISUAL STUDIO 2012\PROJECTS\RETMONITOR\RETMONITOR\X64\WIN7DEBUG\CHECKS.OBJ
C:\USERS\USER\DOCUMENTS\VISUAL STUDIO 2012\PROJECTS\RETMONITOR\RETMONITOR\X64\WIN7DEBUG\BTS.OBJ
C:\USERS\USER\DOCUMENTS\VISUAL STUDIO 2012\PROJECTS\RETMONITOR\RETMONITOR\X64\WIN7DEBUG\APIC.OBJ
C:\USERS\USER\DOCUMENTS\VISUAL STUDIO 2012\PROJECTS\RETMONITOR\RETMONITOR\X64\WIN7DEBUG\UNLOAD.OBJ
C:\USERS\USER\DOCUMENTS\VISUAL STUDIO 2012\PROJECTS\RETMONITOR\RETMONITOR\X64\WIN7DEBUG\THREAD.OBJ
C:\USERS\USER\DOCUMENTS\VISUAL STUDIO 2012\PROJECTS\RETMONITOR\RETMONITOR\X64\WIN7DEBUG\PEBS.OBJ
C:\USERS\USER\DOCUMENTS\VISUAL STUDIO 2012\PROJECTS\RETMONITOR\RETMONITOR\X64\WIN7DEBUG\VC110.PDB
C:\USERS\USER\DOCUMENTS\VISUAL STUDIO 2012\PROJECTS\RETMONITOR\X64\WIN7DEBUG\RETMONITOR.SYS
C:\USERS\USER\DOCUMENTS\VISUAL STUDIO 2012\PROJECTS\RETMONITOR\X64\WIN7DEBUG\RETMONITOR.PDB
C:\USERS\USER\DOCUMENTS\VISUAL STUDIO 2012\PROJECTS\RETMONITOR\RETMONITOR\X64\WIN7DEBUG\RETMONITOR.RES
C:\USERS\USER\DOCUMENTS\VISUAL STUDIO 2012\PROJECTS\RETMONITOR\RETMONITOR\X64\WIN7DEBUG\RETMONITOR.INF
C:\Users\user\documents\visual studio 2012\Projects\RetMonitor\x64\Win7Debug\RetMonitor.cer
C:\Users\user\documents\visual studio 2012\Projects\RetMonitor\x64\Win7Debug\RetMonitor.inf
C:\Users\user\documents\visual studio 2012\Projects\RetMonitor\RetMonitor\x64\Win7Debug\apic.obj
C:\Users\user\documents\visual studio 2012\Projects\RetMonitor\RetMonitor\x64\Win7Debug\BTS.obj
C:\Users\user\documents\visual studio 2012\Projects\RetMonitor\RetMonitor\x64\Win7Debug\checks.obj
C:\Users\user\documents\visual studio 2012\Projects\RetMonitor\RetMonitor\x64\Win7Debug\cpuid.obj
C:\Users\user\documents\visual studio 2012\Projects\RetMonitor\RetMonitor\x64\Win7Debug\debug.obj
C:\Users\user\documents\visual studio 2012\Projects\RetMonitor\RetMonitor\x64\Win7Debug\device.obj
C:\Users\user\documents\visual studio 2012\Projects\RetMonitor\RetMonitor\x64\Win7Debug\interrupt.obj
C:\Users\user\documents\visual studio 2012\Projects\RetMonitor\RetMonitor\x64\Win7Debug\IO.obj
C:\Users\user\documents\visual studio 2012\Projects\RetMonitor\RetMonitor\x64\Win7Debug\list.obj
C:\Users\user\documents\visual studio 2012\Projects\RetMonitor\RetMonitor\x64\Win7Debug\pebs.obj
C:\Users\user\documents\visual studio 2012\Projects\RetMonitor\RetMonitor\x64\Win7Debug\RetMonitor.obj
C:\Users\user\documents\visual studio 2012\Projects\RetMonitor\RetMonitor\x64\Win7Debug\thread.obj
C:\Users\user\documents\visual studio 2012\Projects\RetMonitor\RetMonitor\x64\Win7Debug\unload.obj
C:\Users\user\documents\visual studio 2012\Projects\RetMonitor\RetMonitor\x64\Win7Debug\cl.command.1.tlog
C:\Users\user\documents\visual studio 2012\Projects\RetMonitor\RetMonitor\x64\Win7Debug\CL.read.1.tlog
C:\Users\user\documents\visual studio 2012\Projects\RetMonitor\RetMonitor\x64\Win7Debug\CL.write.1.tlog
C:\Users\user\documents\visual studio 2012\Projects\RetMonitor\RetMonitor\x64\Win7Debug\link-cvtres.read.1.tlog
C:\Users\user\documents\visual studio 2012\Projects\RetMonitor\RetMonitor\x64\Win7Debug\link-cvtres.write.1.tlog
C:\Users\user\documents\visual studio 2012\Projects\RetMonitor\RetMonitor\x64\Win7Debug\link.command.1.tlog
C:\Users\user\documents\visual studio 2012\Projects\RetMonitor\RetMonitor\x64\Win7Debug\link.read.1.tlog
C:\Users\user\documents\visual studio 2012\Projects\RetMonitor\RetMonitor\x64\Win7Debug\link.write.1.tlog
C:\Users\user\documents\visual studio 2012\Projects\RetMonitor\RetMonitor\x64\Win7Debug\rc.command.1.tlog
C:\Users\user\documents\visual studio 2012\Projects\RetMonitor\RetMonitor\x64\Win7Debug\rc.read.1.tlog
C:\Users\user\documents\visual studio 2012\Projects\RetMonitor\RetMonitor\x64\Win7Debug\rc.write.1.tlog
C:\Users\user\documents\visual studio 2012\Projects\RetMonitor\RetMonitor\x64\Win7Debug\signtool.command.1.tlog
C:\Users\user\documents\visual studio 2012\Projects\RetMonitor\RetMonitor\x64\Win7Debug\signtool.read.1.tlog
C:\Users\user\documents\visual studio 2012\Projects\RetMonitor\RetMonitor\x64\Win7Debug\signtool.write.1.tlog
C:\Users\user\documents\visual studio 2012\Projects\RetMonitor\RetMonitor\x64\Win7Debug\stampinf.command.1.tlog
C:\Users\user\documents\visual studio 2012\Projects\RetMonitor\RetMonitor\x64\Win7Debug\stampinf.read.1.tlog
C:\Users\user\documents\visual studio 2012\Projects\RetMonitor\RetMonitor\x64\Win7Debug\stampinf.write.1.tlog
C:\Users\user\documents\visual studio 2012\Projects\RetMonitor\RetMonitor\x64\Win7Debug\RetMonitor.res
C:\Users\user\documents\visual studio 2012\Projects\RetMonitor\RetMonitor\x64\Win7Debug\vc110.pdb
C:\Users\user\documents\visual studio 2012\Projects\RetMonitor\x64\Win7Debug\RetMonitor.pdb
C:\Users\user\documents\visual studio 2012\Projects\RetMonitor\x64\Win7Debug\RetMonitor.sys
