C:\USERS\USER\DOCUMENTS\VISUAL STUDIO 2012\PROJECTS\RETMONITOR\RETMONITOR\RETMONITOR\X64\WIN8DEBUG\RETMONITOR.OBJ
C:\USERS\USER\DOCUMENTS\VISUAL STUDIO 2012\PROJECTS\RETMONITOR\RETMONITOR\RETMONITOR\X64\WIN8DEBUG\LIST.OBJ
C:\USERS\USER\DOCUMENTS\VISUAL STUDIO 2012\PROJECTS\RETMONITOR\RETMONITOR\RETMONITOR\X64\WIN8DEBUG\IO.OBJ
C:\USERS\USER\DOCUMENTS\VISUAL STUDIO 2012\PROJECTS\RETMONITOR\RETMONITOR\RETMONITOR\X64\WIN8DEBUG\INTERRUPT.OBJ
C:\USERS\USER\DOCUMENTS\VISUAL STUDIO 2012\PROJECTS\RETMONITOR\RETMONITOR\RETMONITOR\X64\WIN8DEBUG\DEVICE.OBJ
C:\USERS\USER\DOCUMENTS\VISUAL STUDIO 2012\PROJECTS\RETMONITOR\RETMONITOR\RETMONITOR\X64\WIN8DEBUG\DEBUG.OBJ
C:\USERS\USER\DOCUMENTS\VISUAL STUDIO 2012\PROJECTS\RETMONITOR\RETMONITOR\RETMONITOR\X64\WIN8DEBUG\CPUID.OBJ
C:\USERS\USER\DOCUMENTS\VISUAL STUDIO 2012\PROJECTS\RETMONITOR\RETMONITOR\RETMONITOR\X64\WIN8DEBUG\CHECKS.OBJ
C:\USERS\USER\DOCUMENTS\VISUAL STUDIO 2012\PROJECTS\RETMONITOR\RETMONITOR\RETMONITOR\X64\WIN8DEBUG\BTS.OBJ
C:\USERS\USER\DOCUMENTS\VISUAL STUDIO 2012\PROJECTS\RETMONITOR\RETMONITOR\RETMONITOR\X64\WIN8DEBUG\APIC.OBJ
C:\USERS\USER\DOCUMENTS\VISUAL STUDIO 2012\PROJECTS\RETMONITOR\RETMONITOR\RETMONITOR\X64\WIN8DEBUG\UNLOAD.OBJ
C:\USERS\USER\DOCUMENTS\VISUAL STUDIO 2012\PROJECTS\RETMONITOR\RETMONITOR\RETMONITOR\X64\WIN8DEBUG\THREAD.OBJ
C:\USERS\USER\DOCUMENTS\VISUAL STUDIO 2012\PROJECTS\RETMONITOR\RETMONITOR\RETMONITOR\X64\WIN8DEBUG\PEBS.OBJ
C:\USERS\USER\DOCUMENTS\VISUAL STUDIO 2012\PROJECTS\RETMONITOR\RETMONITOR\RETMONITOR\X64\WIN8DEBUG\LBR.OBJ
C:\USERS\USER\DOCUMENTS\VISUAL STUDIO 2012\PROJECTS\RETMONITOR\RETMONITOR\RETMONITOR\X64\WIN8DEBUG\VC110.PDB
C:\USERS\USER\DOCUMENTS\VISUAL STUDIO 2012\PROJECTS\RETMONITOR\RETMONITOR\X64\WIN8DEBUG\RETMONITOR.SYS
C:\USERS\USER\DOCUMENTS\VISUAL STUDIO 2012\PROJECTS\RETMONITOR\RETMONITOR\X64\WIN8DEBUG\RETMONITOR.PDB
C:\USERS\USER\DOCUMENTS\VISUAL STUDIO 2012\PROJECTS\RETMONITOR\RETMONITOR\RETMONITOR\X64\WIN8DEBUG\RETMONITOR.RES
C:\USERS\USER\DOCUMENTS\VISUAL STUDIO 2012\PROJECTS\RETMONITOR\RETMONITOR\RETMONITOR\X64\WIN8DEBUG\RETMONITOR.INF
C:\Users\user\Documents\Visual Studio 2012\Projects\RetMonitor\RetMonitor\x64\Win8Debug\RetMonitor.cer
C:\Users\user\Documents\Visual Studio 2012\Projects\RetMonitor\RetMonitor\x64\Win8Debug\RetMonitor.inf
C:\Users\user\Documents\Visual Studio 2012\Projects\RetMonitor\RetMonitor\RetMonitor\x64\Win8Debug\apic.obj
C:\Users\user\Documents\Visual Studio 2012\Projects\RetMonitor\RetMonitor\RetMonitor\x64\Win8Debug\BTS.obj
C:\Users\user\Documents\Visual Studio 2012\Projects\RetMonitor\RetMonitor\RetMonitor\x64\Win8Debug\checks.obj
C:\Users\user\Documents\Visual Studio 2012\Projects\RetMonitor\RetMonitor\RetMonitor\x64\Win8Debug\cpuid.obj
C:\Users\user\Documents\Visual Studio 2012\Projects\RetMonitor\RetMonitor\RetMonitor\x64\Win8Debug\debug.obj
C:\Users\user\Documents\Visual Studio 2012\Projects\RetMonitor\RetMonitor\RetMonitor\x64\Win8Debug\device.obj
C:\Users\user\Documents\Visual Studio 2012\Projects\RetMonitor\RetMonitor\RetMonitor\x64\Win8Debug\interrupt.obj
C:\Users\user\Documents\Visual Studio 2012\Projects\RetMonitor\RetMonitor\RetMonitor\x64\Win8Debug\IO.obj
C:\Users\user\Documents\Visual Studio 2012\Projects\RetMonitor\RetMonitor\RetMonitor\x64\Win8Debug\lbr.obj
C:\Users\user\Documents\Visual Studio 2012\Projects\RetMonitor\RetMonitor\RetMonitor\x64\Win8Debug\list.obj
C:\Users\user\Documents\Visual Studio 2012\Projects\RetMonitor\RetMonitor\RetMonitor\x64\Win8Debug\pebs.obj
C:\Users\user\Documents\Visual Studio 2012\Projects\RetMonitor\RetMonitor\RetMonitor\x64\Win8Debug\RetMonitor.obj
C:\Users\user\Documents\Visual Studio 2012\Projects\RetMonitor\RetMonitor\RetMonitor\x64\Win8Debug\thread.obj
C:\Users\user\Documents\Visual Studio 2012\Projects\RetMonitor\RetMonitor\RetMonitor\x64\Win8Debug\unload.obj
C:\Users\user\Documents\Visual Studio 2012\Projects\RetMonitor\RetMonitor\RetMonitor\x64\Win8Debug\cl.command.1.tlog
C:\Users\user\Documents\Visual Studio 2012\Projects\RetMonitor\RetMonitor\RetMonitor\x64\Win8Debug\CL.read.1.tlog
C:\Users\user\Documents\Visual Studio 2012\Projects\RetMonitor\RetMonitor\RetMonitor\x64\Win8Debug\CL.write.1.tlog
C:\Users\user\Documents\Visual Studio 2012\Projects\RetMonitor\RetMonitor\RetMonitor\x64\Win8Debug\link-cvtres.read.1.tlog
C:\Users\user\Documents\Visual Studio 2012\Projects\RetMonitor\RetMonitor\RetMonitor\x64\Win8Debug\link-cvtres.write.1.tlog
C:\Users\user\Documents\Visual Studio 2012\Projects\RetMonitor\RetMonitor\RetMonitor\x64\Win8Debug\link.command.1.tlog
C:\Users\user\Documents\Visual Studio 2012\Projects\RetMonitor\RetMonitor\RetMonitor\x64\Win8Debug\link.read.1.tlog
C:\Users\user\Documents\Visual Studio 2012\Projects\RetMonitor\RetMonitor\RetMonitor\x64\Win8Debug\link.write.1.tlog
C:\Users\user\Documents\Visual Studio 2012\Projects\RetMonitor\RetMonitor\RetMonitor\x64\Win8Debug\rc.command.1.tlog
C:\Users\user\Documents\Visual Studio 2012\Projects\RetMonitor\RetMonitor\RetMonitor\x64\Win8Debug\rc.read.1.tlog
C:\Users\user\Documents\Visual Studio 2012\Projects\RetMonitor\RetMonitor\RetMonitor\x64\Win8Debug\rc.write.1.tlog
C:\Users\user\Documents\Visual Studio 2012\Projects\RetMonitor\RetMonitor\RetMonitor\x64\Win8Debug\signtool.command.1.tlog
C:\Users\user\Documents\Visual Studio 2012\Projects\RetMonitor\RetMonitor\RetMonitor\x64\Win8Debug\signtool.read.1.tlog
C:\Users\user\Documents\Visual Studio 2012\Projects\RetMonitor\RetMonitor\RetMonitor\x64\Win8Debug\signtool.write.1.tlog
C:\Users\user\Documents\Visual Studio 2012\Projects\RetMonitor\RetMonitor\RetMonitor\x64\Win8Debug\stampinf.command.1.tlog
C:\Users\user\Documents\Visual Studio 2012\Projects\RetMonitor\RetMonitor\RetMonitor\x64\Win8Debug\stampinf.read.1.tlog
C:\Users\user\Documents\Visual Studio 2012\Projects\RetMonitor\RetMonitor\RetMonitor\x64\Win8Debug\stampinf.write.1.tlog
C:\Users\user\Documents\Visual Studio 2012\Projects\RetMonitor\RetMonitor\RetMonitor\x64\Win8Debug\RetMonitor.res
C:\Users\user\Documents\Visual Studio 2012\Projects\RetMonitor\RetMonitor\RetMonitor\x64\Win8Debug\vc110.pdb
C:\Users\user\Documents\Visual Studio 2012\Projects\RetMonitor\RetMonitor\x64\Win8Debug\RetMonitor.pdb
C:\Users\user\Documents\Visual Studio 2012\Projects\RetMonitor\RetMonitor\x64\Win8Debug\RetMonitor.sys
