From: 0000000077332D25 To: 0x77365a2f Disasm of 1 instr: jz
From: 0000000077332D37 To: 0x7733282d Disasm of 1 instr: jmp
From: 000000007733285D To: 0x7732ec90 Disasm of 1 instr: call
From: 000000007732EC97 To: 0x7732ecab Disasm of 1 instr: jnz
Disasm of 0x7 bytes from 000000007732EC90: 0x48 0x3b 0xd 0x39 0x8e 0xe 0x0
From: 000000007732ECA2 To: 0x7732eca7 Disasm of 1 instr: jnz
From: 000000007732ECA4 Disasm of 1 instr: ret 0x0
From: 000000007733286D Disasm of 1 instr: ret 
From: 00000000773333AB To: 0x7730fe40 Disasm of 1 instr: js
From: 00000000773333BC To: 0x773794f6 Disasm of 1 instr: js
From: 00000000773333C5 To: 0x7730fe73 Disasm of 1 instr: jz
From: 00000000773333D0 To: 0x773331be Disasm of 1 instr: jmp
From: 00000000773331C6 To: 0x77379641 Disasm of 1 instr: js
Disasm of 0x8 bytes from 00000000773331BE: 0x45 0x33 0xff 0x41 0x8b 0xdf 0x85 0xdb
From: 00000000773331CF To: 0x7730fe53 Disasm of 1 instr: jnz
From: 00000000773331E4 To: 0x77332d50 Disasm of 1 instr: call
From: 0000000077332D68 To: 0x77378aa7 Disasm of 1 instr: jz
Disasm of 0x18 bytes from 0000000077332D50: 0x48 0x89 0x5c 0x24 0x10 0x48 0x89 0x6c 0x24 0x18 0x56 0x57 0x41 0x54 0x48 0x83 0xec 0x50 0x49 0x8b 0xd8 0x48 0x85 0xc9
From: 0000000077332D85 To: 0x77332d91 Disasm of 1 instr: jz
From: 0000000077332D8B To: 0x77378ab1 Disasm of 1 instr: jnz
From: 0000000077332D91 To: 0x7732f490 Disasm of 1 instr: call
From: 000000007732F49B To: 0x7732f4b4 Disasm of 1 instr: jb
Disasm of 0xb bytes from 000000007732F490: 0xf 0xb7 0x11 0x48 0x8b 0x41 0x8 0x66 0x83 0xfa 0x2
From: 000000007732F4A4 To: 0x77302cc0 Disasm of 1 instr: jz
From: 000000007732F4AE To: 0x77302cc0 Disasm of 1 instr: jz
From: 000000007732F4B8 To: 0x7732faa8 Disasm of 1 instr: jb
From: 000000007732F4C2 To: 0x7732faa8 Disasm of 1 instr: jz
From: 000000007732F4CD To: 0x7732faa8 Disasm of 1 instr: jnz
From: 000000007732FAAD Disasm of 1 instr: ret 
From: 0000000077332D9D To: 0x7730a8f0 Disasm of 1 instr: jz
From: 0000000077332DA6 To: 0x7730a8f0 Disasm of 1 instr: jz
From: 0000000077332DAF To: 0x7730a8f0 Disasm of 1 instr: jz
From: 0000000077332DBB To: 0x77332dca Disasm of 1 instr: jnz
From: 0000000077332DC4 To: 0x77326c57 Disasm of 1 instr: jnz
From: 0000000077332DE1 Disasm of 1 instr: ret 
From: 00000000773331EB To: 0x773795aa Disasm of 1 instr: js
From: 00000000773331F5 To: 0x7733322b Disasm of 1 instr: jz
From: 0000000077333208 To: 0x77333226 Disasm of 1 instr: jz
From: 0000000077333220 To: 0x77379503 Disasm of 1 instr: jb
From: 000000007733322F To: 0x77379561 Disasm of 1 instr: jnz
From: 0000000077333238 To: 0x77379529 Disasm of 1 instr: jz
From: 0000000077333266 To: 0x77332df0 Disasm of 1 instr: call
From: 0000000077332E48 To: 0x7732d700 Disasm of 1 instr: call
From: 000000007732D707 To: 0x7732d75a Disasm of 1 instr: jb
Disasm of 0x7 bytes from 000000007732D700: 0x48 0x8b 0xc1 0x49 0x83 0xf8 0x8
From: 000000007732D71E To: 0x7732d73e Disasm of 1 instr: jb
From: 000000007732D726 To: 0x7732d72e Disasm of 1 instr: jz
From: 000000007732D73C To: 0x7732d775 Disasm of 1 instr: jnz
Disasm of 0xe bytes from 000000007732D72E: 0x48 0x3 0xc8 0x4d 0x8b 0xc8 0x49 0x83 0xe0 0x3f 0x49 0xc1 0xe9 0x6
From: 000000007732D77C To: 0x7732d7ae Disasm of 1 instr: jnb
Disasm of 0x7 bytes from 000000007732D775: 0x49 0x81 0xf9 0x0 0x1c 0x0 0x0
From: 000000007732D7A4 To: 0x7732d77e Disasm of 1 instr: jnz
From: 000000007732D7A6 To: 0x7732d73e Disasm of 1 instr: jmp
Disasm of 0x28 bytes from 000000007732D77E: 0x48 0x89 0x11 0x48 0x89 0x51 0x8 0x48 0x89 0x51 0x10 0x48 0x83 0xc1 0x40 0x48 0x89 0x51 0xd8 0x48 0x89 0x51 0xe0 0x49 0xff 0xc9 0x48 0x89 0x51 0xe8 0x48 0x89 0x51 0xf0 0x48 0x89 0x51 0xf8 0x75 0xd8
From: 000000007732D749 To: 0x7732d75a Disasm of 1 instr: jz
Disasm of 0xb bytes from 000000007732D73E: 0x4d 0x8b 0xc8 0x49 0x83 0xe0 0x7 0x49 0xc1 0xe9 0x3
From: 000000007732D758 To: 0x7732d74e Disasm of 1 instr: jnz
From: 000000007732D758 To: 0x7732d74e Disasm of 1 instr: jnz
Disasm of 0xa bytes from 000000007732D74E: 0x48 0x89 0x11 0x48 0x83 0xc1 0x8 0x49 0xff 0xc9
From: 000000007732D758 To: 0x7732d74e Disasm of 1 instr: jnz
Disasm of 0xa bytes from 000000007732D74E: 0x48 0x89 0x11 0x48 0x83 0xc1 0x8 0x49 0xff 0xc9
From: 000000007732D758 To: 0x7732d74e Disasm of 1 instr: jnz
Disasm of 0xa bytes from 000000007732D74E: 0x48 0x89 0x11 0x48 0x83 0xc1 0x8 0x49 0xff 0xc9
From: 000000007732D758 To: 0x7732d74e Disasm of 1 instr: jnz
Disasm of 0xa bytes from 000000007732D74E: 0x48 0x89 0x11 0x48 0x83 0xc1 0x8 0x49 0xff 0xc9
From: 000000007732D75D To: 0x7732d769 Disasm of 1 instr: jz
Disasm of 0xf bytes from 000000007732D74E: 0x48 0x89 0x11 0x48 0x83 0xc1 0x8 0x49 0xff 0xc9 0x75 0xf4 0x4d 0x85 0xc0
From: 000000007732D769 Disasm of 1 instr: ret 0x0
From: 0000000077332EE1 To: 0x77332890 Disasm of 1 instr: call
From: 00000000773328BF To: 0x7730a548 Disasm of 1 instr: jz
Disasm of 0x2f bytes from 0000000077332890: 0xff 0xf7 0x41 0x54 0x41 0x55 0x41 0x56 0x48 0x81 0xec 0x98 0x0 0x0 0x0 0x8b 0xf9 0x65 0x48 0x8b 0xc 0x25 0x30 0x0 0x0 0x0 0x4d 0x8b 0xf1 0x48 0x8b 0x41 0x60 0x45 0x8b 0xe0 0x4c 0x8b 0xea 0x48 0x83 0xb8 0xf8 0x2 0x0 0x0 0x0
From: 0000000077332900 To: 0x7736776b Disasm of 1 instr: jz
From: 000000007733290C To: 0x77367759 Disasm of 1 instr: jnz
From: 0000000077332916 To: 0x77328062 Disasm of 1 instr: jz
From: 0000000077332927 To: 0x77367773 Disasm of 1 instr: jz
From: 0000000077332930 To: 0x77367773 Disasm of 1 instr: jb
From: 000000007733293A To: 0x7733294e Disasm of 1 instr: jz
From: 0000000077332948 To: 0x773676f9 Disasm of 1 instr: jnbe
From: 0000000077332952 To: 0x77367720 Disasm of 1 instr: jnz
From: 000000007733295D To: 0x77332a8e Disasm of 1 instr: js
From: 000000007733298A To: 0x7736778d Disasm of 1 instr: jnz
From: 00000000773329AE To: 0x77331c80 Disasm of 1 instr: call
From: 0000000077331CB8 To: 0x77331cbd Disasm of 1 instr: jz
From: 0000000077331CCB To: 0x77331d4b Disasm of 1 instr: jz
Disasm of 0xe bytes from 0000000077331CBD: 0xbd 0x1 0x0 0x0 0x0 0x44 0x8d 0x6d 0x1 0x8b 0x4f 0x14 0x85 0xc9
From: 0000000077331D55 To: 0x77331d61 Disasm of 1 instr: jz
Disasm of 0xa bytes from 0000000077331D4B: 0x49 0x8b 0x86 0xc8 0x2 0x0 0x0 0x48 0x85 0xc0
From: 0000000077331D5B To: 0x772f7560 Disasm of 1 instr: jnz
From: 0000000077331D6D To: 0x77331c57 Disasm of 1 instr: jz
From: 0000000077331D77 To: 0x77331ce8 Disasm of 1 instr: jmp
From: 0000000077331CEB To: 0x77331c24 Disasm of 1 instr: jz
Disasm of 0x3 bytes from 0000000077331CE8: 0x48 0x85 0xf6
From: 0000000077331D04 To: 0x77331d90 Disasm of 1 instr: call
From: 0000000077331DB5 To: 0x77366268 Disasm of 1 instr: jb
Disasm of 0x25 bytes from 0000000077331D90: 0x48 0x89 0x5c 0x24 0x8 0x48 0x89 0x6c 0x24 0x10 0x48 0x89 0x74 0x24 0x18 0x57 0x41 0x54 0x41 0x55 0x41 0x56 0x41 0x57 0x48 0x83 0xec 0x50 0x8b 0x71 0xc 0x48 0x8b 0xd9 0x83 0xfe 0x20
From: 0000000077331DBF To: 0x77366268 Disasm of 1 instr: jb
From: 0000000077331DD5 To: 0x773660a1 Disasm of 1 instr: jnz
From: 0000000077331DE0 To: 0x7730a95d Disasm of 1 instr: jz
From: 0000000077331DEF To: 0x7730a95d Disasm of 1 instr: jz
From: 0000000077331DFC To: 0x7730a95d Disasm of 1 instr: jz
From: 0000000077331E15 To: 0x7736623b Disasm of 1 instr: jnbe
From: 0000000077331E21 To: 0x7736623b Disasm of 1 instr: jb
From: 0000000077331E2A To: 0x7736623b Disasm of 1 instr: jnb
From: 0000000077331E32 To: 0x7736623b Disasm of 1 instr: jnbe
From: 0000000077331E42 To: 0x773661f5 Disasm of 1 instr: jz
From: 0000000077331E4D To: 0x7730a95d Disasm of 1 instr: jb
From: 0000000077331E56 To: 0x773661da Disasm of 1 instr: jnz
From: 0000000077331E7B To: 0x77331f04 Disasm of 1 instr: call
From: 0000000077331F3E To: 0x77342d7e Disasm of 1 instr: jz
From: 0000000077331F47 To: 0x77342d87 Disasm of 1 instr: jbe
From: 0000000077331F52 To: 0x77342d87 Disasm of 1 instr: jz
From: 0000000077331F5B To: 0x77331fa6 Disasm of 1 instr: jnbe
From: 0000000077331F63 To: 0x77306422 Disasm of 1 instr: jz
From: 0000000077331F85 Disasm of 1 instr: call qword ptr [rsp+0x70]
From: 0000000077331C48 To: 0x77331c4e Disasm of 1 instr: jnb
From: 0000000077331C4D Disasm of 1 instr: ret 
From: 0000000077331F8B To: 0x77332878 Disasm of 1 instr: jz
From: 0000000077331F91 To: 0x77306447 Disasm of 1 instr: jns
From: 0000000077331F9D To: 0x77331f9f Disasm of 1 instr: jmp
From: 0000000077331FA2 To: 0x77331f5d Disasm of 1 instr: jbe
Disasm of 0x3 bytes from 0000000077331F9F: 0x48 0x3b 0xdf
From: 0000000077331F63 To: 0x77306422 Disasm of 1 instr: jz
Disasm of 0x6 bytes from 0000000077331F5D: 0x48 0x8b 0xee 0x48 0xd1 0xed
From: 0000000077331F85 Disasm of 1 instr: call qword ptr [rsp+0x70]
From: 0000000077331C48 To: 0x77331c4e Disasm of 1 instr: jnb
From: 0000000077331C56 Disasm of 1 instr: ret 
From: 0000000077331F8B To: 0x77332878 Disasm of 1 instr: jz
From: 0000000077331F91 To: 0x77306447 Disasm of 1 instr: jns
From: 000000007730644E To: 0x77331f9f Disasm of 1 instr: jmp
Disasm of 0x7 bytes from 0000000077306447: 0x4b 0x8d 0x1c 0x2c 0x48 0x8b 0xf5
From: 0000000077331FA2 To: 0x77331f5d Disasm of 1 instr: jbe
Disasm of 0x3 bytes from 0000000077331F9F: 0x48 0x3b 0xdf
From: 0000000077331F63 To: 0x77306422 Disasm of 1 instr: jz
Disasm of 0x6 bytes from 0000000077331F5D: 0x48 0x8b 0xee 0x48 0xd1 0xed
From: 0000000077306428 To: 0x77331fa6 Disasm of 1 instr: jz
Disasm of 0x6 bytes from 0000000077306422: 0x45 0x33 0xe4 0x49 0x3b 0xf4
From: 0000000077306434 Disasm of 1 instr: call qword ptr [rsp+0x70]
From: 0000000077331C48 To: 0x77331c4e Disasm of 1 instr: jnb
From: 0000000077331C4D Disasm of 1 instr: ret 
From: 0000000077306442 To: 0x77331fa8 Disasm of 1 instr: jmp
From: 0000000077331FC6 Disasm of 1 instr: ret 
From: 0000000077331E8B To: 0x7730a95d Disasm of 1 instr: jz
From: 000000007730A962 To: 0x77331edb Disasm of 1 instr: jmp
Disasm of 0x5 bytes from 000000007730A95D: 0xbf 0x1 0x0 0x15 0xc0
From: 0000000077331EFA Disasm of 1 instr: ret 
From: 0000000077331D0B To: 0x7730a967 Disasm of 1 instr: js
From: 000000007730A96C To: 0x77331d36 Disasm of 1 instr: jnz
Disasm of 0x5 bytes from 000000007730A967: 0x3d 0x1 0x0 0x15 0xc0
From: 000000007730A983 To: 0x77331cc6 Disasm of 1 instr: jnz
From: 0000000077331CCB To: 0x77331d4b Disasm of 1 instr: jz
Disasm of 0x5 bytes from 0000000077331CC6: 0x8b 0x4f 0x14 0x85 0xc9
From: 0000000077331CD1 To: 0x77331d61 Disasm of 1 instr: jz
From: 0000000077331CD9 To: 0x77331c57 Disasm of 1 instr: jz
From: 0000000077331C68 To: 0x77331cdf Disasm of 1 instr: jz
Disasm of 0x11 bytes from 0000000077331C57: 0x49 0x8b 0xb7 0x8 0x3 0x0 0x0 0x48 0xc7 0xc3 0xfc 0xff 0xff 0xff 0x48 0x85 0xf6
From: 0000000077331C71 To: 0x77331ce8 Disasm of 1 instr: jmp
From: 0000000077331CEB To: 0x77331c24 Disasm of 1 instr: jz
Disasm of 0x3 bytes from 0000000077331CE8: 0x48 0x85 0xf6
From: 0000000077331D04 To: 0x77331d90 Disasm of 1 instr: call
From: 0000000077331DB5 To: 0x77366268 Disasm of 1 instr: jb
Disasm of 0x25 bytes from 0000000077331D90: 0x48 0x89 0x5c 0x24 0x8 0x48 0x89 0x6c 0x24 0x10 0x48 0x89 0x74 0x24 0x18 0x57 0x41 0x54 0x41 0x55 0x41 0x56 0x41 0x57 0x48 0x83 0xec 0x50 0x8b 0x71 0xc 0x48 0x8b 0xd9 0x83 0xfe 0x20
From: 0000000077331DBF To: 0x77366268 Disasm of 1 instr: jb
From: 0000000077331DD5 To: 0x773660a1 Disasm of 1 instr: jnz
From: 0000000077331DE0 To: 0x7730a95d Disasm of 1 instr: jz
From: 0000000077331DEF To: 0x7730a95d Disasm of 1 instr: jz
From: 0000000077331DFC To: 0x7730a95d Disasm of 1 instr: jz
From: 0000000077331E15 To: 0x7736623b Disasm of 1 instr: jnbe
From: 0000000077331E21 To: 0x7736623b Disasm of 1 instr: jb
From: 0000000077331E2A To: 0x7736623b Disasm of 1 instr: jnb
From: 0000000077331E32 To: 0x7736623b Disasm of 1 instr: jnbe
From: 0000000077331E42 To: 0x773661f5 Disasm of 1 instr: jz
From: 0000000077331E4D To: 0x7730a95d Disasm of 1 instr: jb
From: 0000000077331E56 To: 0x773661da Disasm of 1 instr: jnz
From: 0000000077331E7B To: 0x77331f04 Disasm of 1 instr: call
From: 0000000077331F3E To: 0x77342d7e Disasm of 1 instr: jz
From: 0000000077331F47 To: 0x77342d87 Disasm of 1 instr: jbe
From: 0000000077331F52 To: 0x77342d87 Disasm of 1 instr: jz
From: 0000000077331F5B To: 0x77331fa6 Disasm of 1 instr: jnbe
From: 0000000077331F63 To: 0x77306422 Disasm of 1 instr: jz
From: 0000000077331F85 Disasm of 1 instr: call qword ptr [rsp+0x70]
From: 0000000077331C48 To: 0x77331c4e Disasm of 1 instr: jnb
From: 0000000077331C4D Disasm of 1 instr: ret 
From: 0000000077331F8B To: 0x77332878 Disasm of 1 instr: jz
From: 0000000077331F91 To: 0x77306447 Disasm of 1 instr: jns
From: 0000000077331F9D To: 0x77331f9f Disasm of 1 instr: jmp
From: 0000000077331FA2 To: 0x77331f5d Disasm of 1 instr: jbe
Disasm of 0x3 bytes from 0000000077331F9F: 0x48 0x3b 0xdf
From: 0000000077331F63 To: 0x77306422 Disasm of 1 instr: jz
Disasm of 0x6 bytes from 0000000077331F5D: 0x48 0x8b 0xee 0x48 0xd1 0xed
From: 0000000077331F85 Disasm of 1 instr: call qword ptr [rsp+0x70]
From: 0000000077331C48 To: 0x77331c4e Disasm of 1 instr: jnb
From: 0000000077331C56 Disasm of 1 instr: ret 
From: 0000000077331F8B To: 0x77332878 Disasm of 1 instr: jz
From: 000000007733287B To: 0x77331fa8 Disasm of 1 instr: jmp
Disasm of 0x3 bytes from 0000000077332878: 0x49 0x8b 0xc4
From: 0000000077331FC6 Disasm of 1 instr: ret 
From: 0000000077331E8B To: 0x7730a95d Disasm of 1 instr: jz
From: 0000000077331E98 To: 0x7730a95d Disasm of 1 instr: jz
From: 0000000077331EA7 To: 0x77366218 Disasm of 1 instr: jnbe
From: 0000000077331EB3 To: 0x77366218 Disasm of 1 instr: jb
From: 0000000077331EBC To: 0x77366218 Disasm of 1 instr: jnb
From: 0000000077331EC4 To: 0x77366218 Disasm of 1 instr: jnbe
From: 0000000077331EFA Disasm of 1 instr: ret 
From: 0000000077331D0B To: 0x7730a967 Disasm of 1 instr: js
From: 0000000077331D15 To: 0x77333aa4 Disasm of 1 instr: jnz
From: 0000000077331D26 To: 0x77331d34 Disasm of 1 instr: jz
From: 0000000077331D2C To: 0x77331d30 Disasm of 1 instr: jnz
From: 0000000077331D4A Disasm of 1 instr: ret 
From: 00000000773329B5 To: 0x7736777d Disasm of 1 instr: js
From: 00000000773329C9 To: 0x77332a8e Disasm of 1 instr: js
From: 00000000773329D2 To: 0x77367804 Disasm of 1 instr: jb
From: 00000000773329E5 To: 0x77367809 Disasm of 1 instr: jnz
From: 0000000077332A14 To: 0x77332ad0 Disasm of 1 instr: call
From: 0000000077332B0A To: 0x77363820 Disasm of 1 instr: jz
From: 0000000077332B22 To: 0x77363830 Disasm of 1 instr: jnz
From: 0000000077332B2C To: 0x7736383a Disasm of 1 instr: jz
From: 0000000077332B60 To: 0x77363844 Disasm of 1 instr: jz
From: 0000000077332B70 To: 0x77332c03 Disasm of 1 instr: jz
From: 0000000077332B79 To: 0x773638c2 Disasm of 1 instr: jz
From: 0000000077332B82 To: 0x773638c2 Disasm of 1 instr: jz
From: 0000000077332B92 To: 0x773638b0 Disasm of 1 instr: jnbe
From: 0000000077332BA9 To: 0x7736388a Disasm of 1 instr: jz
From: 0000000077332BB2 To: 0x77332beb Disasm of 1 instr: jz
From: 0000000077332BCF To: 0x7730536b Disasm of 1 instr: jnb
From: 0000000077305370 To: 0x77363857 Disasm of 1 instr: jnbe
Disasm of 0x5 bytes from 000000007730536B: 0x66 0x41 0x83 0xfa 0x7a
From: 000000007730537D To: 0x77332bd9 Disasm of 1 instr: jmp
From: 0000000077332BE6 To: 0x77332bbf Disasm of 1 instr: jnz
Disasm of 0xd bytes from 0000000077332BD9: 0x45 0x69 0xc0 0x3f 0x0 0x1 0x0 0x44 0x3 0xc0 0x45 0x85 0xc9
From: 0000000077332BCF To: 0x7730536b Disasm of 1 instr: jnb
Disasm of 0x10 bytes from 0000000077332BBF: 0x45 0xf 0xb7 0x13 0x41 0xff 0xc9 0x49 0x83 0xc3 0x2 0x66 0x41 0x83 0xfa 0x61
From: 0000000077305370 To: 0x77363857 Disasm of 1 instr: jnbe
Disasm of 0x5 bytes from 000000007730536B: 0x66 0x41 0x83 0xfa 0x7a
From: 000000007730537D To: 0x77332bd9 Disasm of 1 instr: jmp
From: 0000000077332BE6 To: 0x77332bbf Disasm of 1 instr: jnz
Disasm of 0xd bytes from 0000000077332BD9: 0x45 0x69 0xc0 0x3f 0x0 0x1 0x0 0x44 0x3 0xc0 0x45 0x85 0xc9
From: 0000000077332BCF To: 0x7730536b Disasm of 1 instr: jnb
Disasm of 0x10 bytes from 0000000077332BBF: 0x45 0xf 0xb7 0x13 0x41 0xff 0xc9 0x49 0x83 0xc3 0x2 0x66 0x41 0x83 0xfa 0x61
From: 0000000077305370 To: 0x77363857 Disasm of 1 instr: jnbe
Disasm of 0x5 bytes from 000000007730536B: 0x66 0x41 0x83 0xfa 0x7a
From: 000000007730537D To: 0x77332bd9 Disasm of 1 instr: jmp
From: 0000000077332BE6 To: 0x77332bbf Disasm of 1 instr: jnz
Disasm of 0xd bytes from 0000000077332BD9: 0x45 0x69 0xc0 0x3f 0x0 0x1 0x0 0x44 0x3 0xc0 0x45 0x85 0xc9
From: 0000000077332BCF To: 0x7730536b Disasm of 1 instr: jnb
Disasm of 0x10 bytes from 0000000077332BBF: 0x45 0xf 0xb7 0x13 0x41 0xff 0xc9 0x49 0x83 0xc3 0x2 0x66 0x41 0x83 0xfa 0x61
From: 0000000077305370 To: 0x77363857 Disasm of 1 instr: jnbe
Disasm of 0x5 bytes from 000000007730536B: 0x66 0x41 0x83 0xfa 0x7a
From: 000000007730537D To: 0x77332bd9 Disasm of 1 instr: jmp
From: 0000000077332BE6 To: 0x77332bbf Disasm of 1 instr: jnz
Disasm of 0xd bytes from 0000000077332BD9: 0x45 0x69 0xc0 0x3f 0x0 0x1 0x0 0x44 0x3 0xc0 0x45 0x85 0xc9
From: 0000000077332BCF To: 0x7730536b Disasm of 1 instr: jnb
Disasm of 0x10 bytes from 0000000077332BBF: 0x45 0xf 0xb7 0x13 0x41 0xff 0xc9 0x49 0x83 0xc3 0x2 0x66 0x41 0x83 0xfa 0x61
From: 0000000077305370 To: 0x77363857 Disasm of 1 instr: jnbe
Disasm of 0x5 bytes from 000000007730536B: 0x66 0x41 0x83 0xfa 0x7a
From: 000000007730537D To: 0x77332bd9 Disasm of 1 instr: jmp
From: 0000000077332BE6 To: 0x77332bbf Disasm of 1 instr: jnz
Disasm of 0xd bytes from 0000000077332BD9: 0x45 0x69 0xc0 0x3f 0x0 0x1 0x0 0x44 0x3 0xc0 0x45 0x85 0xc9
From: 0000000077332BCF To: 0x7730536b Disasm of 1 instr: jnb
Disasm of 0x10 bytes from 0000000077332BBF: 0x45 0xf 0xb7 0x13 0x41 0xff 0xc9 0x49 0x83 0xc3 0x2 0x66 0x41 0x83 0xfa 0x61
From: 0000000077305370 To: 0x77363857 Disasm of 1 instr: jnbe
Disasm of 0x5 bytes from 000000007730536B: 0x66 0x41 0x83 0xfa 0x7a
From: 000000007730537D To: 0x77332bd9 Disasm of 1 instr: jmp
From: 0000000077332BE6 To: 0x77332bbf Disasm of 1 instr: jnz
Disasm of 0xd bytes from 0000000077332BD9: 0x45 0x69 0xc0 0x3f 0x0 0x1 0x0 0x44 0x3 0xc0 0x45 0x85 0xc9
From: 0000000077332BCF To: 0x7730536b Disasm of 1 instr: jnb
Disasm of 0x10 bytes from 0000000077332BBF: 0x45 0xf 0xb7 0x13 0x41 0xff 0xc9 0x49 0x83 0xc3 0x2 0x66 0x41 0x83 0xfa 0x61
From: 0000000077305370 To: 0x77363857 Disasm of 1 instr: jnbe
Disasm of 0x5 bytes from 000000007730536B: 0x66 0x41 0x83 0xfa 0x7a
From: 000000007730537D To: 0x77332bd9 Disasm of 1 instr: jmp
From: 0000000077332BE6 To: 0x77332bbf Disasm of 1 instr: jnz
Disasm of 0xd bytes from 0000000077332BD9: 0x45 0x69 0xc0 0x3f 0x0 0x1 0x0 0x44 0x3 0xc0 0x45 0x85 0xc9
From: 0000000077332BCF To: 0x7730536b Disasm of 1 instr: jnb
Disasm of 0x10 bytes from 0000000077332BBF: 0x45 0xf 0xb7 0x13 0x41 0xff 0xc9 0x49 0x83 0xc3 0x2 0x66 0x41 0x83 0xfa 0x61
From: 0000000077332BE6 To: 0x77332bbf Disasm of 1 instr: jnz
From: 0000000077332BCF To: 0x7730536b Disasm of 1 instr: jnb
Disasm of 0x10 bytes from 0000000077332BBF: 0x45 0xf 0xb7 0x13 0x41 0xff 0xc9 0x49 0x83 0xc3 0x2 0x66 0x41 0x83 0xfa 0x61
From: 0000000077305370 To: 0x77363857 Disasm of 1 instr: jnbe
Disasm of 0x5 bytes from 000000007730536B: 0x66 0x41 0x83 0xfa 0x7a
From: 000000007730537D To: 0x77332bd9 Disasm of 1 instr: jmp
From: 0000000077332BE6 To: 0x77332bbf Disasm of 1 instr: jnz
Disasm of 0xd bytes from 0000000077332BD9: 0x45 0x69 0xc0 0x3f 0x0 0x1 0x0 0x44 0x3 0xc0 0x45 0x85 0xc9
From: 0000000077332BCF To: 0x7730536b Disasm of 1 instr: jnb
Disasm of 0x10 bytes from 0000000077332BBF: 0x45 0xf 0xb7 0x13 0x41 0xff 0xc9 0x49 0x83 0xc3 0x2 0x66 0x41 0x83 0xfa 0x61
From: 0000000077305370 To: 0x77363857 Disasm of 1 instr: jnbe
Disasm of 0x5 bytes from 000000007730536B: 0x66 0x41 0x83 0xfa 0x7a
From: 000000007730537D To: 0x77332bd9 Disasm of 1 instr: jmp
From: 0000000077332BE6 To: 0x77332bbf Disasm of 1 instr: jnz
Disasm of 0xd bytes from 0000000077332BD9: 0x45 0x69 0xc0 0x3f 0x0 0x1 0x0 0x44 0x3 0xc0 0x45 0x85 0xc9
From: 0000000077332BCF To: 0x7730536b Disasm of 1 instr: jnb
Disasm of 0x10 bytes from 0000000077332BBF: 0x45 0xf 0xb7 0x13 0x41 0xff 0xc9 0x49 0x83 0xc3 0x2 0x66 0x41 0x83 0xfa 0x61
From: 0000000077305370 To: 0x77363857 Disasm of 1 instr: jnbe
Disasm of 0x5 bytes from 000000007730536B: 0x66 0x41 0x83 0xfa 0x7a
From: 000000007730537D To: 0x77332bd9 Disasm of 1 instr: jmp
From: 0000000077332BE6 To: 0x77332bbf Disasm of 1 instr: jnz
Disasm of 0xd bytes from 0000000077332BD9: 0x45 0x69 0xc0 0x3f 0x0 0x1 0x0 0x44 0x3 0xc0 0x45 0x85 0xc9
From: 0000000077332BFB To: 0x773638cc Disasm of 1 instr: js
From: 0000000077332C08 To: 0x77363925 Disasm of 1 instr: jnz
From: 0000000077332C14 To: 0x77332c85 Disasm of 1 instr: jz
From: 0000000077332C19 To: 0x77332c85 Disasm of 1 instr: jz
From: 0000000077332C40 To: 0x77332cdf Disasm of 1 instr: jz
From: 0000000077332C5D To: 0x77363981 Disasm of 1 instr: jnbe
From: 0000000077332C6A To: 0x7732801b Disasm of 1 instr: jz
From: 0000000077332C73 To: 0x7732801b Disasm of 1 instr: jz
From: 0000000077332C81 To: 0x77332c57 Disasm of 1 instr: jb
From: 0000000077332C5D To: 0x77363981 Disasm of 1 instr: jnbe
Disasm of 0x6 bytes from 0000000077332C57: 0x48 0x63 0x3 0x49 0x3b 0xc1
From: 0000000077332C6A To: 0x7732801b Disasm of 1 instr: jz
From: 0000000077332C73 To: 0x7732801b Disasm of 1 instr: jz
From: 0000000077332C81 To: 0x77332c57 Disasm of 1 instr: jb
From: 0000000077332C5D To: 0x77363981 Disasm of 1 instr: jnbe
Disasm of 0x6 bytes from 0000000077332C57: 0x48 0x63 0x3 0x49 0x3b 0xc1
From: 0000000077332C6A To: 0x7732801b Disasm of 1 instr: jz
From: 0000000077332C73 To: 0x7732801b Disasm of 1 instr: jz
From: 0000000077332C81 To: 0x77332c57 Disasm of 1 instr: jb
From: 0000000077332C5D To: 0x77363981 Disasm of 1 instr: jnbe
Disasm of 0x6 bytes from 0000000077332C57: 0x48 0x63 0x3 0x49 0x3b 0xc1
From: 0000000077332C6A To: 0x7732801b Disasm of 1 instr: jz
From: 0000000077332C73 To: 0x7732801b Disasm of 1 instr: jz
From: 0000000077332C81 To: 0x77332c57 Disasm of 1 instr: jb
From: 0000000077332C83 To: 0x77332cdf Disasm of 1 instr: jmp
Disasm of 0x2c bytes from 0000000077332C57: 0x48 0x63 0x3 0x49 0x3b 0xc1 0xf 0x87 0x1e 0xd 0x3 0x0 0x4a 0x8d 0x34 0x28 0x45 0x84 0xd2 0xf 0x84 0xab 0x53 0xff 0xff 0x44 0x39 0x26 0xf 0x84 0xa2 0x53 0xff 0xff 0xff 0xc7 0x48 0x83 0xc3 0x4 0x3b 0xfd 0x72 0xd4
From: 0000000077332D13 Disasm of 1 instr: ret 
From: 0000000077332A1B To: 0x77327e3d Disasm of 1 instr: jns
From: 0000000077332A26 To: 0x7736782b Disasm of 1 instr: jnz
From: 0000000077332A34 To: 0x773677e9 Disasm of 1 instr: jb
From: 0000000077332A42 To: 0x773677e9 Disasm of 1 instr: jnz
From: 0000000077332A61 To: 0x77331c80 Disasm of 1 instr: call
From: 0000000077331CB8 To: 0x77331cbd Disasm of 1 instr: jz
From: 0000000077331CCB To: 0x77331d4b Disasm of 1 instr: jz
Disasm of 0xe bytes from 0000000077331CBD: 0xbd 0x1 0x0 0x0 0x0 0x44 0x8d 0x6d 0x1 0x8b 0x4f 0x14 0x85 0xc9
From: 0000000077331CD1 To: 0x77331d61 Disasm of 1 instr: jz
From: 0000000077331CD9 To: 0x77331c57 Disasm of 1 instr: jz
From: 0000000077331CE2 To: 0x77366c30 Disasm of 1 instr: jnbe
From: 0000000077331CEB To: 0x77331c24 Disasm of 1 instr: jz
From: 0000000077331C29 To: 0x77331d36 Disasm of 1 instr: jmp
Disasm of 0x5 bytes from 0000000077331C24: 0xb8 0x1 0x0 0x15 0xc0
From: 0000000077331D4A Disasm of 1 instr: ret 
From: 0000000077332A68 To: 0x77333ab5 Disasm of 1 instr: jns
From: 0000000077332A7B To: 0x77333ad9 Disasm of 1 instr: jns
From: 0000000077332A87 To: 0x77332a8e Disasm of 1 instr: jnz
From: 0000000077332ABE Disasm of 1 instr: ret 
From: 0000000077332EE8 To: 0x77326df3 Disasm of 1 instr: jns
From: 0000000077332EF3 To: 0x77323ded Disasm of 1 instr: jz
From: 0000000077332F26 To: 0x7737942f Disasm of 1 instr: jz
From: 0000000077332F34 To: 0x77379413 Disasm of 1 instr: jnz
From: 0000000077332F65 To: 0x77332f6b Disasm of 1 instr: jz
From: 0000000077332F76 To: 0x772e199e Disasm of 1 instr: jnz
Disasm of 0xb bytes from 0000000077332F6B: 0xf 0xb7 0x84 0x24 0x8 0x1 0x0 0x0 0x48 0x85 0xff
From: 0000000077332F89 To: 0x7732ec90 Disasm of 1 instr: call
From: 000000007732EC97 To: 0x7732ecab Disasm of 1 instr: jnz
Disasm of 0x7 bytes from 000000007732EC90: 0x48 0x3b 0xd 0x39 0x8e 0xe 0x0
From: 000000007732ECA2 To: 0x7732eca7 Disasm of 1 instr: jnz
From: 000000007732ECA4 Disasm of 1 instr: ret 0x0
From: 0000000077332F99 Disasm of 1 instr: ret 
From: 000000007733326D To: 0x77327f3c Disasm of 1 instr: jns
From: 00000000773332A9 To: 0x773332f3 Disasm of 1 instr: jns
From: 00000000773332B3 To: 0x773332e0 Disasm of 1 instr: jz
From: 00000000773332C0 To: 0x773332d0 Disasm of 1 instr: jz
From: 00000000773332CA To: 0x773795bf Disasm of 1 instr: jnz
From: 00000000773332DB To: 0x773332e0 Disasm of 1 instr: jz
From: 00000000773332EE To: 0x7732d700 Disasm of 1 instr: call
Disasm of 0xe bytes from 00000000773332E0: 0x33 0xd2 0x48 0x8d 0x8c 0x24 0xc0 0x0 0x0 0x0 0x44 0x8d 0x42 0x68
From: 000000007732D707 To: 0x7732d75a Disasm of 1 instr: jb
Disasm of 0x7 bytes from 000000007732D700: 0x48 0x8b 0xc1 0x49 0x83 0xf8 0x8
From: 000000007732D71E To: 0x7732d73e Disasm of 1 instr: jb
From: 000000007732D726 To: 0x7732d72e Disasm of 1 instr: jz
From: 000000007732D73C To: 0x7732d775 Disasm of 1 instr: jnz
Disasm of 0xe bytes from 000000007732D72E: 0x48 0x3 0xc8 0x4d 0x8b 0xc8 0x49 0x83 0xe0 0x3f 0x49 0xc1 0xe9 0x6
From: 000000007732D77C To: 0x7732d7ae Disasm of 1 instr: jnb
Disasm of 0x7 bytes from 000000007732D775: 0x49 0x81 0xf9 0x0 0x1c 0x0 0x0
From: 000000007732D7A4 To: 0x7732d77e Disasm of 1 instr: jnz
From: 000000007732D7A6 To: 0x7732d73e Disasm of 1 instr: jmp
Disasm of 0x28 bytes from 000000007732D77E: 0x48 0x89 0x11 0x48 0x89 0x51 0x8 0x48 0x89 0x51 0x10 0x48 0x83 0xc1 0x40 0x48 0x89 0x51 0xd8 0x48 0x89 0x51 0xe0 0x49 0xff 0xc9 0x48 0x89 0x51 0xe8 0x48 0x89 0x51 0xf0 0x48 0x89 0x51 0xf8 0x75 0xd8
From: 000000007732D749 To: 0x7732d75a Disasm of 1 instr: jz
Disasm of 0xb bytes from 000000007732D73E: 0x4d 0x8b 0xc8 0x49 0x83 0xe0 0x7 0x49 0xc1 0xe9 0x3
From: 000000007732D758 To: 0x7732d74e Disasm of 1 instr: jnz
From: 000000007732D758 To: 0x7732d74e Disasm of 1 instr: jnz
Disasm of 0xa bytes from 000000007732D74E: 0x48 0x89 0x11 0x48 0x83 0xc1 0x8 0x49 0xff 0xc9
From: 000000007732D758 To: 0x7732d74e Disasm of 1 instr: jnz
Disasm of 0xa bytes from 000000007732D74E: 0x48 0x89 0x11 0x48 0x83 0xc1 0x8 0x49 0xff 0xc9
From: 000000007732D758 To: 0x7732d74e Disasm of 1 instr: jnz
Disasm of 0xa bytes from 000000007732D74E: 0x48 0x89 0x11 0x48 0x83 0xc1 0x8 0x49 0xff 0xc9
From: 000000007732D758 To: 0x7732d74e Disasm of 1 instr: jnz
Disasm of 0xa bytes from 000000007732D74E: 0x48 0x89 0x11 0x48 0x83 0xc1 0x8 0x49 0xff 0xc9
From: 000000007732D75D To: 0x7732d769 Disasm of 1 instr: jz
Disasm of 0xf bytes from 000000007732D74E: 0x48 0x89 0x11 0x48 0x83 0xc1 0x8 0x49 0xff 0xc9 0x75 0xf4 0x4d 0x85 0xc0
From: 000000007732D769 Disasm of 1 instr: ret 0x0
From: 00000000773332FB To: 0x773795da Disasm of 1 instr: jnz
From: 000000007733330C To: 0x7733333c Disasm of 1 instr: jz
From: 0000000077333316 To: 0x773795f2 Disasm of 1 instr: jnz
From: 000000007733334F To: 0x77333354 Disasm of 1 instr: jz
From: 0000000077333362 To: 0x77379607 Disasm of 1 instr: jz
Disasm of 0xe bytes from 0000000077333354: 0xf 0xb7 0x84 0x24 0x58 0x1 0x0 0x0 0x81 0xfb 0x1 0x0 0x15 0xc0
From: 0000000077333375 To: 0x7732ec90 Disasm of 1 instr: call
From: 000000007732EC97 To: 0x7732ecab Disasm of 1 instr: jnz
Disasm of 0x7 bytes from 000000007732EC90: 0x48 0x3b 0xd 0x39 0x8e 0xe 0x0
From: 000000007732ECA2 To: 0x7732eca7 Disasm of 1 instr: jnz
From: 000000007732ECA4 Disasm of 1 instr: ret 0x0
From: 0000000077333383 Disasm of 1 instr: ret 
