GetStateVersion , 976696
SetStateVersion , 976580
ResetState , 976476
PublishStateChangeNotification , 976304
GetRoamingLastObservedChangeTime , 976136
SetRoamingLastObservedChangeTime , 975968
OverrideRoamingDataModificationTimesInRange , 975776
GetStateContainerDepth , 975648
WriteStateContainerValue , 975264
DeleteStateContainer , 975048
QueryStateContainerItemInfo , 974896
OpenStateAtom , 974768
CreateStateAtom , 974604
CloseStateAtom , 974496
ReadStateAtomValue , 974128
WriteStateAtomValue , 973840
DeleteStateAtomValue , 973640
QueryStateAtomValueInfo , 973500
GetSerializedAtomBytes , 973312
CommitStateAtom , 973096
EnumerateStateAtomValues , 972908
PackageFullNameFromId , 971504
PackageNameAndPublisherIdFromFamilyName , 971096
GetPackageId , 970944
AppXLookupDisplayName , 969008
AppXLookupMoniker , 968892
AppXGetOSMinVersion , 968744
WerpGetDebugger , 956072
WerpLaunchAeDebug , 954740
VDMConsoleOperation , 949296
InvalidateConsoleDIBits , 949216
GetNumberOfConsoleFonts , 949140
GetConsoleSelectionInfo , 949048
GetNumberOfConsoleMouseButtons , 948960
GetConsoleFontInfo , 948812
GetConsoleFontSize , 948732
GetCurrentConsoleFont , 948624
SetCurrentConsoleFontEx , 948468
SetConsoleFont , 948392
SetConsoleIcon , 948312
GetConsoleKeyboardLayoutNameA , 948116
GetConsoleKeyboardLayoutNameW , 948100
GetConsoleProcessList , 947968
GetConsoleHistoryInfo , 947852
SetConsoleHistoryInfo , 947744
GetConsoleNlsMode , 947652
SetConsoleNlsMode , 947576
GetConsoleCharType , 947488
SetConsoleLocalEUDC , 947316
SetConsoleCursorMode , 947224
GetConsoleCursorMode , 947116
RegisterConsoleOS2 , 947032
SetConsoleOS2OemFormat , 946948
RegisterConsoleIME , 946920
SetConsoleDisplayMode , 946920
UnregisterConsoleIME , 946920
GetConsoleDisplayMode , 946840
SetConsoleCursor , 946760
ShowConsoleCursor , 946704
ConsoleMenuControl , 946620
RegisterConsoleVDM , 946468
GetConsoleHardwareState , 946360
SetConsoleHardwareState , 946276
SetConsoleKeyShortcuts , 946144
SetConsoleMenuClose , 946060
SetConsolePalette , 945972
WriteConsoleInputVDMA , 945844
WriteConsoleInputVDMW , 945716
OpenConsoleW , 945640
GetConsoleInputWaitHandle , 945616
CloseConsoleHandle , 945600
DuplicateConsoleHandle , 945536
AddConsoleAliasW , 945120
AddConsoleAliasA , 945024
GetConsoleAliasW , 944720
GetConsoleAliasA , 944660
GetConsoleAliasesLengthW , 944512
GetConsoleAliasesLengthA , 944500
GetConsoleAliasExesLengthW , 944408
GetConsoleAliasExesLengthA , 944396
GetConsoleAliasesW , 944232
GetConsoleAliasesA , 944220
GetConsoleAliasExesW , 944092
GetConsoleAliasExesA , 944080
ExpungeConsoleCommandHistoryW , 943956
ExpungeConsoleCommandHistoryA , 943944
SetConsoleNumberOfCommandsW , 943776
SetConsoleNumberOfCommandsA , 943760
GetConsoleCommandHistoryLengthW , 943600
GetConsoleCommandHistoryLengthA , 943588
GetConsoleCommandHistoryW , 943412
GetConsoleCommandHistoryA , 943400
GetConsoleOriginalTitleA , 943264
GetConsoleOriginalTitleW , 943248
GetConsoleTitleA , 943232
SetConsoleTitleA , 943060
DeleteVolumeMountPointW , 939744
BasepMapModuleHandle , 937716
BasepFreeActivationContextActivationBlock , 937644
BasepAllocateActivationContextActivationBlock , 937160
BaseFormatTimeOut , 937128
BasepAnsiStringToDynamicUnicodeString , 937032
LZDone , 928196
UTUnRegister , 928196
EnumSystemGeoID , 907228
SetUserGeoID , 906532
NotifyUILanguageChange , 891524
GetDurationFormat , 886320
SetLocaleInfoA , 884760
GetCalendarInfoA , 884224
SetCalendarInfoA , 884000
GetTimeFormatAWorker , 883468
GetCurrencyFormatA , 882560
EnumCalendarInfoA , 882424
EnumCalendarInfoExA , 882284
EnumTimeFormatsA , 882184
EnumDateFormatsA , 882100
EnumDateFormatsExA , 882012
FoldStringA , 881420
EnumSystemLanguageGroupsA , 881396
EnumLanguageGroupLocalesA , 881376
EnumUILanguagesA , 881344
EnumSystemCodePagesA , 881328
GetGeoInfoA , 881124
GetCalendarDaysInMonth , 880916
GetCalendarMonthsInYear , 880748
IsCalendarLeapYear , 880576
IsCalendarLeapMonth , 880388
IsCalendarLeapDay , 880180
GetCalendarWeekNumber , 879944
AdjustCalendarDate , 879368
ConvertCalDateTimeToSystemTime , 878740
ConvertNLSDayOfWeekToWin32DayOfWeek , 878692
CompareCalendarDates , 878528
GetCalendarDifferenceInDays , 878208
GetCalendarDateFormat , 878072
BeginUpdateResourceW , 876024
BeginUpdateResourceA , 875936
UpdateResourceW , 875392
UpdateResourceA , 875012
EndUpdateResourceA , 875000
EndUpdateResourceW , 874416
EnableThreadProfiling , 852036
DisableThreadProfiling , 851988
QueryThreadProfiling , 851940
ReadThreadProfilingData , 851892
InitializeContext , 851696
CopyContext , 851644
GetEnabledXStateFeatures , 851616
LocateXStateFeature , 851424
GetXStateFeaturesMask , 851244
SetXStateFeaturesMask , 851052
RaiseFailFastException , 850268
BindIoCompletionCallback , 850224
SetTimerQueueTimer , 850144
CancelTimerQueueTimer , 850100
GetProcessWorkingSetSize , 850072
AllocateUserPhysicalPages , 850028
AllocateUserPhysicalPagesNuma , 849848
FreeUserPhysicalPages , 849804
MapUserPhysicalPages , 849760
MapUserPhysicalPagesScatter , 849716
RegisterBadMemoryNotification , 849600
UnregisterBadMemoryNotification , 849556
GetMemoryErrorHandlingCapabilities , 849296
SetEnvironmentStringsA , 849088
WerpCleanupMessageMapping , 849016
WerpNotifyLoadStringResourceWorker , 849004
WerpNotifyLoadStringResourceEx , 848972
WerpStringLookup , 848872
ApplicationRecoveryFinished , 848860
ApplicationRecoveryInProgress , 848848
WerpInitiateRemoteRecovery , 848820
WerUnregisterRuntimeExceptionModuleWorker , 848808
BaseGenerateAppCompatData , 848688
BaseCleanupAppcompatCacheSupportWorker , 848640
BaseCheckAppcompatCacheWorker , 847852
BaseDumpAppcompatCacheWorker , 847828
BaseFlushAppcompatCacheWorker , 847796
BaseUpdateAppcompatCacheWorker , 847772
SetComPlusPackageInstallStatus , 847696
GetComPlusPackageInstallStatus , 847628
BaseQueryModuleData , 846992
FindActCtxSectionStringA , 846636
ZombifyActCtxWorker , 846080
CreateHardLinkTransactedA , 845920
CreateHardLinkTransactedW , 845728
CreateHardLinkA , 845580
CreateJobObjectA , 845480
OpenJobObjectA , 845364
OpenJobObjectW , 845192
CreateJobSet , 845148
SetTapePosition , 844820
GetTapePosition , 844688
PrepareTape , 844632
EraseTape , 844576
CreateTapePartition , 844488
WriteTapemark , 844400
GetTapeParameters , 844308
SetTapeParameters , 844236
GetTapeStatus , 844192
BuildCommDCBAndTimeoutsW , 844080
BuildCommDCBAndTimeoutsA , 844036
BuildCommDCBW , 843936
BuildCommDCBA , 843888
CreateUmsCompletionList , 840180
DequeueUmsCompletionListItems , 840100
GetUmsCompletionListEvent , 840056
ExecuteUmsThread , 840012
UmsThreadYield , 839968
DeleteUmsCompletionList , 839924
GetCurrentUmsThread , 839876
GetNextUmsListItem , 839828
QueryUmsThreadInformation , 839776
SetUmsThreadInformation , 839732
DeleteUmsThreadContext , 839688
CreateUmsThreadContext , 839644
EnterUmsSchedulingMode , 839600
GetUmsSystemThreadInformation , 839480
SetVolumeMountPointW , 838128
FindFirstVolumeA , 837768
FindNextVolumeA , 837412
FindFirstVolumeMountPointA , 836992
FindFirstVolumeMountPointW , 835144
FindNextVolumeMountPointA , 834784
FindNextVolumeMountPointW , 834308
FindVolumeMountPointClose , 834208
GetVolumeNameForVolumeMountPointA , 833808
SetVolumeMountPointA , 833692
DeleteVolumeMountPointA , 833104
GetVolumePathNameA , 832704
GetVolumePathNamesForVolumeNameA , 832260
GetBinaryType , 828560
GetBinaryTypeA , 828560
VDMOperationStarted , 828536
GetNextVDMCommand , 826108
ExitVDM , 825964
SetVDMCurrentDirectories , 825616
GetVDMCurrentDirectories , 825188
RegisterWowExec , 825092
BaseUpdateVDMEntry , 824220
GetShortPathNameA , 823632
BaseDestroyVDMEnvironment , 823576
GetLongPathNameTransactedA , 823260
GetLongPathNameTransactedW , 823084
CommConfigDialogW , 821128
CommConfigDialogA , 820984
GetDefaultCommConfigW , 820584
GetDefaultCommConfigA , 820440
SetDefaultCommConfigW , 820016
SetDefaultCommConfigA , 819872
LZInit , 819436
GetExpandedNameA , 819220
GetExpandedNameW , 818924
LZCreateFileW , 818628
LZOpenFileA , 818400
LZOpenFileW , 818224
LZSeek , 818040
LZRead , 817436
LZCloseFile , 817264
LZClose , 817100
Heap32ListFirst , 816380
Heap32ListNext , 816152
Heap32First , 815540
Heap32Next , 814904
Toolhelp32ReadProcessMemory , 814784
Process32First , 814544
Process32Next , 814304
Module32First , 814004
Module32Next , 813720
timeGetSystemTime , 813664
Wow64GetThreadContext , 813620
Wow64SetThreadContext , 813576
Wow64SuspendThread , 813528
GetThreadIOPendingFlag , 813444
TermsrvConvertSysRootToUserDir , 813416
TermsrvSyncUserIniFileExt , 813392
TermsrvGetWindowsDirectoryA , 812864
SetTermsrvAppInstallMode , 812580
TermsrvRestoreKey , 808824
OpenSemaphoreA , 808068
OpenWaitableTimerA , 807968
CheckForReadOnlyResource , 807616
CreatePrivateNamespaceA , 807500
OpenPrivateNamespaceA , 807412
CreateBoundaryDescriptorA , 807324
AddIntegrityLabelToBoundaryDescriptor , 807280
AreFileApisANSI , 807248
CopyFile2 , 807232
MoveFileWithProgressW , 807200
CreateDirectoryExW , 807168
ContinueDebugEvent , 807152
CreateFileMappingNumaW , 807096
CreateHardLinkW , 807076
CreateSymbolicLinkW , 807060
CreateProcessInternalA , 806948
CreateProcessInternalW , 806828
CreateRemoteThread , 806760
DebugActiveProcess , 806740
DebugActiveProcessStop , 806724
DebugBreak , 806708
EnumCalendarInfoExW , 806692
EnumCalendarInfoW , 806676
EnumDateFormatsExW , 806660
EnumDateFormatsW , 806644
EnumLanguageGroupLocalesW , 806628
EnumResourceLanguagesExA , 806580
EnumResourceLanguagesExW , 806528
EnumResourceNamesExW , 806488
EnumResourceNamesExA , 806448
EnumResourceTypesExA , 806416
EnumResourceTypesExW , 806384
EnumSystemCodePagesW , 806352
EnumSystemLocalesA , 806336
EnumSystemLocalesEx , 806320
EnumSystemLocalesW , 806304
EnumTimeFormatsW , 806288
FindStringOrdinal , 806244
FoldStringW , 806212
GetCPInfoExW , 806192
GetCurrencyFormatW , 806160
GetLargePageMinimum , 806128
GetNamedPipeAttribute , 806096
GetNamedPipeClientComputerNameW , 806064
IsValidNLSVersion , 806048
SetEnvironmentStringsW , 806032
SetThreadIdealProcessorEx , 806016
GetOEMCP , 806000
GetProcessHandleCount , 805984
GetProcessHeaps , 805968
GetProcessPreferredUILanguages , 805952
GetProcessWorkingSetSizeEx , 805936
GetQueuedCompletionStatusEx , 805904
GetStringScripts , 805872
GetSystemFileCacheSize , 805852
GetThreadIdealProcessorEx , 805836
GetThreadPriorityBoost , 805820
GetWindowsDirectoryA , 805804
HeapLock , 805788
HeapQueryInformation , 805760
HeapSummary , 805740
HeapUnlock , 805724
HeapWalk , 805708
IsNLSDefinedString , 805684
IsProcessInJob , 805664
IsThreadAFiber , 805648
IsValidLanguageGroup , 805632
MapViewOfFileExNuma , 805584
NeedCurrentDirectoryForExePathA , 805564
NeedCurrentDirectoryForExePathW , 805548
RegCopyTreeW , 805532
RegCreateKeyExA , 805456
RegDeleteKeyExA , 805436
RegDeleteKeyExW , 805420
RegDeleteTreeA , 805404
RegDeleteTreeW , 805388
RegDeleteValueA , 805372
RegDisablePredefinedCacheEx , 805356
RegEnumKeyExA , 805296
RegEnumValueA , 805224
RegFlushKey , 805204
RegGetValueA , 805156
RegLoadKeyA , 805136
RegLoadKeyW , 805120
RegLoadMUIStringA , 805072
RegLoadMUIStringW , 805020
RegOpenUserClassesRoot , 805000
RegQueryInfoKeyA , 804884
RegRestoreKeyA , 804864
RegRestoreKeyW , 804848
RegSaveKeyExA , 804832
RegSaveKeyExW , 804816
RegSetKeySecurity , 804800
RegSetValueExA , 804764
RegUnLoadKeyA , 804744
RegUnLoadKeyW , 804728
SetCalendarInfoW , 804712
SetComputerNameExW , 804696
SetFileApisToANSI , 804680
SetLocaleInfoW , 804664
SetLocalTime , 804648
SetProcessWorkingSetSizeEx , 804632
SetStdHandleEx , 804616
SetSystemTime , 804600
SetSystemFileCacheSize , 804584
SetThreadPriorityBoost , 804568
TransactNamedPipe , 804520
UnhandledExceptionFilter , 804500
VirtualLock , 804484
VirtualProtectEx , 804456
WaitForDebugEvent , 804436
WaitNamedPipeW , 804420
lstrcmpi , 804412
SetDynamicTimeZoneInformation , 804392
SetTimeZoneInformation , 804376
SetThreadpoolStackInformation , 804332
QueryThreadpoolStackInformation , 804284
SetProcessAffinityUpdateMode , 804264
QueryProcessAffinityUpdateMode , 804248
ConvertDefaultLocale , 804232
LoadStringBaseExW , 804204
NlsEventDataDescCreate , 804184
NlsWriteEtwEvent , 804168
FatalAppExitA , 804152
FatalAppExitW , 804136
GetCurrencyFormatEx , 804100
GetEraNameCountedString , 804080
GetFileMUIInfo , 804064
GetNLSVersionEx , 804048
GetNumberFormatEx , 804012
GetUILanguageInfo , 803980
IdnToAscii , 803948
IdnToNameprepUnicode , 803916
IdnToUnicode , 803884
IsNormalizedString , 803864
NotifyMountMgr , 803856
VerifyScripts , 803824
GetProcessGroupAffinity , 803792
SetThreadGroupAffinity , 803776
GetThreadGroupAffinity , 803760
GetTimeFormatA , 803716
GetDateFormatEx , 803664
SetVolumeMountPointWStub , 803652
OpenConsoleWStub , 803640
PrivCopyFileExW , 803600
ZombifyActCtx , 803580
BaseCheckAppcompatCache , 803564
BaseCheckAppcompatCacheEx , 803504
BaseCleanupAppcompatCacheSupport , 803472
BaseDumpAppcompatCache , 803456
BaseFlushAppcompatCache , 803440
BaseUpdateAppcompatCache , 803424
WerpNotifyLoadStringResource , 803408
WerpNotifyUseStringResource , 803392
WerUnregisterRuntimeExceptionModule , 803376
RtlFillMemory , 803340
RtlUnwind , 803320
RtlCopyMemory , 803296
RtlInstallFunctionTableCallback , 803252
RtlRestoreContext , 803232
RtlRaiseException , 803216
K32EnumProcessModulesEx , 803192
K32GetModuleBaseNameW , 803172
K32GetModuleFileNameExA , 803156
K32EmptyWorkingSet , 803140
K32QueryWorkingSet , 803124
K32QueryWorkingSetEx , 803108
K32InitializeProcessForWsWatch , 803092
K32GetWsChanges , 803076
K32GetWsChangesEx , 803060
K32GetMappedFileNameW , 803044
K32GetMappedFileNameA , 803028
K32EnumDeviceDrivers , 803012
K32GetDeviceDriverBaseNameA , 802996
K32GetDeviceDriverBaseNameW , 802980
K32GetDeviceDriverFileNameA , 802964
K32GetDeviceDriverFileNameW , 802948
K32GetProcessMemoryInfo , 802932
K32GetPerformanceInfo , 802916
K32EnumPageFilesW , 802900
K32EnumPageFilesA , 802884
K32GetProcessImageFileNameA , 802868
QueryFullProcessImageNameA , 802852
QueryProcessCycleTime , 802836
QueryIdleProcessorCycleTimeEx , 802820
CheckTokenCapability , 802804
CheckTokenMembershipEx , 802788
GetAppContainerAce , 802772
GetAppContainerNamedObjectPath , 802744
ReOpenFile , 802724
SignalObjectAndWait , 802708
GetCachedSigningLevel , 802672
SetCachedSigningLevel , 802640
AddResourceAttributeAce , 802588
AddScopedPolicyIDAce , 802556
DosPathToSessionPathA , 802140
DosPathToSessionPathW , 801604
ReplacePartitionUnit , 801504
RaiseInvalid16BitExeError , 801224
WinExec , 800800
LoadModule , 799604
GetSystemDEPPolicy , 799544
GetMaximumProcessorCount , 799376
IsBadHugeReadPtr , 799364
IsBadHugeWritePtr , 799352
IsBadStringPtrA , 799272
IsBadStringPtrW , 799188
GetProcessShutdownParameters , 799052
SetProcessAffinityMask , 798988
GetProcessPriorityBoost , 798912
GetProcessDEPPolicy , 798840
GetProcessInformation , 798772
GetSystemRegistryQuota , 798644
NtVdm64CreateProcessInternalW , 797664
SetSystemPowerState , 797424
GetDevicePowerState , 797344
IsSystemResumeAutomatic , 797316
CancelDeviceWakeupRequest , 797288
RequestDeviceWakeup , 797288
RequestWakeupLatency , 797288
SetMessageWaitingIndicator , 797288
GetSystemWow64DirectoryA , 797164
GetTempFileNameA , 796848
GetVolumeInformationA , 796144
SetVolumeLabelA , 795992
SetVolumeLabelW , 795080
CheckNameLegalDOS8Dot3A , 794920
CheckNameLegalDOS8Dot3W , 794632
GetNumaNodeProcessorMask , 794516
GetNumaAvailableMemoryNode , 794500
GetNumaProximityNode , 794456
GetNumaProximityNodeEx , 794376
GetNumaNodeNumberFromHandle , 794296
CreateNamedPipeA , 794144
GetNamedPipeHandleStateA , 793788
GetNamedPipeHandleStateW , 793064
GetNamedPipeInfo , 792856
CallNamedPipeA , 792724
CallNamedPipeW , 792292
WaitNamedPipeA , 792224
SetNamedPipeAttribute , 791756
GetNamedPipeClientComputerNameA , 791464
GetNamedPipeClientProcessId , 791384
GetNamedPipeClientSessionId , 791304
GetNamedPipeServerProcessId , 791232
GetNamedPipeServerSessionId , 791156
SetDllDirectoryA , 791024
GetDllDirectoryA , 790704
LoadPackagedLibrary , 790548
EnumResourceTypesW , 790516
EnumResourceTypesA , 790484
EnumResourceNamesW , 790448
EnumResourceNamesA , 790412
EnumResourceLanguagesA , 790364
UTRegister , 790192
LoadStringBaseW , 790164
GetMailslotInfo , 789940
LocalHandle , 789724
LocalFlags , 789408
GlobalCompact , 789380
LocalCompact , 789380
LocalShrink , 789380
_lopen , 789272
_lcreat , 789184
_hwrite , 789116
_lwrite , 789116
lstrcatW , 789036
RegisterWowBaseHandlers , 788872
GlobalFix , 788844
GlobalUnfix , 788816
GlobalWire , 788800
GlobalUnWire , 788788
EnumSystemFirmwareTables , 788768
AddSecureMemoryCacheCallback , 788732
RemoveSecureMemoryCacheCallback , 788708
GetFirmwareEnvironmentVariableA , 788680
GetFirmwareEnvironmentVariableExA , 788436
GetFirmwareEnvironmentVariableW , 788408
GetFirmwareEnvironmentVariableExW , 788216
SetFirmwareEnvironmentVariableA , 788188
SetFirmwareEnvironmentVariableExA , 787948
SetFirmwareEnvironmentVariableW , 787920
SetFirmwareEnvironmentVariableExW , 787736
DuplicateEncryptionInfoFileExt , 787484
CopyFileA , 787340
CopyFileTransactedA , 787136
CopyFileTransactedW , 786932
CopyFileExA , 786768
CheckAllowDecryptedRemoteDestinationPolicy , 786508
CreateFileTransactedA , 786328
OpenFile , 785180
ReplaceFileA , 784900
SetFileAttributesTransactedA , 784820
SetFileAttributesTransactedW , 784660
GetFileAttributesTransactedA , 784564
DeleteFileTransactedA , 784496
MoveFileA , 784424
MoveFileExA , 784384
MoveFileWithProgressA , 784336
MoveFileTransactedA , 783944
MoveFileTransactedW , 783744
PrivMoveFileIdentityW , 782192
GetCompressedFileSizeTransactedA , 782104
GetCompressedFileSizeTransactedW , 781952
GetCompressedFileSizeA , 781880
GetCompressedFileSizeW , 781492
CreateSymbolicLinkTransactedA , 781324
CreateSymbolicLinkTransactedW , 781144
CreateSymbolicLinkA , 780992
CreateFileMappingNumaA , 780808
SetFileShortNameW , 780524
SetFileShortNameA , 780460
SetFileBandwidthReservation , 780172
GetFileBandwidthReservation , 780000
FindFirstFileTransactedA , 779792
FindFirstFileTransactedW , 779584
FindFirstStreamTransactedW , 779380
FindFirstFileNameTransactedW , 778720
FindFirstFileNameW , 777548
FindNextFileNameW , 777344
SetFileIoOverlappedRange , 777248
GetThreadErrorMode , 777192
BaseWriteErrorElevationRequiredEvent , 777080
QueryDosDeviceA , 776464
WriteProfileStringW , 776448
GetPrivateProfileSectionNamesA , 776408
GetPrivateProfileSectionNamesW , 776368
GetPrivateProfileStructA , 775984
GetPrivateProfileStructW , 775564
WritePrivateProfileStructA , 775228
WritePrivateProfileStructW , 774880
WriteProfileStringA , 774864
GetProfileSectionA , 774848
WriteProfileSectionA , 774832
WriteProfileSectionW , 774816
WritePrivateProfileStringA , 774716
GetPrivateProfileSectionA , 774540
WritePrivateProfileSectionA , 774448
WritePrivateProfileSectionW , 774356
GlobalAddAtomExA , 769928
GlobalFindAtomA , 769908
GlobalGetAtomNameA , 769872
GetAtomNameA , 769836
CreateDirectoryTransactedA , 769676
CreateDirectoryTransactedW , 769480
CreateDirectoryExA , 769356
RemoveDirectoryTransactedA , 769288
RemoveDirectoryTransactedW , 769144
DebugBreakProcess , 769100
DebugSetProcessKillOnExit , 769000
GetThreadSelectorEntry , 768972
Wow64GetThreadSelectorEntry , 768872
SetSystemTimeAdjustment , 768808
GetFullPathNameTransactedA , 768620
GetFullPathNameTransactedW , 768432
CopyLZFile , 768420
LZCopy , 768172
SetComputerNameW , 764664
SetComputerNameA , 764536
SetComputerNameExA , 764440
AddLocalAlternateComputerNameW , 764144
AddLocalAlternateComputerNameA , 764056
RemoveLocalAlternateComputerNameW , 763736
RemoveLocalAlternateComputerNameA , 763648
SetLocalPrimaryComputerNameW , 762864
SetLocalPrimaryComputerNameA , 762776
EnumerateLocalComputerNamesW , 762276
EnumerateLocalComputerNamesA , 762016
DnsHostnameToComputerNameA , 761792
GetFirmwareType , 761676
IsNativeVhdBoot , 761436
Beep , 761300
BackupRead , 756160
BackupSeek , 755676
BackupWrite , 752304
uaw_wcschr , 751748
uaw_wcscpy , 751700
uaw_wcsicmp , 751680
uaw_wcslen , 751652
uaw_wcsrchr , 751620
uaw_lstrcmpiW , 751600
uaw_lstrlenW , 751540
WriteConsoleOutputW , 751376
WriteConsoleOutputCharacterW , 751364
WriteConsoleOutputCharacterA , 751352
WriteConsoleOutputAttribute , 751340
WriteConsoleOutputA , 751328
WriteConsoleInputW , 751316
WriteConsoleInputA , 751304
SetConsoleWindowInfo , 751292
SetConsoleScreenBufferSize , 751280
SetConsoleScreenBufferInfoEx , 751268
SetConsoleOutputCP , 751256
SetConsoleCursorInfo , 751244
SetConsoleCP , 751232
SetConsoleActiveScreenBuffer , 751220
ScrollConsoleScreenBufferW , 751208
ScrollConsoleScreenBufferA , 751196
ReadConsoleOutputW , 751184
ReadConsoleOutputCharacterW , 751172
ReadConsoleOutputCharacterA , 751160
ReadConsoleOutputAttribute , 751148
ReadConsoleOutputA , 751136
GetLargestConsoleWindowSize , 751124
GetConsoleCursorInfo , 751112
GenerateConsoleCtrlEvent , 751100
FreeConsole , 751088
FillConsoleOutputCharacterW , 751076
FillConsoleOutputCharacterA , 751064
FillConsoleOutputAttribute , 751052
CreateConsoleScreenBuffer , 751040
AttachConsole , 751028
WriteConsoleA , 751016
ReadConsoleW , 751004
ReadConsoleInputW , 750992
ReadConsoleInputA , 750980
ReadConsoleA , 750968
PeekConsoleInputA , 750956
AllocConsole , 750944
NlsUpdateSystemLocale , 750932
NlsUpdateLocale , 750920
NlsGetCacheUpdateCount , 750908
NlsCheckPolicy , 750896
WaitCommEvent , 750884
TransmitCommChar , 750872
SetupComm , 750860
SetCommTimeouts , 750848
SetCommState , 750836
SetCommMask , 750824
SetCommConfig , 750812
SetCommBreak , 750800
PurgeComm , 750788
GetCommTimeouts , 750776
GetCommState , 750764
GetCommProperties , 750752
GetCommModemStatus , 750740
GetCommMask , 750728
GetCommConfig , 750716
EscapeCommFunction , 750704
ClearCommError , 750692
ClearCommBreak , 750680
GetEnvironmentStringsA , 750656
GetSystemTimePreciseAsFileTime , 750644
WriteFileEx , 750632
UnlockFileEx , 750620
ReadFileEx , 750608
LockFileEx , 750596
GetVolumeInformationByHandleW , 750584
GetFinalPathNameByHandleA , 750572
GetFileAttributesExA , 750560
GetDiskFreeSpaceExA , 750548
GetDiskFreeSpaceA , 750536
FindFirstFileExA , 750524
FindFirstChangeNotificationA , 750512
DefineDosDeviceW , 750500
CreateFile2 , 750488
OpenWaitableTimerW , 750476
CreateSemaphoreExW , 750464
CreateMutexExA , 750452
CreateEventExA , 750440
GetCurrentApplicationUserModelId , 749272
UnsubscribeStateChangeNotification , 749112
CloseStateChangeNotification , 748992
IsBadWritePtr , 748852
IsBadCodePtr , 748636
PackageFamilyNameFromId , 748624
InitAtomTable , 727152
AddAtomA , 727124
BaseInitAppcompatCacheSupportWorker , 726748
BaseInitAppcompatCacheSupport , 726728
CreateThreadpoolIo , 726432
RegDeleteValueW , 726372
RegGetKeySecurity , 726356
QueryActCtxSettingsW , 726216
RegOpenCurrentUser , 726032
GetCPInfoExA , 718308
GetLogicalProcessorInformation , 718288
GetTimeZoneInformationForYear , 717440
GetThreadUILanguage , 717424
AddRefActCtx , 717396
ConvertThreadToFiberEx , 716976
ConvertThreadToFiber , 716960
CreateFiberEx , 716320
CreateFiber , 716284
AppXGetApplicationData , 714112
ConvertFiberToThread , 714000
EnumResourceLanguagesW , 713952
AppXGetDevelopmentMode , 713428
RegisterStateLock , 713248
RegisterStateChangeNotification , 711808
GetStateSettingsFolder , 711648
GetHivePath , 711472
GetSystemAppDataFolder , 711312
CreateStateLock , 711232
CloseStateLock , 711136
AcquireStateLock , 711060
AppContainerRegisterSid , 710236
AppContainerUnregisterSid , 708688
GetStateRootFolder , 708432
UnregisterStateLock , 708220
UnregisterStateChangeNotification , 708064
AppXSetPackageState , 706408
AppContainerLookupDisplayNameMrtReference , 706244
GetStateFolder , 705280
GetPackagesByPackageFamily , 703000
GetCurrentPackageFamilyName , 702392
OpenState , 702084
GetCurrentPackagePath , 701936
BasepPostSuccessAppXExtension , 686880
BasepReleaseAppXContext , 686700
AppXGetOSMaxVersionTested , 684720
AppXGetPackageCapabilities , 683828
BasepAppContainerEnvironmentExtension , 682492
BasepAppXExtension , 681156
AppContainerLookupMoniker , 681048
GetSystemAppDataKey , 679952
CloseState , 679396
OpenStateExplicit , 679304
RegQueryInfoKeyW , 678508
QueryInformationJobObject , 678288
CheckElevation , 677792
BasepCheckAppCompat , 677432
SetProcessPreferredUILanguages , 677368
GetProfileSectionW , 676816
lstrcpyW , 676780
GetApplicationUserModelId , 676496
GlobalFlags , 676180
TermsrvAppInstallMode , 676036
GetPrivateProfileSectionW , 675328
GetPrivateProfileIntA , 675052
GetProfileIntA , 675040
GetPrivateProfileStringA , 674772
GetCalendarInfoW , 672672
timeGetDevCaps , 672500
WerRegisterMemoryBlockWorker , 671828
GetPackageInfo , 671264
ClosePackageInfo , 671164
OpenPackageInfoByFullName , 670720
AppXGetPackageSid , 668504
GetPackagePath , 665056
AppContainerDeriveSidFromMoniker , 662848
QueryThreadCycleTime , 660244
GetProcessIoCounters , 660196
GetProcessIdOfThread , 660176
GetSystemTimeAdjustment , 660160
CancelIo , 659836
AppXGetPackageState , 659348
TermsrvSetKeySecurity , 659204
PackageIdFromFullName , 659136
AppContainerFreeMemory , 659096
AppXFreeMemory , 659096
PackageFamilyNameFromFullName , 656296
SetProcessDEPPolicy , 655432
GetStringTypeA , 655344
GetStringTypeExA , 655344
SearchPathA , 655148
LCMapStringA , 655108
CreateDirectoryA , 655088
IsDBCSLeadByteEx , 655072
SetFileAttributesA , 655056
RtlCaptureContext , 655040
RtlVirtualUnwind , 654968
WerGetFlags , 654804
GetTimeFormatEx , 654764
GetProfileStringA , 654728
OpenMutexA , 654632
UnregisterApplicationRecoveryCallback , 654592
NormalizeString , 654556
ReplaceFile , 654512
ReplaceFileW , 654512
GetNumberFormatW , 654356
CancelSynchronousIo , 654324
GetCurrentActCtx , 654308
SetProcessWorkingSetSize , 654292
lstrcpyn , 654112
lstrcpynA , 654112
GetConsoleScreenBufferInfoEx , 654100
DisconnectNamedPipe , 654084
SetNamedPipeHandleState , 654068
RegNotifyChangeKeyValue , 654000
RegOpenKeyExA , 653968
RegQueryValueExA , 653924
GetProfileStringW , 653888
timeGetTime , 653444
timeEndPeriod , 653176
timeBeginPeriod , 652896
GetApplicationRestartSettings , 652476
GetSystemWindowsDirectoryA , 652224
CreateActCtxA , 651692
GetLogicalDriveStringsW , 651672
GetPhysicallyInstalledSystemMemory , 650872
GetProfileIntW , 649696
GetPrivateProfileIntW , 649584
RegisterApplicationRecoveryCallback , 649524
GetLongPathNameA , 648864
FindFirstStreamW , 647612
FindNextStreamW , 647536
GetDateFormatA , 647044
GetDateFormatAWorker , 646672
GetDurationFormatEx , 645704
GetCalendarDateFormatEx , 644348
UpdateCalendarDayOfWeek , 643760
ConvertSystemTimeToCalDateTime , 643416
GetCalendarSupportedDateRange , 643200
EnumDateFormatsExEx , 643056
FindNLSString , 643008
IsValidCalDateTime , 642852
GetApplicationRecoveryCallbackWorker , 641488
GetApplicationRecoveryCallback , 641456
BasepReportFault , 640880
CheckForReadOnlyResourceFilter , 640216
Thread32Next , 639172
Thread32First , 638864
Module32FirstW , 638636
Module32NextW , 638408
BaseIsDosApplication , 638160
BasepProcessInvalidImage , 637784
ReleaseStateLock , 631328
EnumerateStateContainerItems , 630100
SubscribeStateChangeNotification , 629676
CreateStateChangeNotification , 629464
GetPackageFamilyName , 629312
WritePrivateProfileStringW , 628640
EnumSystemLanguageGroupsW , 628580
GetDiskFreeSpaceW , 628384
GetVolumePathNamesForVolumeNameW , 627328
WerpNotifyUseStringResourceWorker , 626312
GetTempPathA , 626084
BasepGetExeArchType , 625820
CeipIsOptedIn , 625276
DeleteStateContainerValue , 624860
DuplicateStateContainerHandle , 624620
CreateStateContainer , 623392
CreateStateSubcontainer , 623112
ReadStateContainerValue , 622768
CloseStateContainer , 622244
HeapCompact , 622068
DefineDosDeviceA , 621936
GetDllDirectoryW , 621776
ReadDirectoryChangesW , 621272
VerifyVersionInfoA , 620784
GetPackageFullName , 616168
SystemTimeToTzSpecificLocalTime , 615632
GetUserDefaultLangID , 615464
WerUnregisterMemoryBlock , 615448
WerUnregisterMemoryBlockWorker , 615440
LockFile , 615420
UnlockFile , 615408
SetFileInformationByHandle , 615396
CreateThreadpoolWait , 615344
DeleteFiber , 615104
GetCurrentPackageFullName , 614892
GetStringTypeExW , 614784
UnregisterApplicationRestart , 614540
OpenFileById , 614084
CreateMutexExW , 614008
GetNLSVersion , 613992
TzSpecificLocalTimeToSystemTime , 613976
WriteProcessMemory , 613940
VirtualFreeEx , 613920
VirtualAllocEx , 613896
GlobalAddAtomA , 613696
LocalFileTimeToFileTime , 613668
FindNextChangeNotification , 613656
Wow64EnableWow64FsRedirection , 613604
SetProcessPriorityBoost , 613544
IsBadReadPtr , 613436
GetAtomNameW , 613348
GetThreadId , 613208
GlobalGetAtomNameW , 613156
GlobalDeleteAtom , 613108
GetProcessVersion , 612772
SetFileValidData , 612760
WerRegisterMemoryBlock , 612736
SetCurrentDirectoryW , 612720
GetErrorMode , 612700
CreateEventExW , 612688
GlobalAddAtomExW , 612672
RegGetValueW , 612608
GetProcessorSystemCycleTime , 612512
GetActiveProcessorGroupCount , 612420
IsValidLocaleName , 612400
WTSGetActiveConsoleSessionId , 612336
CheckRemoteDebuggerPresent , 612304
CancelWaitableTimer , 612292
GetFileInformationByHandleEx , 612268
OpenSemaphoreW , 612256
GetHandleInformation , 612232
K32GetModuleInformation , 612216
K32EnumProcessModules , 612200
RegEnumValueW , 612140
BaseIsAppcompatInfrastructureDisabled , 612100
ReadProcessMemory , 612068
RtlAddFunctionTable , 612048
RtlDeleteFunctionTable , 612032
GetThreadInformation , 611952
K32GetModuleFileNameExW , 611928
K32GetProcessImageFileNameW , 611912
GetFinalPathNameByHandleW , 611900
SetThreadInformation , 611856
SetWaitableTimer , 611824
_local_unwind , 157922
__misaligned_access , 157896
__chkstk , 157881
__C_specific_handler , 157854
WakeConditionVariable , 157823
WakeAllConditionVariable , 157789
WaitForThreadpoolWorkCallbacks , 157769
WaitForThreadpoolWaitCallbacks , 157749
WaitForThreadpoolTimerCallbacks , 157728
WaitForThreadpoolIoCallbacks , 157700
VerSetConditionMask , 157674
UpdateProcThreadAttribute , 157610
UnmapViewOfFileEx , 157562
TzSpecificLocalTimeToSystemTimeEx , 157496
TryEnterCriticalSection , 157463
TryAcquireSRWLockShared , 157430
TryAcquireSRWLockExclusive , 157394
SystemTimeToTzSpecificLocalTimeEx , 157328
SubmitThreadpoolWork , 157311
StartThreadpoolIo , 157281
SleepConditionVariableSRW , 157226
SleepConditionVariableCS , 157172
SetWaitableTimerEx , 157124
SetThreadpoolWaitEx , 157106
SetThreadpoolWait , 157090
SetThreadpoolTimerEx , 157071
SetThreadpoolTimer , 157054
SetThreadpoolThreadMaximum , 157028
SetThreadToken , 156975
SetProcessMitigationPolicy , 156910
SetLastConsoleEventActive , 156873
SetEventWhenCallbackReturns , 156836
SetDefaultDllDirectories , 156774
SetCriticalSectionSpinCount , 156737
SetConsoleInputExeNameW , 156702
SetConsoleInputExeNameA , 156667
RtlZeroMemory , 156647
RestoreLastError , 156616
ResolveDelayLoadsFromDll , 156582
ResolveDelayLoadedAPI , 156551
RemoveVectoredExceptionHandler , 156511
RemoveVectoredContinueHandler , 156472
RemoveDllDirectory , 156416
ReleaseSemaphoreWhenCallbackReturns , 156371
ReleaseSRWLockShared , 156341
ReleaseSRWLockExclusive , 156308
ReleaseMutexWhenCallbackReturns , 156267
ReadConsoleInputExW , 156236
ReadConsoleInputExA , 156205
QueryDepthSList , 156180
PrefetchVirtualMemory , 156128
OpenThreadToken , 156074
OpenProcessToken , 156019
MapViewOfFileFromApp , 155968
LeaveCriticalSectionWhenCallbackReturns , 155919
LeaveCriticalSection , 155889
IsThreadpoolTimerSet , 155870
InterlockedPushListSListEx , 155834
InterlockedPushListSList , 155800
InterlockedPushEntrySList , 155765
InterlockedPopEntrySList , 155731
InterlockedFlushSList , 155700
InitializeSRWLock , 155673
InitializeSListHead , 155644
InitializeProcThreadAttributeList , 155572
InitializeCriticalSection , 155537
InitializeConditionVariable , 155500
InitOnceInitialize , 155473
InitOnceExecuteOnce , 155424
InitOnceComplete , 155378
InitOnceBeginInitialize , 155325
HeapSize , 155307
HeapReAlloc , 155283
HeapAlloc , 155261
GetProcessMitigationPolicy , 155196
GetOverlappedResultEx , 155148
GetLogicalProcessorInformationEx , 155084
GetCurrentThreadStackLimits , 155018
GetCurrentProcessorNumberEx , 154981
GetCurrentProcessorNumber , 154946
GetConsoleInputExeNameW , 154911
GetConsoleInputExeNameA , 154876
FreeLibraryWhenCallbackReturns , 154838
FlushProcessWriteBuffers , 154805
ExitThread , 154781
EnterCriticalSection , 154751
EncodeSystemPointer , 154722
EncodePointer , 154699
DisassociateCurrentThreadFromCallback , 154670
DeleteProcThreadAttributeList , 154602
DeleteCriticalSection , 154571
DecodeSystemPointer , 154542
DecodePointer , 154519
CtrlRoutine , 154496
CreateRemoteThreadEx , 154437
CreateFileMappingFromApp , 154382
CloseThreadpoolWork , 154362
CloseThreadpoolWait , 154342
CloseThreadpoolTimer , 154321
CloseThreadpoolIo , 154293
CloseThreadpoolCleanupGroupMembers , 154258
CloseThreadpoolCleanupGroup , 154230
CloseThreadpool , 154210
CancelThreadpoolIo , 154179
AddVectoredExceptionHandler , 154142
AddVectoredContinueHandler , 154106
AddDllDirectory , 154053
AcquireSRWLockShared , 154023
AcquireSRWLockExclusive , 153990
GetTimeFormatWWorker , 104228
GetDateFormatWWorker , 103056
SetEndOfFile , 102060
CopyFileW , 102008
SetMailslotInfo , 101912
DnsHostnameToComputerNameW , 101716
GetSystemTimes , 101316
RtlCompareMemory , 101296
FindCloseChangeNotification , 101276
DeleteTimerQueue , 101216
DeleteTimerQueueEx , 101196
FlushViewOfFile , 101180
GetTempFileNameW , 101168
GetThreadPreferredUILanguages , 101152
QueryIdleProcessorCycleTime , 101132
FormatMessageA , 101040
RtlUnwindEx , 100996
RtlLookupFunctionEntry , 100976
lstrcpynW , 100960
RaiseException , 100944
GetSystemFirmwareTable , 100928
FindFirstChangeNotificationW , 100916
EnumUILanguagesW , 100900
ReadFileScatter , 100888
CreateTimerQueue , 100872
ChangeTimerQueueTimer , 100848
FreeResource , 100832
FlushConsoleInputBuffer , 100816
SetConsoleMode , 100804
GetNumberOfConsoleInputEvents , 100792
SetConsoleCursorPosition , 100780
PeekConsoleInputW , 100768
GetSystemDirectoryA , 100124
FindActCtxSectionStringWWorker , 99780
GetNumberFormatA , 98948
VerLanguageNameA , 98928
lstrcat , 98772
lstrcatA , 98772
lstrcpy , 98740
lstrcpyA , 98740
GlobalHandle , 98584
FindResourceA , 98560
FindResourceExA , 98300
GlobalReAlloc , 97128
GlobalSize , 96828
GlobalLock , 96624
GlobalUnlock , 96448
RemoveDirectoryA , 96428
RtlCaptureStackBackTrace , 96412
SetSearchPathMode , 96364
SetThreadExecutionState , 96320
GetTimeFormatW , 96272
GetDateFormatW , 96232
GetCalendarInfoEx , 96212
EnumTimeFormatsEx , 96196
EnumCalendarInfoExEx , 96160
GetNumaNodeProcessorMaskEx , 96140
CreatePipe , 96124
VerLanguageNameW , 96108
VirtualAllocExNuma , 96076
SetThreadAffinityMask , 95924
PeekNamedPipe , 95844
SetFileTime , 95824
SetThreadIdealProcessor , 95776
SetThreadErrorMode , 95392
FindNLSStringEx , 93136
RegOpenKeyExW , 93104
RegCloseKey , 93084
UnregisterWait , 93036
CallbackMayRunLong , 92992
RegQueryValueExW , 92944
CreateThreadpoolWork , 92888
LocalSize , 92600
SetDllDirectoryW , 92540
FindActCtxSectionStringW , 92376
PowerSetRequest , 92112
PowerCreateRequest , 91796
PowerClearRequest , 91676
WerRegisterFileWorker , 91308
WerUnregisterFileWorker , 90884
WerRegisterFile , 90864
WerUnregisterFile , 90848
GetSystemWow64DirectoryW , 89664
QueryActCtxW , 89560
QueryActCtxWWorker , 89348
WerSetFlags , 88068
SetInformationJobObject , 87856
CreateJobObjectW , 87744
SortCloseHandle , 87656
CheckElevationEnabled , 87340
lstrcmp , 87244
lstrcmpA , 87244
DosDateTimeToFileTime , 86860
BaseVerifyUnicodeString , 86588
CreateThreadpoolCleanupGroup , 86464
BaseGetNamedObjectDirectory , 85908
BaseFormatObjectAttributes , 85752
CreateFileTransactedW , 85472
GetFileAttributesTransactedW , 85328
CreateWaitableTimerExA , 85220
CreateWaitableTimerA , 85184
GetMaximumProcessorGroupCount , 85064
GetSystemDefaultLocaleName , 85024
GetProductInfo , 84984
GetActiveProcessorCount , 84852
CreateMailslotW , 84544
CreateMailslotA , 84432
Process32FirstW , 84240
Process32NextW , 83988
CreateToolhelp32Snapshot , 82528
GetPrivateProfileStringW , 77984
BaseDllReadWriteIniFile , 76272
DeleteFileTransactedW , 76096
GetNumaAvailableMemoryNodeEx , 75892
CreateNamedPipeW , 75828
SetProcessInformation , 75776
Wow64DisableWow64FsRedirection , 75744
Wow64RevertWow64FsRedirection , 75728
K32EnumProcesses , 75712
RegCreateKeyExW , 75488
RegEnumKeyExW , 75420
RegSetValueExW , 75132
SetThreadpoolThreadMinimum , 75004
CreateThreadpool , 74952
RegisterApplicationRestart , 74924
SetThreadContext , 74672
K32GetModuleBaseNameA , 74656
GetComputerNameExA , 74640
ConnectNamedPipe , 74616
MoveFileW , 74536
DelayLoadFailureHook , 74016
CloseProfileUserMapping , 73112
LZStart , 73112
OpenProfileUserMapping , 73112
SetConsoleMaximumWindowSize , 73112
BasepAppCompatHookDLL , 72880
VerifyConsoleIoHandle , 72880
GetGeoInfoW , 71364
GetUserGeoID , 70916
FindFirstVolumeW , 68728
FindNextVolumeW , 67964
FindVolumeClose , 67900
GetNumaProcessorNodeEx , 65616
GetNumaProcessorNode , 65536
GetConsoleTitleW , 65504
GetConsoleCP , 65492
GetCurrentConsoleFontEx , 65376
SetConsoleTitleW , 65288
GetDynamicTimeZoneInformation , 64984
GetFileMUIPath , 64936
BasepSetFileEncryptionCompression , 64216
BasepGetComputerNameFromNtPath , 63836
GetBinaryTypeW , 63304
GetConsoleWindow , 62896
GetVolumeNameForVolumeMountPointW , 61980
GetApplicationRestartSettingsWorker , 61528
BaseCheckRunApp , 58340
GetShortPathNameW , 56896
WerRegisterRuntimeExceptionModuleWorker , 56320
WerRegisterRuntimeExceptionModule , 56288
GetNumaHighestNodeNumber , 56272
GetStartupInfoA , 55740
SetHandleCount , 54528
GetVolumePathNameW , 52048
GetLongPathNameW , 48912
SetCurrentDirectoryA , 48860
CreateActCtxWWorker , 42288
BasepCopyEncryption , 42040
QueryFullProcessImageNameW , 42020
CopyFileExW , 41984
SearchPathW , 41936
CmdBatNotification , 41744
GetCurrentDirectoryA , 41704
GetComputerNameA , 41368
CreateSemaphoreA , 41332
CreateSemaphoreExA , 41216
GetLogicalDriveStringsA , 41028
SetEnvironmentVariableA , 41008
SetStdHandle , 35840
OpenEventA , 35828
CreateProcessA , 35740
CreateFileMappingA , 35552
SortGetHandle , 32816
RegisterWaitForInputIdle , 32096
LoadAppInitDlls , 31836
QueryActCtxSettingsWWorker , 31540
DeleteFileA , 31520
GetEnvironmentVariableA , 31504
GetFullPathNameA , 31492
FindNextFileA , 29996
FindFirstFileA , 29984
GetEnvironmentStrings , 29968
FreeEnvironmentStringsA , 29952
GetFileAttributesA , 29940
CreateProcessW , 29728
GetExitCodeProcess , 29664
BasepGetAppCompatData , 27440
BaseElevationPostProcessing , 26260
BasepConstructSxsCreateProcessMessage , 25296
BasepCheckBadapp , 24804
BasepQueryAppCompat , 24368
BaseCheckAppcompatCacheExWorker , 23536
BasepReleaseSxsCreateProcessUtilityStruct , 22276
BasepCheckWebBladeHashes , 22208
BasepIsProcessAllowed , 22092
BasepCheckWinSaferRestrictions , 21912
BaseCheckElevation , 21328
BasepFreeAppCompatData , 21216
BaseIsAppcompatInfrastructureDisabledWorker , 20964
GetUserDefaultLocaleName , 20656
GetLocaleInfoEx , 20640
GetUserPreferredUILanguages , 20592
CreateMemoryResourceNotification , 20576
CreatePrivateNamespaceW , 20560
AddSIDToBoundaryDescriptor , 20544
DeleteBoundaryDescriptor , 20528
CreateBoundaryDescriptorW , 20512
GetProcessTimes , 20480
GetSystemDefaultUILanguage , 20460
RtlPcToFileHeader , 20444
GetFileTime , 20432
OpenEventW , 20420
GetTimeZoneInformation , 20100
CreateIoCompletionPort , 20084
GetLocaleInfoA , 20060
IsValidLocale , 20000
IsValidCodePage , 19984
GetCPInfo , 19968
LCMapStringW , 19932
CompareStringA , 19892
HeapValidate , 19872
GetConsoleScreenBufferInfo , 19852
GetConsoleOutputCP , 19840
SetFileApisToOEM , 19824
SetThreadPreferredUILanguages , 19808
IsDBCSLeadByte , 19792
lstrcmpiA , 19716
FileTimeToDosDateTime , 19392
CreateProcessAsUserW , 19128
AssignProcessToJobObject , 19088
VerifyVersionInfoW , 18956
AddAtomW , 18768
DeleteAtom , 18656
GetDriveTypeA , 18580
RtlMoveMemory , 18568
TermsrvDeleteValue , 18548
AddRefActCtxWorker , 18528
GetCurrentActCtxWorker , 18484
GlobalAddAtomW , 18460
GlobalFindAtomW , 18156
GetSystemWindowsDirectoryW , 17812
CreateSemaphoreW , 17776
GetSystemDirectoryW , 17660
TerminateThread , 17504
ExitProcess , 17492
FatalExit , 17492
OpenFileMappingA , 17376
Basep8BitStringToDynamicUnicodeString , 17304
TermsrvSetValueKey , 17072
TermsrvGetPreSetValue , 17036
HeapSetInformation , 17016
LoadLibraryExA , 17000
GetVersionExA , 16984
CreateMutexA , 16972
CreateEventA , 16960
GetCommandLineW , 16944
HeapCreate , 16928
TermsrvOpenUserClasses , 16896
LoadLibraryW , 16872
CompareFileTime , 16680
GetSystemPreferredUILanguages , 16640
ResolveLocaleName , 16624
OpenFileMappingW , 16608
GetSystemDefaultLCID , 16580
CompareStringW , 16544
GetLocaleInfoW , 16272
GetCurrentDirectoryW , 16256
FlsAlloc , 16228
GetCommandLineA , 16212
GetStringTypeW , 16196
GetEnvironmentStringsW , 16180
FreeEnvironmentStringsW , 16164
DeactivateActCtxWorker , 16076
ActivateActCtxWorker , 16024
GetCurrentPackageInfo , 15924
SetProcessShutdownParameters , 15860
GetCurrentPackageId , 15756
BasepNotifyLoadStringResource , 15488
_lclose , 15456
_llseek , 15408
_hread , 15360
_lread , 15360
FindActCtxSectionGuid , 15236
CreateActCtxW , 15216
ReleaseActCtx , 15200
DeactivateActCtx , 15184
ActivateActCtx , 15168
FindResourceW , 15128
FindResourceExW , 15112
SizeofResource , 15096
LockResource , 15080
LoadResource , 15064
LoadLibraryA , 14988
RemoveDirectoryW , 14592
GetComputerNameExW , 14576
TerminateJobObject , 14540
FindAtomA , 14444
GetComputerNameW , 14080
FreeLibraryAndExitThread , 13040
TrySubmitThreadpoolCallback , 12960
SetFileCompletionNotificationModes , 12868
OpenPrivateNamespaceW , 12848
ClosePrivateNamespace , 12832
MoveFileExW , 12816
RegisterWaitForSingleObjectEx , 12788
CreateThreadpoolTimer , 12732
RegisterWaitForSingleObject , 12516
SuspendThread , 12496
GetThreadContext , 12480
GetWriteWatch , 12432
ResetWriteWatch , 12400
CompareStringEx , 12320
GetProcessAffinityMask , 12192
ExpandEnvironmentStringsA , 12160
GetWindowsDirectoryW , 12144
FindFirstFileExW , 12112
SetEnvironmentVariableW , 12096
GetModuleHandleExA , 12080
GetTempPathW , 12068
GetFileSizeEx , 12056
GetVolumeInformationW , 12044
SetConsoleTextAttribute , 12032
TermsrvDeleteKey , 12004
TermsrvCreateRegEntry , 11968
CompareStringOrdinal , 11936
FlushInstructionCache , 11904
GetTickCount64 , 11888
CreateFileMappingW , 11844
LocaleNameToLCID , 11824
LCMapStringEx , 11744
GetSystemPowerStatus , 11572
WriteFileGather , 11552
QueryMemoryResourceNotification , 11536
SetFilePointerEx , 11516
SetHandleInformation , 11504
VirtualProtect , 11488
VirtualUnlock , 11472
CreateTimerQueueTimer , 11428
DeleteTimerQueueTimer , 11408
GlobalMemoryStatus , 11184
GetThreadTimes , 11032
GetLogicalDrives , 10964
CancelIoEx , 10944
GetDiskFreeSpaceExW , 10928
TerminateProcess , 10912
GetUserDefaultUILanguage , 10880
LCIDToLocaleName , 10852
GetProcessId , 10836
FlushFileBuffers , 10824
IsDebuggerPresent , 10808
OutputDebugStringW , 10792
OpenMutexW , 10752
FlsFree , 10736
GetPriorityClass , 10716
SetPriorityClass , 10700
CreateWaitableTimerW , 10660
QueryDosDeviceW , 10648
SwitchToThread , 10632
CreateWaitableTimerExW , 10620
QueryUnbiasedInterruptTime , 10604
QueueUserAPC , 10588
InitializeCriticalSectionEx , 10576
GetNativeSystemInfo , 10560
SetThreadStackGuarantee , 10544
GlobalMemoryStatusEx , 10528
SleepEx , 10512
SetThreadLocale , 10496
GetThreadLocale , 10480
SetFileAttributesW , 10468
DeleteFileW , 10456
VirtualQueryEx , 10440
CreateDirectoryW , 10428
LocalUnlock , 10412
LocalLock , 10396
FindAtomW , 10384
LocalReAlloc , 10364
GetDriveTypeW , 10352
SetErrorMode , 10336
GetModuleHandleExW , 10320
LoadLibraryExW , 10292
GetFileAttributesExW , 10280
GetEnvironmentVariableW , 10264
GetFullPathNameW , 10252
GetFileAttributesW , 10240
GetACP , 10224
GetExitCodeThread , 10208
DuplicateHandle , 10196
VirtualQuery , 10180
ResumeThread , 10164
GetLocalTime , 10148
HeapDestroy , 10132
IsWow64Process , 10104
FreeLibrary , 10088
WriteConsoleW , 10076
GetConsoleMode , 10064
FileTimeToLocalFileTime , 10052
GetUserDefaultLCID , 10036
GetStdHandle , 10020
GetFileInformationByHandle , 10008
SetThreadUILanguage , 9992
GetStartupInfoW , 9976
CreateFileA , 9964
GetModuleFileNameW , 9936
TlsAlloc , 9920
GetSystemInfo , 9904
SetUnhandledExceptionFilter , 9880
TermsrvGetWindowsDirectoryW , 9860
GetVersion , 9840
SetFilePointer , 9828
MapViewOfFile , 9800
MultiByteToWideChar , 9760
DisableThreadLibraryCalls , 9732
OutputDebugStringA , 9716
TlsFree , 9700
GetProcAddress , 9644
CreateThread , 9572
QueryPerformanceFrequency , 9552
SetConsoleCtrlHandler , 9540
GetFileType , 9528
GetFileSize , 9516
GlobalFree , 9424
GlobalAlloc , 9392
FileTimeToSystemTime , 9376
DeviceIoControl , 9184
MulDiv , 8848
IsProcessorFeaturePresent , 8640
ExpandEnvironmentStringsW , 8624
InitializeCriticalSectionAndSpinCount , 8608
GetVersionExW , 8592
ReleaseActCtxWorker , 8576
ProcessIdToSessionId , 8560
lstrcmpiW , 8432
FormatMessageW , 6644
GetSystemDefaultLangID , 6624
QueueUserWorkItem , 6604
WideCharToMultiByte , 6544
FindActCtxSectionGuidWorker , 6304
BaseThreadInitThunk , 6168
GetModuleFileNameA , 5940
WriteFile , 5928
lstrcmpW , 5900
uaw_lstrcmpW , 5900
SetThreadPriority , 5872
GetThreadPriority , 5856
GetOverlappedResult , 5840
GetSystemTimeAsFileTime , 5824
GetModuleHandleW , 5808
OpenThread , 5776
lstrlen , 5760
lstrlenA , 5760
OpenProcess , 5744
VirtualFree , 5728
WaitForSingleObjectEx , 5716
GetModuleHandleA , 5700
CreateEventW , 5688
CreateMutexW , 5676
ResetEvent , 5664
QueryPerformanceCounter , 5648
ReleaseSemaphore , 5628
UnregisterWaitEx , 5612
WaitForMultipleObjectsEx , 5600
FlsSetValue , 5584
FlsGetValue , 5568
PostQueuedCompletionStatus , 5544
GetQueuedCompletionStatus , 5520
FindNextFileW , 5492
FindClose , 5480
ReadFile , 5468
CreateFileW , 5456
SystemTimeToFileTime , 5440
BaseSetLastNTError , 5396
lstrlenW , 5376
GetCurrentProcessId , 5360
LocalAlloc , 5328
LocalFree , 5312
GetCurrentThread , 5296
SetLastError , 5264
MapViewOfFileEx , 5160
UnmapViewOfFile , 5140
TermsrvOpenRegEntry , 5120
SetEvent , 5088
GetProcessHeap , 5072
GetSystemTime , 5044
CloseHandle , 5020
FindFirstFileW , 5008
VirtualAlloc , 4992
TlsSetValue , 4976
GetLastError , 4960
GetCurrentProcess , 4944
HeapFree , 4912
PulseEvent , 4892
TlsGetValue , 4752
WaitForMultipleObjects , 4720
GetCurrentThreadId , 4688
GetTickCount , 4656
SwitchToFiber , 4176
WaitForSingleObject , 4140
ReleaseMutex , 4128
Sleep , 4112
