lstrcmpi , 687208
lstrcmpiA , 687208
QueryIdleProcessorCycleTimeEx , 687108
SetStdHandleEx , 686972
HeapSummary , 686712
GetProcessHeaps , 686692
HeapQueryInformation , 686644
GetWindowsDirectoryA , 686576
GetDiskFreeSpaceA , 686456
GetDiskFreeSpaceExA , 686348
SetComputerNameExW , 686128
FindFirstFileExA , 685208
FindFirstChangeNotificationA , 685120
EnumSystemFirmwareTables , 684796
GetFileAttributesExA , 684716
GetCurrentThreadId , 684696
CreateThread , 684624
CreateRemoteThread , 684556
SetThreadPriorityBoost , 684488
GetThreadPriorityBoost , 684412
GetCurrentThread , 684396
GetCurrentThreadStackLimits , 684360
SetThreadIdealProcessorEx , 684280
GetThreadIdealProcessorEx , 684192
GetCurrentProcess , 684180
GetCurrentProcessId , 684160
SetProcessAffinityUpdateMode , 684072
QueryProcessAffinityUpdateMode , 683984
FatalAppExitW , 683876
FatalAppExitA , 683764
GetProcessHandleCount , 683688
NeedCurrentDirectoryForExePathA , 683576
SetSystemFileCacheSize , 683400
GetSystemFileCacheSize , 683240
VirtualProtectEx , 683080
GetLargePageMinimum , 683064
GetQueuedCompletionStatusEx , 682700
MapViewOfFileExNuma , 682428
RemoveDirectoryA , 682368
SetLocalTime , 682052
SetSystemTime , 681828
GetSystemTimePreciseAsFileTime , 681792
TzSpecificLocalTimeToSystemTimeEx , 681376
SetDynamicTimeZoneInformation , 680712
SetClientTimeZoneInformation , 680384
SetTimeZoneInformation , 680024
EnumDynamicTimeZoneInformation , 679660
ClearCommBreak , 679644
ClearCommError , 679228
SetupComm , 678948
EscapeCommFunction , 678636
GetCommConfig , 678056
GetCommMask , 677844
GetCommModemStatus , 677632
GetCommProperties , 677388
GetCommState , 676496
GetCommTimeouts , 676208
PurgeComm , 676000
SetCommBreak , 675984
SetCommConfig , 675748
SetCommMask , 675508
SetCommState , 674480
SetCommTimeouts , 674204
TransmitCommChar , 673996
WaitCommEvent , 673684
DebugBreak , 673672
ContinueDebugEvent , 673136
WaitForDebugEvent , 672804
DebugActiveProcess , 672436
DebugActiveProcessStop , 672340
OpenWaitableTimerW , 672160
EnterSynchronizationBarrier , 672072
InitializeSynchronizationBarrier , 672012
WaitOnAddress , 671936
GetFinalPathNameByHandleA , 670520
Wow64RevertWow64FsRedirection , 670472
Beep , 670132
GetEightBitStringToUnicodeSizeRoutine , 669916
GetUnicodeStringToEightBitSizeRoutine , 669900
SetFileApisToANSI , 669836
AddDllDirectory , 669180
RemoveDllDirectory , 669136
SetDefaultDllDirectories , 669084
ResolveDelayLoadsFromDll , 669064
QueryOptionalDelayLoadedAPI , 669012
EnumResourceTypesExW , 664304
EnumResourceTypesExA , 664264
EnumResourceNamesExA , 664120
EnumResourceLanguagesExA , 663916
IsValidRelativeSecurityDescriptor , 663872
AccessCheckByTypeResultList , 663700
AccessCheckByTypeAndAuditAlarmW , 663408
AccessCheckByTypeResultListAndAuditAlarmW , 663052
AccessCheckByTypeResultListAndAuditAlarmByHandleW , 662668
ObjectPrivilegeAuditAlarmW , 662548
ObjectDeleteAuditAlarmW , 662464
PrivilegedServiceAuditAlarmW , 662332
AreAnyAccessesGranted , 662308
SetAclInformation , 662264
AddResourceAttributeAce , 662188
AddScopedPolicyIDAce , 662136
AddAccessDeniedAceEx , 662064
AddAuditAccessAce , 662004
AddAuditAccessAceEx , 661912
AddAccessAllowedObjectAce , 661816
AddAccessDeniedObjectAce , 661720
AddAuditAccessObjectAce , 661596
FindFirstFreeAce , 661548
ConvertToAutoInheritPrivateObjectSecurity , 661488
CreatePrivateObjectSecurityWithMultipleInheritance , 661388
SetPrivateObjectSecurity , 661336
SetPrivateObjectSecurityEx , 661272
GetPrivateObjectSecurity , 661220
MakeAbsoluteSD2 , 661176
GetSecurityDescriptorRMControl , 661140
SetSecurityDescriptorRMControl , 661116
GetCachedSigningLevel , 661052
SetCachedSigningLevel , 660992
GetMappedFileNameW , 660776
K32GetMappedFileNameW , 660776
GetMappedFileNameA , 660600
K32GetMappedFileNameA , 660600
InitializeProcessForWsWatch , 660532
K32InitializeProcessForWsWatch , 660532
GetWsChanges , 660432
K32GetWsChanges , 660432
GetWsChangesEx , 660384
K32GetWsChangesEx , 660384
GetProcessImageFileNameA , 660144
K32GetProcessImageFileNameA , 660144
EnumProcessModulesEx , 659008
K32EnumProcessModulesEx , 659008
GetModuleFileNameExA , 658828
K32GetModuleFileNameExA , 658828
EnumPageFilesW , 658512
K32EnumPageFilesW , 658512
EnumPageFilesA , 658240
K32EnumPageFilesA , 658240
GetDeviceDriverFileNameW , 658080
K32GetDeviceDriverFileNameW , 658080
GetDeviceDriverFileNameA , 657952
K32GetDeviceDriverFileNameA , 657952
EmptyWorkingSet , 657796
K32EmptyWorkingSet , 657796
DelayLoadFailureHook , 657644
RegRestoreKeyA , 657348
RegRestoreKeyW , 657116
RegSaveKeyExA , 656680
RegSaveKeyExW , 656304
RegLoadMUIStringA , 656284
RegLoadKeyA , 655888
RegUnLoadKeyA , 655664
RegUnLoadKeyW , 655456
RegLoadAppKeyA , 655308
RegDeleteTreeA , 655196
RegCopyTreeW , 653012
RegKrnGetAppKeyEventAddressInternal , 652964
PoolPerAppKeyStateInternal , 652844
RegKrnGetAppKeyLoaded , 652828
RegKrnResetAppKeyLoaded , 652804
RegKrnSetTermsrvRegistryExtensionFlags , 652788
RegKrnGetHKEY_ClassesRootAddress , 652772
RegKrnSetDllHasThreadStateGlobal , 652756
GetRegistryExtensionFlags , 652248
RemapPredefinedHandleInternal , 651840
SHRegWriteUSValueA , 650620
SHRegSetUSValueA , 650476
SHRegEnumUSKeyA , 650140
SHRegEnumUSValueA , 649744
SHRegQueryInfoUSKeyA , 649372
PathIsURLA , 649316
PathCommonPrefixA , 648788
PathIsPrefixA , 648696
PathIsFileSpecA , 648640
PathIsRelativeA , 648580
PathStripPathA , 648508
PathSkipRootA , 648432
PathIsSameRootA , 648312
PathIsLFNFileSpecA , 648176
PathRemoveBackslashA , 648096
PathAddExtensionA , 647952
PathAppendA , 647904
PathCanonicalizeA , 647828
PathIsRootA , 647816
PathRemoveExtensionA , 647788
PathRenameExtensionA , 647668
PathStripToRootA , 647620
PathRelativePathToA , 647196
PathFindNextComponentA , 647116
PathGetCharTypeA , 647008
PathIsValidCharA , 646808
PathGetArgsA , 646712
PathSearchAndQualifyA , 646540
PathFindExtensionA , 643376
PathIsUNCServerShareA , 643284
PathIsUNCServerA , 643204
PathFileExistsA , 643120
PathFindFileNameA , 642960
PathParseIconLocationA , 642816
PathQuoteSpacesA , 642700
PathUnquoteSpacesA , 642612
PathRemoveBlanksA , 642488
PathMatchSpecA , 641900
PathMatchSpecExA , 641856
SHTruncateString , 641716
SHExpandEnvironmentStringsA , 641612
PathUnExpandEnvStringsA , 640956
PathCombineA , 640912
PathRemoveFileSpecA , 640828
PathIsUNCA , 640804
SHRegSetUSValueW , 640488
PathIsSameRootW , 640224
PathIsLFNFileSpecW , 640048
PathAddExtensionW , 639876
PathRenameExtensionW , 639748
PathMatchSpecExW , 639704
wprintf , 639216
hwprintf , 639176
exit , 639160
_exit , 639140
_cexit , 639120
_c_exit , 639096
_onexit , 638740
atexit , 638708
ReadConsoleA , 638216
ReadConsoleW , 638144
WriteConsoleA , 637904
GetConsoleInputExeNameW , 637640
GetConsoleInputExeNameA , 637436
SetConsoleInputExeNameA , 637328
GetNumberOfConsoleInputEvents , 637256
GetLargestConsoleWindowSize , 637188
SetConsoleScreenBufferInfoEx , 637008
GetConsoleCursorInfo , 636924
GenerateConsoleCtrlEvent , 636828
SetConsoleActiveScreenBuffer , 636764
FlushConsoleInputBuffer , 636700
SetConsoleScreenBufferSize , 636632
SetConsoleCursorPosition , 636564
SetConsoleCursorInfo , 636484
SetConsoleWindowInfo , 636400
ScrollConsoleScreenBufferA , 636228
ScrollConsoleScreenBufferW , 636192
SetConsoleCP , 636116
SetConsoleOutputCP , 636036
SetLastConsoleEventActive , 635988
PeekConsoleInputA , 635728
PeekConsoleInputW , 635692
ReadConsoleInputA , 635660
ReadConsoleInputW , 635628
ReadConsoleInputExA , 635592
ReadConsoleInputExW , 635556
WriteConsoleInputA , 635388
WriteConsoleInputW , 635360
ReadConsoleOutputW , 634296
ReadConsoleOutputA , 634260
WriteConsoleOutputW , 633668
WriteConsoleOutputA , 633632
ReadConsoleOutputCharacterA , 633404
ReadConsoleOutputCharacterW , 633356
ReadConsoleOutputAttribute , 633304
WriteConsoleOutputCharacterA , 633108
WriteConsoleOutputCharacterW , 633060
WriteConsoleOutputAttribute , 633008
FillConsoleOutputCharacterA , 632964
FillConsoleOutputCharacterW , 632920
CreateConsoleScreenBuffer , 632260
AttachConsole , 631052
FreeConsole , 630936
AllocConsole , 630808
StartTraceA , 624640
ControlTraceA , 622808
QueryAllTracesA , 622792
EventAccessControl , 622720
EventAccessQuery , 622348
EventAccessRemove , 622160
SetTraceCallback , 621676
RemoveTraceCallback , 621368
BemFreeReference , 621304
BemCopyReference , 621288
BemFreeContract , 621220
SetThreadpoolStackInformation , 621176
QueryThreadpoolStackInformation , 621132
GetSystemWindowsDirectoryA , 620912
GetLongPathNameA , 620328
NotifyMountMgr , 619904
DeleteVolumeMountPointW , 618432
IsNLSDefinedString , 615988
IsValidNLSVersion , 615872
EnumSystemGeoID , 615452
SetUserGeoID , 614804
NlsWriteEtwEvent , 608644
NlsEventDataDescCreate , 608268
NotifyRedirectedStringChange , 607588
IdnToNameprepUnicode , 607504
IsNormalizedString , 607412
VerifyScripts , 606800
GetFileMUIInfo , 605292
GetUILanguageInfo , 605184
GetProcessPreferredUILanguages , 605132
GetTimeFormatA , 604664
GetCurrencyFormatW , 603472
GetCurrencyFormatEx , 603336
FoldStringW , 594508
NlsDispatchAnsiEnumProc , 580156
EnumLanguageGroupLocalesW , 580128
EnumSystemLocalesW , 580088
EnumSystemCodePagesW , 580068
EnumCalendarInfoW , 579964
EnumCalendarInfoExW , 579860
EnumTimeFormatsW , 579780
EnumDateFormatsW , 579696
EnumDateFormatsExW , 579608
Internal_EnumLanguageGroupLocales , 578920
Internal_EnumSystemCodePages , 578204
NlsUpdateSystemLocale , 576496
NlsUpdateLocale , 575832
NlsCheckPolicy , 575736
GetFallbackDisplayName , 575668
IsValidLanguageGroup , 575260
SetLocaleInfoW , 573984
GetPtrCalData , 572888
GetPtrCalDataArray , 572756
GetEraNameCountedString , 572520
SetCalendarInfoW , 572036
CheckGroupPolicyEnabled , 570684
InternetTimeFromSystemTimeA , 568796
InternetTimeToSystemTimeA , 568728
InternetTimeFromSystemTimeW , 568448
InternetTimeToSystemTimeW , 567808
UrlCanonicalizeA , 566576
UrlEscapeA , 566192
UrlGetPartA , 565812
UrlIsA , 565560
UrlGetLocationA , 565384
UrlCompareA , 565000
PathCreateFromUrlA , 564652
UrlCreateFromPathA , 564288
UrlApplySchemeA , 563940
UrlCompareW , 563556
UrlHashA , 563468
UrlHashW , 563296
ParseURLA , 563124
UrlCombineA , 561420
UrlIsOpaqueA , 561100
UrlIsOpaqueW , 561084
UrlIsNoHistoryA , 561068
SHRegCreateUSKeyA , 560824
SHRegOpenUSKeyA , 560672
SHRegDeleteUSValueA , 560524
SHRegDeleteEmptyUSKeyW , 560504
SHRegDeleteEmptyUSKeyA , 560352
SHRegGetBoolUSValueA , 560172
GetAcceptLanguagesA , 559888
IsCharSpaceA , 559808
IsCharDigitW , 559464
IsCharXDigitW , 559368
IsCharPunctW , 559032
IsCharCntrlW , 559000
IsCharBlankW , 558940
ChrCmpIA , 558592
ChrCmpIW , 558528
StrCpyNXA , 558252
StrCpyNXW , 558184
StrCpyNW , 558152
StrCatBuffW , 558104
StrCatBuffA , 557996
StrChrNIW , 557884
StrRChrIA , 557752
StrPBrkA , 557652
StrToInt64ExA , 557484
StrToIntExA , 557440
StrSpnA , 557292
StrSpnW , 557208
StrCSpnA , 557108
StrCSpnIA , 557008
StrCSpnIW , 556900
StrRStrIA , 556604
StrStrNW , 556440
StrStrNIW , 556276
StrDupA , 556180
StrIsIntlEqualA , 556124
StrIsIntlEqualW , 556072
StrTrimA , 555848
StrCatChainW , 555728
PathCchRenameExtension , 555392
PathCchStripPrefix , 555176
PathAllocCanonicalize , 554928
CreateDirectoryExW , 551328
CreateSymbolicLinkW , 549968
BaseMarkFileForDelete , 542276
ReOpenFile , 541700
CopyFile2 , 541296
IsCharUpperA , 541164
IsCharLowerA , 541032
CharPrevExA , 540904
IsCharAlphaA , 540748
IsCharLowerW , 540660
IsCharUpperW , 540576
WerpNotifyLoadStringResource , 540476
WerUnregisterRuntimeExceptionModule , 540412
BaseCheckAppcompatCache , 540320
BaseCleanupAppcompatCacheSupport , 540268
BaseDumpAppcompatCache , 540236
BaseFlushAppcompatCache , 540192
BaseUpdateAppcompatCache , 540104
ZombifyActCtx , 540040
SHGetFolderPathA , 539936
SHSetKnownFolderPath , 539844
SHGetSpecialFolderPathA , 539752
DsBindWithSpnExW , 539628
DsCrackNamesW , 539496
DsFreeDomainControllerInfoW , 539428
DsFreeNameResultW , 539388
DsFreePasswordCredentials , 539348
DsGetDomainControllerInfoW , 539232
DsMakePasswordCredentialsW , 539120
DsUnBindW , 539052
VerFindFileW , 538304
ForceSyncFgPolicyInternal , 537568
FreeGPOListInternalA , 537496
FreeGPOListInternalW , 537432
GenerateGPNotificationInternal , 537344
GetAppliedGPOListInternalA , 537232
GetAppliedGPOListInternalW , 537120
GetGPOListInternalA , 537000
GetGPOListInternalW , 536880
GetNextFgPolicyRefreshInfoInternal , 536808
GetPreviousFgPolicyRefreshInfoInternal , 536736
IsSyncForegroundPolicyRefresh , 536660
RefreshPolicyInternal , 536596
RefreshPolicyExInternal , 536532
WaitForMachinePolicyForegroundProcessingInternal , 536476
WaitForUserPolicyForegroundProcessingInternal , 536420
AreThereVisibleShutdownScriptsInternal , 536352
AreThereVisibleLogoffScriptsInternal , 536284
HasPolicyForegroundProcessingCompletedInternal , 536172
VerFindFileA , 535576
GetFileVersionInfoSizeExA , 535468
GetFileVersionInfoExA , 535328
GetThreadGroupAffinity , 533964
GetProcessGroupAffinity , 533872
SetProcessGroupAffinity , 533712
GetNumaNodeProcessorMaskEx , 533584
QueryFullProcessImageNameA , 533328
_purecall , 530952
_invalid_parameter , 530640
GetApplicationRecoveryCallback , 530060
DelayLoadFailureHookLookup , 529360
GetWindowsAccountDomainSid , 524296
EqualDomainSid , 523832
UnhandledExceptionFilter , 522928
TlsGetValue , 471792
BemCreateReference , 471080
BemCreateContractFrom , 470692
RegLoadKeyW , 470072
EnterCriticalPolicySectionInternal , 468116
LeaveCriticalPolicySectionInternal , 468072
Internal_EnumSystemLanguageGroups , 467296
EnumSystemLanguageGroupsW , 467280
BaseInitAppcompatCacheSupport , 466936
SetClientDynamicTimeZoneInformation , 466016
HeapCompact , 465708
AddAccessDeniedAce , 465680
RsopLoggingEnabledInternal , 465624
GetAdjustObjectAttributesForPrivateNamespaceRoutine , 465516
RegSetValueExA , 456252
PathQuoteSpacesW , 455072
StrToIntExW , 454688
StrToInt64ExW , 454464
StrRStrIW , 454064
PathUnExpandEnvStringsW , 453680
LCMapStringA , 453156
NlsGetACPFromLocale , 452864
GetOsSafeBootMode , 450964
StopTraceW , 450864
PathStripPathW , 450344
UrlFixupW , 448808
UrlApplySchemeW , 448004
NormalizeString , 447868
CreatePrivateObjectSecurity , 447544
AreFileApisANSI , 447228
_AddMUIStringToCache , 446176
CreateHardLinkW , 445568
GetModuleBaseNameA , 445344
K32GetModuleBaseNameA , 445344
WerpNotifyUseStringResource , 444824
PathSkipRootW , 444648
SetProcessMitigationPolicy , 443924
PrivCopyFileExW , 442360
EnumResourceLanguagesExW , 439684
CreateFile2 , 439068
SystemTimeToTzSpecificLocalTimeEx , 437424
StrChrNW , 436820
SearchPathA , 436016
GetProcessWorkingSetSizeEx , 435616
SetProcessWorkingSetSizeEx , 435384
GetTimeZoneInformationForYear , 434896
StrCmpNA , 434792
GetCPFileNameFromRegistry , 434048
HashData , 433872
GetProcessIdOfThread , 432468
IsInternetESCEnabled , 432320
BasepNotifyTrackingService , 425860
ReplaceFileW , 423480
CancelSynchronousIo , 423292
SetCurrentDirectoryA , 422888
GetDeviceDriverBaseNameW , 422632
K32GetDeviceDriverBaseNameW , 422632
UnlockFileEx , 422544
LockFileEx , 422364
GetCPInfoExW , 422120
FindFirstChangeNotificationW , 421796
VerLanguageNameA , 421512
VerLanguageNameW , 421332
GetNumberFormatEx , 421128
VerQueryValueA , 419308
GetStringTableEntry , 418720
SetProcessPreferredUILanguages , 418496
GetFileVersionInfoByHandle , 417916
UnregisterGPNotificationInternal , 417856
PathCchAddExtension , 417200
FillConsoleOutputAttribute , 417056
WriteProcessMemory , 416768
TzSpecificLocalTimeToSystemTime , 412320
RegSetKeySecurity , 411704
GetDynamicTimeZoneInformation , 411064
SystemTimeToTzSpecificLocalTime , 410724
LoadStringA , 408484
GetStringTypeA , 408268
PathCreateFromUrlAlloc , 408068
lstrcmp , 407816
lstrcmpA , 407816
SetSecurityAccessMask , 407676
SetFileSecurityW , 407372
GetUserGeoID , 407088
SleepConditionVariableSRW , 406916
GetAppContainerNamedObjectPath , 406412
RegFlushKey , 405912
MoveFileWithProgressW , 405876
QueryAllTracesW , 405152
RegKrnGetClassesEnumTableAddressInternal , 404640
__wgetmainargs , 402192
RegDisablePredefinedCacheEx , 401676
GetGeoInfoW , 401244
MapViewOfFileFromApp , 401040
CreateFileMappingFromApp , 400688
TraceSetInformation , 400484
SignalObjectAndWait , 400276
EnumSystemLocalesEx , 398324
GetStringScripts , 397312
EnumSystemLocalesA , 397104
Internal_EnumSystemLocales , 396236
StrRChrIW , 393152
RegDeleteKeyExInternalA , 392700
RegDeleteKeyExA , 392672
lstrcpyn , 392576
lstrcpynA , 392576
GetDynamicTimeZoneInformationEffectiveYears , 390224
PathCchRemoveExtension , 388592
Internal_EnumDateFormats , 388352
EnumDateFormatsExEx , 388128
FindNLSString , 387880
Internal_EnumTimeFormats , 386140
EnumTimeFormatsEx , 386048
GetCalendarInfoEx , 385680
Internal_EnumCalendarInfo , 384732
EnumCalendarInfoExEx , 384496
GetCalendarInfoW , 384368
GetDateFormatA , 383084
FindFirstVolumeW , 380844
FindNextVolumeW , 380080
FindVolumeClose , 380012
PathRelativePathToW , 379372
PathFindNextComponentW , 379260
RegDeleteValueA , 379092
CheckTokenCapability , 376720
WriteFileGather , 374400
IsTimeZoneRedirectionEnabled , 374364
LocalFileTimeToFileTime , 374224
ObjectOpenAuditAlarmW , 373836
GetTempFileNameW , 373248
GetNumberFormatW , 372904
RegLoadAppKeyW , 371632
GetDiskFreeSpaceW , 370208
TraceQueryInformation , 366872
EnumerateTraceGuidsEx , 358600
StartTraceW , 355980
GetLogicalDriveStringsW , 355328
GetSystemFirmwareTable , 355044
EnableTraceEx2 , 354396
ControlTraceW , 351096
OpenTraceW , 349936
ProcessTrace , 349248
CloseTrace , 348624
GetConsoleCP , 347668
IsCharAlphaNumericA , 347496
GetFileMUIPath , 347192
GetProcessVersion , 346928
PathIsFileSpecW , 346752
PathCleanupSpec , 346480
PathGetCharTypeW , 346284
K32QueryWorkingSet , 346156
QueryWorkingSet , 346156
QueryIdleProcessorCycleTime , 345880
QueryProcessCycleTime , 345772
CharUpperBuffA , 344788
CharUpperA , 344720
CreateProcessA , 344596
CreateProcessInternalA , 344368
WerUnregisterMemoryBlock , 343168
SetFileValidData , 343100
FlushViewOfFile , 342912
IsCharAlphaNumericW , 342688
SetEndOfFile , 342208
CreatePrivateNamespaceW , 342004
GetUserPreferredUILanguages , 341788
QueryActCtxW , 341664
FindNextFileA , 341536
GetEnvironmentStrings , 341312
GetEnvironmentStringsA , 341312
FindFirstFileA , 340956
EnumProcesses , 340188
K32EnumProcesses , 340188
lstrcpynW , 339276
SetThreadpoolThreadMinimum , 338904
AreAllAccessesGranted , 338880
ObjectCloseAuditAlarmW , 338776
GetTimeFormatW , 338668
PathParseIconLocationW , 338244
SHGetFolderPathAndSubDirW , 338132
FindNextChangeNotification , 337720
InitOnceComplete , 337396
PathCchRemoveBackslash , 337368
StrRChrW , 336872
UrlIsNoHistoryW , 336844
GetLogicalProcessorInformation , 336592
QueryThreadCycleTime , 336448
GetSystemTimeAdjustment , 336316
PathGetDriveNumberA , 336152
GetSystemDirectoryA , 336032
SHGetFolderLocation , 335920
GetModuleInformation , 335652
K32GetModuleInformation , 335652
OpenSemaphoreW , 335344
UrlUnescapeA , 334368
StrStrA , 334192
StrRChrA , 334008
SHRegQueryUSValueA , 333696
SHGetFileInfoW , 333296
RegCreateKeyExInternalA , 332892
RegCreateKeyExA , 332804
PathMatchSpecW , 332548
GetDriveTypeA , 332188
SHRegCreateUSKeyW , 331780
SHRegEnumUSKeyW , 331516
SHRegQueryInfoUSKeyW , 331228
SHRegWriteUSValueW , 330868
SHRegEnumUSValueW , 330576
SHRegDeleteUSValueW , 330316
GetVolumePathNameW , 328000
GetVolumePathNamesForVolumeNameW , 326908
FindStringOrdinal , 326120
GetVolumeNameForVolumeMountPointW , 325696
RegEnumValueA , 323280
GetAcceptLanguagesW , 322992
UrlGetLocationW , 322880
CreateDirectoryA , 322552
SetFileAttributesA , 322484
PathAddBackslashA , 321816
StrStrIA , 321652
StrChrIA , 321408
StrCmpNIA , 321248
GetUserDefaultLangID , 321152
IdnToUnicode , 320160
CheckRemoteDebuggerPresent , 319224
GetHandleInformation , 319108
GetSystemPreferredUILanguages , 318864
ResolveLocaleName , 318096
CtrlRoutine , 317880
GetApplicationRestartSettings , 317788
HeapValidate , 317748
StrChrIW , 317504
SetConsoleTitleW , 317236
SetEnvironmentVariableA , 317048
WerRegisterRuntimeExceptionModule , 316352
GetNumaHighestNodeNumber , 316272
UrlEscapeW , 315912
CreateMemoryResourceNotification , 315184
UrlGetPartW , 313680
UrlCombineW , 313480
PathRemoveBackslashW , 313292
UrlCanonicalizeW , 308368
EqualPrefixSid , 308096
CharPrevA , 307936
CharLowerBuffA , 307696
StrCmpCA , 307624
StrToIntA , 307552
SHGetInstanceExplorer , 307440
AddMandatoryAce , 307332
IdnToAscii , 307200
RegDeleteValueW , 307024
WriteFileEx , 306368
ReadFileEx , 306132
GetNLSVersion , 306004
GetModuleFileNameExW , 305728
K32GetModuleFileNameExW , 305728
EnumProcessModules , 305312
K32EnumProcessModules , 305312
GetModuleBaseNameW , 305104
K32GetModuleBaseNameW , 305104
PathCchCanonicalize , 304732
CancelIo , 304588
VirtualLock , 304184
PathAllocCombine , 303288
SHRegGetBoolUSValueW , 302640
StrCmpNCW , 302576
SHGetSpecialFolderPathW , 302480
GetNLSVersionEx , 302364
LockFile , 302104
UnlockFile , 302000
SHRegGetUSValueW , 301760
SHRegQueryUSValueW , 301124
SHRegCloseUSKey , 300808
SHRegGetUSValueA , 300428
SHRegOpenUSKeyW , 299972
StrCSpnW , 299880
StrCmpLogicalW , 299688
SetSecurityDescriptorControl , 299560
GetProcessTimes , 299300
StrStrW , 299008
StrCmpIW , 298720
PathIsExe , 298628
PathCchAppendEx , 298496
PathCchAppend , 298484
PathIsUNCServerShareW , 298432
PathIsRootW , 298396
PathUnquoteSpacesW , 298336
PathFileExistsW , 298224
PathAddBackslashW , 298056
PathCchAddBackslashEx , 297872
Wow64DisableWow64FsRedirection , 297824
PathStripToRootW , 297616
PathCchStripToRoot , 297412
SHCreateDirectoryExW , 297204
StrDupW , 297040
StrTrimW , 296832
IsCharSpaceW , 296752
StrPBrkW , 296440
SetConsoleTextAttribute , 296332
K32QueryWorkingSetEx , 295712
QueryWorkingSetEx , 295712
PrefetchVirtualMemory , 295472
SetFileInformationByHandle , 295392
CharNextA , 295328
CharLowerA , 295212
StrCmpNW , 294688
BaseIsAppcompatInfrastructureDisabled , 294604
WerRegisterMemoryBlock , 294512
FindCloseChangeNotification , 294304
RegKrnGetTermsrvRegistryExtensionFlags , 294268
GetThreadId , 294196
CancelIoEx , 293964
PathCchAddBackslash , 293932
CreateThreadpoolWait , 293864
AddRefActCtx , 293724
GetCurrentActCtx , 293680
VirtualQueryEx , 293112
CharLowerBuffW , 292992
GetProcessImageFileNameW , 292704
K32GetProcessImageFileNameW , 292704
UnmapViewOfFileEx , 292552
_local_unwind , 276507
__misaligned_access , 276481
__chkstk , 276466
__C_specific_handler , 276439
WakeConditionVariable , 276408
WakeByAddressSingle , 276381
WakeByAddressAll , 276357
WakeAllConditionVariable , 276323
WaitForThreadpoolWorkCallbacks , 276303
WaitForThreadpoolWaitCallbacks , 276283
WaitForThreadpoolTimerCallbacks , 276262
WaitForThreadpoolIoCallbacks , 276234
VerSetConditionMask , 276208
UnregisterTraceGuids , 276178
TryEnterCriticalSection , 276145
TryAcquireSRWLockShared , 276112
TryAcquireSRWLockExclusive , 276076
TraceMessageVa , 276052
TraceMessage , 276030
TraceEvent , 276007
SubmitThreadpoolWork , 275990
StartThreadpoolIo , 275960
SetThreadpoolWaitEx , 275942
SetThreadpoolWait , 275926
SetThreadpoolTimerEx , 275907
SetThreadpoolTimer , 275890
SetThreadpoolThreadMaximum , 275864
SetLastError , 275837
SetEventWhenCallbackReturns , 275800
SetCriticalSectionSpinCount , 275763
RestoreLastError , 275732
RemoveVectoredExceptionHandler , 275692
RemoveVectoredContinueHandler , 275653
ReleaseSemaphoreWhenCallbackReturns , 275608
ReleaseSRWLockShared , 275578
ReleaseSRWLockExclusive , 275545
ReleaseMutexWhenCallbackReturns , 275504
RegisterTraceGuidsW , 275475
RegisterTraceGuidsA , 275446
QueryUnbiasedInterruptTime , 275410
QueryPerformanceFrequency , 275375
QueryPerformanceCounter , 275342
QueryDepthSList , 275317
LeaveCriticalSectionWhenCallbackReturns , 275268
LeaveCriticalSection , 275238
IsThreadpoolTimerSet , 275219
InterlockedPushListSListEx , 275183
InterlockedPushListSList , 275149
InterlockedPushEntrySList , 275114
InterlockedPopEntrySList , 275080
InterlockedFlushSList , 275049
InitializeSRWLock , 275022
InitializeSListHead , 274993
InitializeCriticalSection , 274958
InitializeConditionVariable , 274921
InitOnceInitialize , 274894
HeapSize , 274876
HeapReAlloc , 274852
HeapFree , 274834
HeapAlloc , 274812
GetTraceLoggerHandle , 274782
GetTraceEnableLevel , 274753
GetTraceEnableFlags , 274724
GetCurrentProcessorNumberEx , 274687
GetCurrentProcessorNumber , 274652
FreeLibraryWhenCallbackReturns , 274614
FlushProcessWriteBuffers , 274581
ExitThread , 274557
ExitProcess , 274532
EventWriteTransfer , 274504
EventWriteString , 274478
EventWriteEx , 274456
EventWrite , 274436
EventUnregister , 274411
EventSetInformation , 274382
EventRegister , 274359
EventProviderEnabled , 274329
EventEnabled , 274307
EventActivityIdControl , 274275
EnterCriticalSection , 274245
EncodeSystemPointer , 274216
EncodePointer , 274193
DisassociateCurrentThreadFromCallback , 274164
DeleteSynchronizationBarrier , 274141
DeleteCriticalSection , 274110
DecodeSystemPointer , 274081
DecodePointer , 274058
CloseThreadpoolWork , 274038
CloseThreadpoolWait , 274018
CloseThreadpoolTimer , 273997
CloseThreadpoolIo , 273969
CloseThreadpoolCleanupGroupMembers , 273934
CloseThreadpoolCleanupGroup , 273906
CloseThreadpool , 273886
CancelThreadpoolIo , 273855
AddVectoredExceptionHandler , 273818
AddVectoredContinueHandler , 273782
AcquireSRWLockShared , 273752
AcquireSRWLockExclusive , 273719
RegisterGPNotificationInternal , 232724
WerUnregisterFile , 232624
WerRegisterFile , 232552
PathRemoveBlanksW , 232352
DeleteTimerQueueEx , 231632
GetCurrentDirectoryA , 231136
GetDiskFreeSpaceExW , 230776
PostQueuedCompletionStatus , 230652
GetUserDefaultLocaleName , 230160
GetFileTime , 230016
RaiseException , 229556
SHGetFolderPathW , 229456
PathIsRelativeW , 229392
GetFileSizeEx , 229284
SHGetDesktopFolder , 229240
StrCmpICA , 229120
StrCmpICW , 229056
VirtualProtect , 228956
SetThreadPriority , 228836
SwitchToThread , 228544
OutputDebugStringW , 228416
AdjustTokenGroups , 228296
SuspendThread , 228256
FindActCtxSectionStringW , 227812
GetSystemDefaultLangID , 227744
TransactNamedPipe , 227492
CreateThreadpoolIo , 227184
DisconnectNamedPipe , 227024
ReadFileScatter , 226212
FormatMessageA , 225564
GetDeviceDriverBaseNameA , 225416
K32GetDeviceDriverBaseNameA , 225416
EnumDeviceDrivers , 225208
K32EnumDeviceDrivers , 225208
PeekNamedPipe , 224472
CreateNamedPipeW , 223124
PathGetArgsW , 222832
GetSystemDefaultLocaleName , 222304
Internal_EnumUILanguages , 221020
EnumUILanguagesW , 221004
SetThreadContext , 220696
VirtualAllocExNuma , 220520
GetProcessMemoryInfo , 219812
K32GetProcessMemoryInfo , 219812
hgets , 219036
CharNextExA , 218948
IsProcessInJob , 218872
GetComputerNameExA , 218400
HeapUnlock , 218376
HeapLock , 218352
HeapWalk , 218144
SetThreadGroupAffinity , 216636
GetPerformanceInfo , 215728
K32GetPerformanceInfo , 215728
DefineDosDeviceW , 215172
RegQueryInfoKeyA , 213200
WaitNamedPipeW , 208296
FindNLSStringEx , 207312
CreateTimerQueue , 207268
CreateIoCompletionPort , 207104
QueueUserAPC , 206924
UrlCreateFromPathW , 205360
MoveFileExW , 204480
MoveFileWithProgressTransactedW , 204256
CreateEventExA , 202044
GetOverlappedResultEx , 201864
SetFileTime , 201692
CompareStringEx , 201040
PathSearchAndQualifyW , 200672
QueryDosDeviceW , 200016
PathIsPrefixW , 199920
PathIsUNCServerW , 199856
IsCharAlphaW , 199504
CreateRestrictedToken , 198632
RegDeleteTreeW , 198104
SetFilePointerEx , 188968
PathCombineW , 188836
CharLowerW , 188592
CreatePrivateObjectSecurityEx , 188512
DestroyPrivateObjectSecurity , 188468
FlushFileBuffers , 188392
CreateEventExW , 188216
GetLogicalDrives , 188068
PathIsUNCEx , 188000
GetFileInformationByHandleEx , 187824
PrivilegeCheck , 187264
DuplicateTokenEx , 187088
RegNotifyChangeKeyValue , 186824
PathCommonPrefixW , 186384
AccessCheckAndAuditAlarmW , 185896
GetThreadUILanguage , 185584
VirtualAllocEx , 180900
VirtualFreeEx , 180800
ReadDirectoryChangesW , 180464
WriteConsoleW , 179900
SetThreadLocale , 179600
QueryFullProcessImageNameW , 178832
GetOEMCP , 178664
SetProcessShutdownParameters , 178524
SearchPathW , 178064
OpenMutexW , 177884
IsDBCSLeadByteEx , 177324
RemoveDirectoryW , 176832
RegLoadMUIStringW , 176336
GetLongPathNameW , 175232
PathCanonicalizeW , 175092
RegDeleteKeyExW , 174440
RegDeleteKeyExInternalW , 173780
RegGetKeySecurity , 173104
RegEnumKeyExA , 172332
CopyFileExW , 169840
BasepCopyFileExW , 161628
BasepCopyFileCallback , 160624
_GetMUIStringFromCache , 160056
_OpenMuiStringCache , 159732
EnumResourceNamesExW , 156720
DisablePredefinedHandleTableInternal , 156096
OpenPrivateNamespaceW , 154232
ClosePrivateNamespace , 153748
SetThreadStackGuarantee , 153468
DeleteBoundaryDescriptor , 153040
AddSIDToBoundaryDescriptor , 153008
CreateBoundaryDescriptorW , 152952
GetTimeZoneInformation , 147920
StrCmpW , 146928
UrlUnescapeW , 146144
PathCreateFromUrlW , 145824
UrlIsW , 144976
PathIsURLW , 143656
GetWriteWatch , 143408
GetThreadContext , 143372
ResetWriteWatch , 143328
StrCmpNCA , 143280
StrCmpNICA , 143200
ParseURLW , 142896
GetFileAttributesA , 142692
GetLocaleInfoA , 142016
FormatMessageW , 139516
LocalUnlock , 138816
LocalLock , 138640
LocalReAlloc , 137984
GetCommandLineW , 137808
HeapSetInformation , 137772
InitializeCriticalSectionEx , 137728
GetSystemDirectoryW , 137636
TlsAlloc , 137504
GetVersion , 137216
GetSystemInfo , 137092
OutputDebugStringA , 136408
OpenFileMappingW , 135648
GetProcessMitigationPolicy , 135484
GetCommandLineA , 135468
FlsAlloc , 135368
HeapCreate , 135256
GetStringTypeW , 134944
CreateRemoteThreadEx , 133872
ImpersonateAnonymousToken , 133836
MakeSelfRelativeSD , 133784
InitializeSid , 133748
GetSidLengthRequired , 133724
AccessCheckByType , 133588
GetSidSubAuthority , 133528
GetSidSubAuthorityCount , 133480
GetAce , 133444
GetSecurityDescriptorDacl , 133364
ProcessIdToSessionId , 133196
RegOpenCurrentUser , 132784
StrCmpCW , 132240
SHGetKnownFolderPath , 132144
GetUserDefaultUILanguage , 132096
PathFindFileNameW , 131904
DeactivateActCtx , 131692
ActivateActCtx , 131632
ReleaseActCtx , 131592
LoadStringW , 131564
LoadStringBaseExW , 131280
CompareStringOrdinal , 130432
GetLocaleInfoW , 130112
SetFilePointer , 129776
OpenEventW , 129568
GetCPHashNode , 129456
AllocateAndInitializeSid , 129340
FreeSid , 129320
GetModuleHandleExW , 129196
GetProcAddressForCaller , 128752
LoadLibraryExA , 128632
LoadLibraryExW , 128400
GetUserDefaultLCID , 128016
lstrcmpW , 127712
DeleteAce , 127096
StrToIntW , 127024
InitOnceBeginInitialize , 126740
HeapDestroy , 126664
TerminateThread , 126348
TlsFree , 125836
ReadProcessMemory , 125776
BaseFormatObjectAttributes , 125604
GlobalAlloc , 125120
GlobalFree , 125024
RegGetValueW , 124480
GetDateFormatEx , 124344
GetTimeFormatEx , 124256
GetLogicalProcessorInformationEx , 123936
GetCalendar , 123564
NlsIsUserDefaultLocale , 123524
CreateWellKnownSid , 123104
GetUserInfo , 122624
GetUserInfoWord , 121936
GetNamedLocaleHashNode , 121648
GetLocaleInfoHelper , 119216
SleepConditionVariableCS , 119108
_time64 , 119004
time , 118996
CancelWaitableTimer , 118960
CreateThreadpoolWork , 118912
GlobalMemoryStatusEx , 118068
lstrcmpiW , 117248
QueryMemoryResourceNotification , 117136
GetDateFormatW , 117016
SetHandleInformation , 116828
CreateThreadpoolCleanupGroup , 116688
GetModuleHandleExA , 116336
StrChrA , 116200
StrChrA_MB , 116132
PathRemoveExtensionW , 114656
PathCchFindExtension , 114528
QuerySecurityAccessMask , 114436
GetFileSecurityW , 114112
ConvertDefaultLocale , 114068
GetLocaleInfoEx , 113584
LocaleNameToLCID , 113232
LCIDToLocaleName , 112944
GetComputerNameExW , 112736
RegGetValueA , 112320
RegQueryValueExA , 111264
RegOpenKeyExA , 111220
RegOpenKeyExInternalA , 110784
GetNamedPipeAttribute , 110492
GetNamedPipeClientComputerNameW , 110396
ImpersonateNamedPipeClient , 110172
SetNamedPipeHandleState , 109996
ConnectNamedPipe , 109824
GetShortPathNameW , 109128
GetProductInfo , 108572
IsWellKnownSid , 108144
SHLoadIndirectString , 107328
LoadStringByReference , 105880
PathRemoveFileSpecW , 105808
PathCchRemoveFileSpec , 105552
SHExpandEnvironmentStringsW , 105468
PathCchSkipRoot , 105168
PathCchCombine , 105060
PathAppendW , 104868
PathCchCombineEx , 104080
PathCchCanonicalizeEx , 103280
StrStrIW , 102304
PathIsValidCharW , 102096
PathCchIsRoot , 101840
ExpandEnvironmentStringsA , 100784
GetThreadPreferredUILanguages , 100732
IsValidAcl , 100696
SetThreadPreferredUILanguages , 100620
GetPriorityClass , 100516
GetSystemDefaultUILanguage , 100448
SetTokenInformation , 100072
CreateProcessAsUserW , 99960
GetAppContainerAce , 99728
GetSecurityDescriptorGroup , 99676
GetSecurityDescriptorOwner , 99624
SetFileAttributesW , 97212
CreateMutexExA , 96896
CreateMutexA , 96860
__dllonexit3 , 96648
GetStringTypeExW , 96320
SetEnvironmentStringsW , 96112
VerQueryValueW , 95040
GetFileVersionInfoExW , 94592
GetFileVersionInfoSizeExW , 94248
RegQueryInfoKeyW , 91456
RegEnumValueW , 90944
RegSetValueExW , 88592
RegCreateKeyExW , 88020
RegCreateKeyExInternalW , 87616
GetSidIdentifierAuthority , 86400
GetSecurityDescriptorSacl , 86204
MakeAbsoluteSD , 85920
AddAccessAllowedAceEx , 85868
AddAce , 85824
GetAclInformation , 85788
PathCchRemoveBackslashEx , 85616
PathFindExtensionW , 85504
CreateActCtxW , 85264
ImpersonateLoggedOnUser , 84592
SHCoCreateInstance , 84440
PathGetDriveNumberW , 84364
PathIsUNCW , 84320
GetProcessId , 84264
GetErrorMode , 84192
RegEnumKeyExW , 83648
RegOpenUserClassesRoot , 82704
SizeofResource , 78384
LockResource , 78368
LoadResource , 78288
FindResourceExW , 77936
BaseDllMapResourceIdW , 77616
CharUpperBuffW , 77520
GetWindowsDirectoryW , 77452
CLOSE_LOCAL_HANDLE_INTERNAL , 77376
IsDBCSLeadByte , 76992
GetSystemWindowsDirectoryW , 76888
GetSystemDefaultLCID , 76800
SetKernelObjectSecurity , 76764
SetSecurityDescriptorSacl , 76728
GetKernelObjectSecurity , 76676
StrCmpNICW , 76592
CreateDirectoryW , 75860
CharPrevW , 75688
GetFileAttributesExW , 75404
RegisterWaitForSingleObjectEx , 75124
StrCmpNIW , 74864
IsTokenRestricted , 74700
CompareStringA , 73376
SpecialMBToWC , 73104
AllocateLocallyUniqueId , 73064
CharUpperW , 72880
_initterm , 72820
_initterm_e , 72752
GetNativeSystemInfo , 72616
CheckTokenMembershipEx , 72480
GetVersionExA , 72252
NlsValidateLocale , 72176
CreateThreadpool , 71884
GetUnicodeStringToEightBitStringRoutine , 71728
TerminateProcess , 71432
SetPriorityClass , 71252
SetFileApisToOEM , 70300
GetConsoleScreenBufferInfo , 70208
GetConsoleScreenBufferInfoEx , 70064
CreatePipe , 69676
SetConsoleCtrlHandler , 65552
SetCurrentDirectoryW , 65464
SetStdHandle , 65392
GetConsoleOutputCP , 65120
SetEnvironmentVariableW , 65024
SetConsoleInputExeNameW , 64896
SetConsoleMode , 64624
NeedCurrentDirectoryForExePathW , 64572
GetConsoleTitleW , 64224
SetThreadUILanguage , 63472
InitializeProcThreadAttributeList , 63328
UpdateProcThreadAttribute , 63032
GetVolumeInformationByHandleW , 61824
GetVolumeInformationW , 61448
CreateFileMappingNumaW , 61056
QueryActCtxSettingsW , 60008
SetHandleCount , 55716
SetUnhandledExceptionFilter , 51772
IsValidLocaleName , 50328
CreateMutexExW , 50148
GetFullPathNameA , 49560
GetEnvironmentVariableA , 49096
CreateProcessInternalW , 47472
BaseCheckAppcompatCacheEx , 35744
GetTempPathW , 35404
GetExitCodeProcess , 35284
CreateProcessW , 35168
DuplicateToken , 35008
GetStartupInfoW , 34816
GetStdHandle , 34704
GetDriveTypeW , 34032
DeleteFileW , 33680
DeleteFileA , 33584
ResolveDelayLoadedAPI , 33452
OpenEventA , 32684
OpenRegKey , 32192
IsValidLocale , 31664
CreateFileA , 31148
_amsg_exit , 31120
DeleteProcThreadAttributeList , 31120
LoadAppInitDlls , 31120
GetCurrentDirectoryW , 31080
GetFileType , 30944
IsValidCodePage , 30840
GetCPInfo , 30624
FindNextFileW , 30208
FindClose , 29888
FindFirstFileW , 29792
FindFirstFileExW , 29232
SetErrorMode , 28864
GetEnvironmentStringsW , 28672
FreeEnvironmentStringsA , 28624
FreeEnvironmentStringsW , 28624
VirtualQuery , 28460
GetFileAttributesW , 28208
FileTimeToLocalFileTime , 28064
FileTimeToSystemTime , 27888
CreateSemaphoreExW , 27724
SystemTimeToFileTime , 27568
GetEnvironmentVariableW , 26912
GetACP , 26720
WideCharToMultiByte , 26160
CharNextW , 26000
ResumeThread , 25952
IsDebuggerPresent , 25904
IsWow64Process , 25788
FreeResource , 25776
CheckTokenMembership , 25584
GetFileSize , 25456
CompareFileTime , 25184
BaseDllFreeResourceId , 25148
MapGenericMask , 25128
ReadFile , 24848
GetFileInformationByHandle , 24576
CreateFileMappingW , 24288
MapViewOfFile , 24080
GetFullPathNameW , 23984
CreateFileW , 23776
GetFinalPathNameByHandleW , 21584
MultiByteToWideChar , 21040
LCMapStringW , 20832
LCMapStringEx , 20016
lstrlen , 19664
lstrlenA , 19664
CompareStringW , 19152
InternalLcidToName , 18944
RegQueryValueExW , 17920
GetProcAddress , 17728
QueueUserWorkItem , 17580
RegCloseKey , 17328
RegOpenKeyExW , 16608
RegOpenKeyExInternalW , 16176
GetLocalTime , 14892
TrySubmitThreadpoolCallback , 14856
GetSecurityDescriptorControl , 14480
GetSecurityDescriptorLength , 14452
AddAccessAllowedAce , 14424
IsValidSecurityDescriptor , 14388
SetSecurityDescriptorGroup , 14352
SetSecurityDescriptorOwner , 14316
SetSecurityDescriptorDacl , 14280
InitializeSecurityDescriptor , 14244
InitializeAcl , 14208
GetTokenInformation , 14112
AccessCheck , 13980
IsValidSid , 13944
EqualSid , 13888
CopySid , 13852
GetLengthSid , 13804
OpenThread , 13700
GetThreadTimes , 13552
GetVersionExW , 13480
CreateMutexW , 13328
GetOverlappedResult , 13136
GetQueuedCompletionStatus , 12992
DeviceIoControl , 12624
CreateTimerQueueTimer , 12484
DeleteTimerQueueTimer , 12396
UnregisterWaitEx , 12288
GetExitCodeThread , 12216
ChangeTimerQueueTimer , 12160
CreateWaitableTimerExW , 11992
FlsFree , 11956
IsProcessorFeaturePresent , 11840
GetEightBitStringToUnicodeStringRoutine , 11824
DisableThreadLibraryCalls , 11784
ImpersonateSelf , 11704
AdjustTokenPrivileges , 11644
RevertToSelf , 11580
BasepAdjustObjectAttributesForPrivateNamespace , 11264
VirtualUnlock , 11192
GetSystemTime , 11040
StrChrW , 10992
FlushInstructionCache , 10968
GetThreadLocale , 10928
SetThreadToken , 10848
GetThreadPriority , 10772
FindActCtxSectionGuid , 10672
VirtualFree , 10560
FreeLibrary , 10472
GetModuleHandleW , 10400
ExpandEnvironmentStringsW , 10288
OpenProcess , 10184
DuplicateHandle , 10080
CreateEventW , 9904
FreeLibraryAndExitThread , 9808
GetModuleHandleA , 9480
GetModuleFileNameA , 8656
GetModuleFileNameW , 8464
FlsSetValue , 8356
MapViewOfFileEx , 8176
GetConsoleMode , 7904
UnmapViewOfFile , 7820
WriteFile , 7632
CreateEventA , 7408
QISearch , 7216
NlsGetCacheUpdateCount , 7172
InitOnceExecuteOnce , 7136
InitializeCriticalSectionAndSpinCount , 7056
KernelBaseGetGlobalData , 7040
OpenProcessToken , 6992
OpenThreadToken , 6944
IsThreadAFiber , 6908
CreateThreadpoolTimer , 6860
MapPredefinedHandleInternal , 6720
ReleaseSemaphore , 6680
lstrlenW , 6640
VirtualAlloc , 6480
CallbackMayRunLong , 6436
SetWaitableTimer , 6288
LocalAlloc , 6112
LocalFree , 6016
TlsSetValue , 5904
SetWaitableTimerEx , 5664
GetSystemTimeAsFileTime , 5568
CloseHandle , 5504
ResetEvent , 5456
SetEvent , 5408
PulseEvent , 5364
GetTickCount64 , 5312
FlsGetValue , 5232
GetLastError , 5184
WaitForMultipleObjectsEx , 4896
GetProcessHeap , 4720
GetTickCount , 4688
SleepEx , 4416
Sleep , 4392
WaitForSingleObjectEx , 4176
WaitForSingleObject , 4160
ReleaseMutex , 4112
