__setlc_active , 1896840
__unguarded_readlc_active , 1896836
__pioinfo , 1896320
_fmode , 1890512
_commode , 1889284
_wcmdln , 1886784
_acmdln , 1886776
_wpgmptr , 1885152
_pgmptr , 1885144
_wenviron , 1885136
_environ , 1885128
__wargv , 1885120
__argv , 1885112
__argc , 1885108
__initenv , 1885096
__winitenv , 1885088
_HUGE , 1881376
_sys_nerr , 1880520
__lconv , 1880360
_crtAssertBusy , 1880284
__mb_cur_max , 1880264
_pwctype , 1879168
_pctype , 1879160
_crtDbgFlag , 1879132
_crtBreakAlloc , 1879112
__badioinfo , 1878624
_mbcasemap , 1876720
_mbctype , 1876448
_tzname , 1870608
_dstbias , 1870472
_daylight , 1870468
_timezone , 1870464
_iob , 1869376
_sys_errlist , 1673856
_wctype , 1660768
const std , 1635176
const std , 1635152
const std , 1635128
const std , 1635080
tanhf , 1384848
tanh , 1383056
tanf , 1380736
tan , 1376992
sqrtf , 1376464
sinhf , 1374560
sinh , 1372160
sinf , 1370928
sin , 1369760
powf , 1367664
pow , 1364656
modff , 1364368
modf , 1363968
logf , 1363360
log10f , 1362704
log10 , 1361904
log , 1361200
ldexp , 1360432
frexp , 1359984
fmodf , 1358304
fmod , 1356048
floorf , 1355328
floor , 1354768
expf , 1354416
coshf , 1352384
cosh , 1350064
cosf , 1349296
cos , 1348128
ceilf , 1347680
ceil , 1347104
atanf , 1345920
atan2f , 1342816
atan2 , 1338432
atan , 1337104
asinf , 1335776
asin , 1334192
acosf , 1332896
acos , 1331376
_logbf , 1331008
_logb , 1330528
_yn , 1329584
_y1 , 1329024
_y0 , 1328496
_jn , 1327904
_j1 , 1327392
_j0 , 1326992
_hypotf , 1326208
_hypot , 1324640
_fpieee_flt , 1324544
_scalbf , 1323664
_scalb , 1322528
_nextafterf , 1321664
_nextafter , 1320576
_isnanf , 1320496
_isnan , 1320400
_fpclassf , 1320096
_fpclass , 1319648
_finitef , 1319584
_finite , 1319504
_copysignf , 1319392
_copysign , 1319248
_controlfp_s , 1318944
_statusfp , 1318912
_set_controlfp , 1318816
_fpreset , 1318448
_controlfp , 1318400
_control87 , 1318112
_clearfp , 1318080
_chgsignf , 1317504
_chgsign , 1317408
_cabs , 1317360
sqrt , 1316864
fabs , 1316592
exp , 1315920
$I10_OUTPUT , 1313056
__STRINGTOLD_L , 1293328
strerror_s , 1265808
strerror , 1265584
setlocale , 1264304
realloc , 1264240
srand , 1264208
rand , 1264128
qsort_s , 1262128
qsort , 1260208
perror , 1260016
longjmp , 1259776
lldiv , 1259632
llabs , 1259568
ldiv , 1259520
labs , 1259472
div , 1259424
calloc , 1259360
bsearch_s , 1258352
bsearch , 1257360
_wsplitpath_s , 1254832
_wsplitpath , 1253008
_wsearchenv_s , 1250928
_wsearchenv , 1250864
_wputenv_s , 1250592
_wputenv , 1248400
_wperror , 1247872
_wmakepath_s , 1246464
_wmakepath , 1246384
_wcserror_s , 1245872
_wcserror , 1245632
_umask_s , 1245232
_umask , 1245168
_strerror_s , 1244496
_strerror , 1243984
_splitpath_s , 1241488
_splitpath , 1239664
_setjmpex , 1239520
_setjmp , 1239344
setjmp , 1239344
abort , 1239184
_set_abort_behavior , 1239120
_searchenv_s , 1237056
_searchenv , 1236992
_putenv_s , 1236720
_putenv , 1234640
_makepath_s , 1233248
_makepath , 1233168
_lsearch_s , 1232144
_lsearch , 1231136
_rotr64 , 1231056
_rotr , 1230992
_lrotr , 1230928
_rotl64 , 1230848
_rotl , 1230784
_lrotl , 1230720
_lfind_s , 1229744
_lfind , 1228768
_byteswap_ushort , 1228704
_byteswap_ulong , 1228608
_byteswap_uint64 , 1228352
_assert , 1224816
abs , 1224768
_abs64 , 1224704
__wcserror_s , 1223952
__wcserror , 1223376
__sys_nerr , 1223360
__sys_errlist , 1223344
__lconv_init , 1223280
localeconv , 1223184
__crt_debugger_hook , 1223168
_CrtSetReportHook2 , 1220400
_CrtDbgReport , 1220176
_CRT_RTC_INITW , 1220144
_CRT_RTC_INIT , 1220112
void __cdecl operator delete[](void * __ptr64,int,char const * __ptr64,int) , 1220064
void __cdecl operator delete(void * __ptr64,int,char const * __ptr64,int) , 1220016
__crtCompareStringW , 1219216
__crtCompareStringA , 1219056
__crtLCMapStringW , 1217424
__crtLCMapStringA , 1217248
_wsetlocale , 1210688
_wcreate_locale , 1209952
_get_current_locale , 1209728
_free_locale , 1209488
_create_locale , 1207936
_configthreadlocale , 1207488
__get_current_locale , 1206528
__free_locale , 1206496
__create_locale , 1206464
___unguarded_readlc_active_add_func , 1206240
___setlc_active_func , 1206224
___mb_cur_max_l_func , 1203792
___mb_cur_max_func , 1203696
___lc_locale_name_func , 1203600
___lc_collate_cp_func , 1203504
___lc_codepage_func , 1203408
__NLG_Return2 , 1203200
__NLG_Dispatch2 , 1203184
_local_unwind , 1203104
_wgetenv_s , 1201936
_wgetenv , 1201168
_wdupenv_s_dbg , 1200432
_wdupenv_s , 1200352
getenv_s , 1199776
getenv , 1199376
_dupenv_s_dbg , 1197712
_dupenv_s , 1197632
__CppXcptFilter , 1197440
_XcptFilter , 1196768
_VCrtDbgReportW , 1193888
_VCrtDbgReportA , 1191376
_CrtSetReportMode , 1190928
_CrtSetReportHook , 1190880
_CrtSetReportFile , 1190528
_CrtGetReportHook , 1190512
_CrtDbgBreak , 1190496
__pwctype_func , 1190480
__pctype_func , 1190384
__C_specific_handler , 1184944
signal , 1183856
raise , 1182752
__pxcptinfoptrs , 1182464
__fpecode , 1182400
rand_s , 1181584
__crtUnhandledException , 1180576
__crtTerminateProcess , 1180544
__crtSetUnhandledExceptionFilter , 1180512
__crtIsPackagedApp , 1180448
__crtGetShowWindowMode , 1180384
__crtCapturePreviousContext , 1180048
__crtCaptureCurrentContext , 1179888
__report_gsfailure , 1179360
malloc , 1178848
free , 1178816
_recalloc_dbg , 1176256
_recalloc , 1176176
_realloc_dbg , 1176064
_msize_dbg , 1174560
_msize , 1174528
_malloc_dbg , 1174448
_free_dbg , 1171424
_expand_dbg , 1171136
_expand , 1171072
_calloc_dbg , 1170768
_aligned_recalloc_dbg , 1170672
_aligned_recalloc , 1170592
_aligned_realloc_dbg , 1170512
_aligned_realloc , 1170448
_aligned_offset_recalloc_dbg , 1170160
_aligned_offset_recalloc , 1170064
_aligned_offset_realloc_dbg , 1168880
_aligned_offset_realloc , 1168800
_aligned_offset_malloc_dbg , 1168064
_aligned_offset_malloc , 1168000
_aligned_msize_dbg , 1167552
_aligned_msize , 1167504
_aligned_malloc_dbg , 1167440
_aligned_malloc , 1167392
_aligned_free_dbg , 1167152
_aligned_free , 1167120
_CrtSetDumpClient , 1167072
_CrtSetDebugFillThreshold , 1167024
_CrtSetDbgFlag , 1166704
_CrtSetDbgBlockType , 1166496
_CrtSetCheckCount , 1166464
_CrtSetBreakAlloc , 1166416
_CrtSetAllocHook , 1166368
_CrtReportBlockType , 1166304
_CrtMemDumpStatistics , 1165904
_CrtMemDumpAllObjectsSince , 1165824
_CrtMemDifference , 1165008
_CrtMemCheckpoint , 1164352
_CrtIsValidPointer , 1164288
_CrtIsValidHeapPointer , 1164192
_CrtIsMemoryBlock , 1163808
_CrtGetDumpClient , 1163792
_CrtGetCheckCount , 1163776
_CrtGetAllocHook , 1163760
_CrtDumpMemoryLeaks , 1163568
_CrtDoForAllClientObjects , 1163264
_CrtCheckMemory , 1161824
atexit , 1160432
_onexit , 1159920
__dllonexit , 1159424
void __cdecl operator delete(void * __ptr64) , 1159104
_set_purecall_handler , 1159040
_purecall , 1158960
_get_purecall_handler , 1158928
_set_invalid_parameter_handler , 1158832
_invoke_watson , 1158736
_invalid_parameter , 1158592
_get_invalid_parameter_handler , 1158496
void __cdecl _invalid_parameter(unsigned short const * __ptr64,unsigned short const * __ptr64,unsigned short const * __ptr64,unsigned int,unsigned __int64) , 1158128
_wassert , 1154304
_CrtSetReportHookW2 , 1151568
_CrtDbgReportW , 1151344
int __cdecl _CrtDbgReportW(int,unsigned short const * __ptr64,int,unsigned short const * __ptr64,unsigned short const * __ptr64,...) , 1151216
_wmktemp_s , 1149088
_wmktemp , 1148848
_wcreat , 1148752
_telli64 , 1148720
_tell , 1148688
_mktemp_s , 1146816
_mktemp , 1146576
_locking , 1145312
_setmode , 1143632
_set_fmode , 1143408
_get_fmode , 1143200
_filelengthi64 , 1142448
_filelength , 1141712
_eof , 1140944
_dup2 , 1139056
_dup , 1137568
_creat , 1137472
_cputws , 1137040
_cputs , 1136752
_chsize_s , 1135920
_chsize , 1135184
_cgetws_s , 1133872
_cgetws , 1133584
_cgets_s , 1132512
_cgets , 1132208
int __cdecl _wsopen(wchar_t const * __ptr64,int,int,int) , 1132096
int __cdecl _wopen(wchar_t const * __ptr64,int,int) , 1131984
int __cdecl _sopen(char const * __ptr64,int,int,int) , 1131872
int __cdecl _open(char const * __ptr64,int,int) , 1131760
_putwch_nolock , 1131648
_putwch , 1131584
_putch_nolock , 1131232
_putch , 1131168
_ungetwch_nolock , 1131104
_ungetwch , 1131040
_getwche_nolock , 1130912
_getwche , 1130864
_getwch_nolock , 1130512
_getwch , 1130464
_ungetch_nolock , 1130400
_ungetch , 1130336
_kbhit , 1129872
_getche_nolock , 1129296
_getche , 1129248
_getch_nolock , 1128912
_getch , 1128864
_open_osfhandle , 1127904
_get_osfhandle , 1127376
_pipe , 1124160
_lseek , 1123168
_commit , 1122496
_sopen_s , 1122416
_sopen , 1121264
_open , 1120800
_lseeki64 , 1119808
_write , 1114560
_isatty , 1114272
_read , 1106384
_fstat32i64 , 1103984
_fstat64i32 , 1101600
_fstat64 , 1099200
_close , 1098256
_wsopen_s , 1098176
_wsopen , 1091872
_wopen , 1091408
_fstat32 , 1088752
_set_malloc_crt_max_wait , 1086816
_resetstkoflw , 1086448
_malloc_base , 1086288
_heapwalk , 1085632
_heapused , 1085600
_heapmin , 1085552
_heapset , 1085520
_heapchk , 1085456
_heapadd , 1085408
_free_base , 1085312
void * __ptr64 __cdecl operator new[](unsigned __int64) , 1085264
void __cdecl operator delete[](void * __ptr64) , 1085232
_get_heap_handle , 1085072
void * __ptr64 __cdecl operator new(unsigned __int64) , 1084976
__unDNameEx , 1084048
__unDName , 1083824
_get_unexpected , 1033920
_get_terminate , 1033888
void (__cdecl*__cdecl set_unexpected(void (__cdecl*)(void)))(void) , 1033760
void (__cdecl*__cdecl set_unexpected(int))(void) , 1033728
void (__cdecl*__cdecl set_terminate(void (__cdecl*)(void)))(void) , 1033600
void (__cdecl*__cdecl set_terminate(int))(void) , 1033568
void (__cdecl*__cdecl _set_se_translator(void (__cdecl*)(unsigned int,struct _EXCEPTION_POINTERS * __ptr64)))(unsigned int,struct _EXCEPTION_POINTERS * __ptr64) , 1033472
void (__cdecl*__cdecl _set_se_translator(int))(unsigned int,struct _EXCEPTION_POINTERS * __ptr64) , 1033440
int __cdecl _ValidateWrite(void * __ptr64,unsigned int) , 1033392
int __cdecl _ValidateRead(void const * __ptr64,unsigned int) , 1033344
int __cdecl _ValidateExecute(__int64 (__cdecl*)(void)) , 1033296
__unDNameHelper , 1033184
__clean_type_info_names_internal , 1033056
private , 1032784
private , 1032512
private , 1032000
private , 1031536
__RTtypeid , 1031248
__RTDynamicCast , 1030656
__RTCastToVoid , 1030576
__CxxFrameHandler2 , 1027328
__CxxFrameHandler3 , 1027328
__CxxFrameHandler , 1027136
_SetThrowImageBase , 1026736
_SetImageBase , 1026704
_IsExceptionObjectToBeDestroyed , 1026608
_GetThrowImageBase , 1026576
_GetImageBase , 1026544
_FindAndUnlinkFrame , 1026400
_CreateFrameInfo , 1026272
_CxxThrowException , 1024464
__TypeMatch , 1024016
__FrameUnwindFilter , 1022208
__CxxUnregisterExceptionObject , 1021760
__CxxRegisterExceptionObject , 1021360
__CxxQueryExceptionSize , 1021344
__CxxExceptionFilter , 1020512
__CxxDetectRethrow , 1020336
__BuildCatchObjectHelper , 1018800
__BuildCatchObject , 1018480
__AdjustPointer , 1018352
int __cdecl _is_exception_typeof(class type_info const & __ptr64,struct _EXCEPTION_POINTERS * __ptr64) , 1018016
__uncaught_exception , 1017968
__DestructExceptionObject , 1013744
public , 1013728
public , 1013680
public , 1013600
public , 1013568
public , 1013520
public , 1013296
public , 1013216
public , 1013168
public , 1013104
private , 1013040
private , 1012928
public , 1012240
public , 1012192
public , 1012144
public , 1012096
public , 1012048
public , 1012000
public , 1011920
public , 1011856
public , 1011776
public , 1011712
public , 1011648
public , 1011584
public , 1011520
private , 1011456
public , 1011392
public , 1011328
void __cdecl unexpected(void) , 1011232
void __cdecl terminate(void) , 1011184
void __cdecl _inconsistency(void) , 1011136
wcsftime , 1011056
_wcsftime_l , 1010976
_Wcsftime , 1009248
_W_Gettnames , 1004704
_W_Getmonths , 1004032
_W_Getdays , 1003360
strftime , 994064
_strftime_l , 993984
_Strftime , 992496
_Gettnames , 992480
_Getmonths , 991840
_Getdays , 991200
wcsxfrm , 991152
_wcsxfrm_l , 990032
_wcsupr_s_l , 989936
_wcsupr_s , 989888
_wcsupr_l , 989840
_wcsupr , 989520
_wcsnicoll_l , 986864
_wcsnicoll , 986048
_wcsnicmp_l , 985136
_wcsnicmp , 984464
_wcsncoll_l , 983584
_wcsncoll , 982992
_wcslwr_s_l , 982896
_wcslwr_s , 982848
_wcslwr_l , 982800
_wcslwr , 982480
_wcsicoll_l , 980032
_wcsicoll , 979440
_wcsicmp_l , 978560
_wcsicmp , 977968
wcscoll , 977552
_wcscoll_l , 976896
strxfrm , 976848
_strxfrm_l , 975424
_strupr_s_l , 975328
_strupr_s , 975280
_strupr_l , 975232
_strupr , 974912
_strnicoll_l , 972240
_strnicoll , 972160
_strnicmp_l , 971216
_strnicmp , 970624
_strncoll_l , 969472
_strncoll , 968880
_strlwr_s_l , 968784
_strlwr_s , 968736
_strlwr_l , 968688
_strlwr , 968368
_stricoll_l , 965952
_stricoll , 965872
_stricmp_l , 965184
_stricmp , 964768
strcoll , 964560
_strcoll_l , 963824
_memicmp_l , 963024
_memicmp , 962576
_vcwprintf_s_l , 858928
_vcwprintf_s , 858880
_cwprintf_s_l , 858816
_cwprintf_s , 858752
_vcwprintf_p_l , 842464
_vcwprintf_p , 842416
_cwprintf_p_l , 842352
_cwprintf_p , 842288
_vcwprintf_l , 836848
_vcwprintf , 836800
_cwprintf_l , 836736
_cwprintf , 836672
_vcprintf_s_l , 830672
_vcprintf_s , 830624
_cprintf_s_l , 830560
_cprintf_s , 830496
_vcprintf_p_l , 813344
_vcprintf_p , 813296
_cprintf_p_l , 813232
_cprintf_p , 813168
_vcprintf_l , 807280
_vcprintf , 807232
_cprintf_l , 807168
_cprintf , 807104
_cwscanf_s_l , 806816
_cwscanf_s , 806752
_cwscanf_l , 797680
_cwscanf , 797616
_cscanf_s_l , 790160
_cscanf_s , 790096
_cscanf_l , 781680
_cscanf , 781616
_mbctombb_l , 774448
_mbctombb , 774416
_mbbtombc_l , 774096
_mbbtombc , 774064
_mbcjmstojis_l , 773584
_mbcjmstojis , 773552
_mbcjistojms_l , 773248
_mbcjistojms , 773216
_mbctoupper_l , 772656
_mbctoupper , 772624
_mbctolower_l , 772064
_mbctolower , 772032
_mbsupr_s_l , 770496
_mbsupr_s , 770448
_mbsupr_l , 770336
_mbsupr , 770240
_mbstok_s_l , 768560
_mbstok_s , 768512
_mbstok_l , 768432
_mbstok , 768384
_mbsstr_l , 767440
_mbsstr , 767392
_mbsspnp_l , 766400
_mbsspnp , 766352
_mbsspn_l , 765488
_mbsspn , 765440
_mbsset_s , 765392
_mbsset_l , 764720
_mbsset , 764672
_mbsrev_l , 763840
_mbsrev , 763808
_mbsrchr_l , 763248
_mbsrchr , 763200
_mbspbrk_l , 762320
_mbspbrk , 762272
_mbsnset_s , 762208
_mbsnset_l , 761152
_mbsnset , 761104
_mbsnicoll_l , 760064
_mbsnicoll , 760016
_mbsnicmp_l , 758240
_mbsnicmp , 758192
_mbsnextc_l , 757808
_mbsnextc , 757776
_mbsncpy_s , 757712
_mbsncpy_l , 756736
_mbsncpy , 756688
_mbsncoll_l , 755648
_mbsncoll , 755600
_mbsncmp_l , 754576
_mbsncmp , 754528
_mbsnccnt_l , 754032
_mbsnccnt , 753984
_mbsncat_s , 753920
_mbsncat_l , 752832
_mbsncat , 752784
_mbsnbset_s , 752720
_mbsnbset_l , 751904
_mbsnbset , 751856
_mbsnbicoll_l , 750912
_mbsnbicoll , 750864
_mbsnbicmp_l , 748912
_mbsnbicmp , 748864
_mbsnbcpy_s , 748800
_mbsnbcpy_l , 747776
_mbsnbcpy , 747728
_mbsnbcoll_l , 746848
_mbsnbcoll , 746800
_mbsnbcnt_l , 746352
_mbsnbcnt , 746304
_mbsnbcmp_l , 745168
_mbsnbcmp , 745120
_mbsnbcat_s , 745056
_mbsnbcat_l , 743872
_mbsnbcat , 743824
_mbslwr_s_l , 742288
_mbslwr_s , 742240
_mbslwr_l , 742128
_mbslwr , 742032
_mbsnlen_l , 741648
_mbsnlen , 741600
_mbslen_l , 741376
_mbslen , 741344
_mbsicoll_l , 740640
_mbsicoll , 740592
_mbsicmp_l , 738880
_mbsicmp , 738832
_mbsdec_l , 738208
_mbsdec , 738160
_mbscspn_l , 737296
_mbscspn , 737248
_mbscoll_l , 736544
_mbscoll , 736496
_mbscpy_s , 736448
_mbscmp_l , 735552
_mbscmp , 735504
_mbschr_l , 734880
_mbschr , 734832
_mbscat_s , 734784
_mbsbtype_l , 734112
_mbsbtype , 734064
_setmbcp , 732208
_getmbcp , 732080
_ismbcl2_l , 729968
_ismbcl2 , 729936
_ismbcl1_l , 729744
_ismbcl1 , 729712
_ismbcl0_l , 729520
_ismbcl0 , 729488
_mbsset_s_l , 727936
_mbsnset_s_l , 725792
_mbsncpy_s_l , 723280
_mbsncat_s_l , 720240
_mbsnbset_s_l , 718016
_mbsnbcpy_s_l , 715152
_mbsnbcat_s_l , 711776
_mbscpy_s_l , 709648
_mbscat_s_l , 707104
_mbccpy_s_l , 706112
_mbccpy_s , 706048
_mbccpy_l , 705984
_mbccpy , 705920
_mbbtype_l , 705584
_mbbtype , 705536
_ismbcupper_l , 705056
_ismbcupper , 705024
_ismbstrail_l , 704368
_ismbstrail , 704320
_ismbcspace_l , 703808
_ismbcspace , 703776
_ismbslead_l , 703088
_ismbslead , 703040
_ismbcpunct_l , 702512
_ismbcpunct , 702480
_ismbcprint_l , 701952
_ismbcprint , 701920
_ismbclower_l , 701440
_ismbclower , 701408
_ismbclegal_l , 701248
_ismbclegal , 701216
_ismbcsymbol_l , 701088
_ismbcsymbol , 701056
_ismbckata_l , 700928
_ismbckata , 700896
_ismbchira_l , 700768
_ismbchira , 700736
_ismbcgraph_l , 700208
_ismbcgraph , 700176
_ismbcdigit_l , 699632
_ismbcdigit , 699600
_ismbbtrail_l , 699552
_ismbbtrail , 699504
_ismbbpunct_l , 699456
_ismbbpunct , 699408
_ismbbprint_l , 699360
_ismbbprint , 699312
_ismbblead_l , 699264
_ismbblead , 699216
_ismbbkpunct_l , 699168
_ismbbkpunct , 699120
_ismbbkprint_l , 699072
_ismbbkprint , 699024
_ismbbkana_l , 698880
_ismbbkana , 698848
_ismbbkalnum_l , 698800
_ismbbkalnum , 698752
_ismbbgraph_l , 698704
_ismbbgraph , 698656
_ismbbalpha_l , 698608
_ismbbalpha , 698560
_ismbbalnum_l , 698512
_ismbbalnum , 698464
_ismbcalpha_l , 697728
_ismbcalpha , 697696
_ismbcalnum_l , 697200
_ismbcalnum , 697168
_wtof_l , 696784
_wtof , 696752
wctomb_s , 696672
wctomb , 696560
_wctomb_s_l , 695376
_wctomb_l , 695200
wcstombs_s , 695120
wcstombs , 695072
_wcstombs_s_l , 693792
_wcstombs_l , 691664
_wcstoui64_l , 691456
_wcstoui64 , 691344
_wcstoi64_l , 691280
_wcstoi64 , 691168
wcstoul , 689440
wcstol , 689392
_wcstoul_l , 689328
_wcstol_l , 689264
wcstod , 687888
_wcstod_l , 687200
wctob , 687040
wcsrtombs_s , 685824
wcsrtombs , 685760
wcrtomb_s , 685360
wcrtomb , 685248
towupper , 683552
_towupper_l , 683104
towlower , 683072
_towlower_l , 682624
toupper , 682544
_toupper_l , 681680
_toupper , 681664
tolower , 681584
_tolower_l , 680720
_tolower , 680704
_strtoui64_l , 680640
_strtoui64 , 680528
_strtoi64_l , 680464
_strtoi64 , 680352
strtoul , 678544
strtol , 678432
_strtoul_l , 678368
_strtol_l , 678304
strtod , 676480
_strtod_l , 675680
mbsrtowcs_s , 674432
mbsrtowcs , 674368
mbrtowc , 674160
mbrlen , 674048
btowc , 673904
mbtowc , 671568
_mbtowc_l , 670736
mbstowcs_s , 670656
mbstowcs , 670560
_mbstowcs_s_l , 669136
_mbstowcs_l , 667680
mblen , 667600
_mblen_l , 667040
_isctype_l , 666560
_isctype , 666480
_chvalidator_l , 666208
_chvalidator , 666096
iswctype , 665968
is_wctype , 665920
_iswctype_l , 665872
_gcvt_s , 664512
_gcvt , 664432
_fcvt_s , 663376
_fcvt , 662976
_ecvt_s , 661872
_ecvt , 661600
atof , 661168
_atof_l , 660672
__STRINGTOLD , 660560
_atoldbl_l , 660176
_atoldbl , 660128
_atoflt_l , 659744
_atoflt , 659696
_atodbl_l , 659312
_atodbl , 659264
iswxdigit , 659232
iswupper , 659200
iswspace , 659168
iswpunct , 659136
iswprint , 659104
iswlower , 659072
iswgraph , 659040
iswdigit , 659008
iswcntrl , 658976
iswascii , 658928
iswalpha , 658896
iswalnum , 658864
isleadbyte , 658832
_iswxdigit_l , 658784
_iswupper_l , 658736
_iswspace_l , 658688
_iswpunct_l , 658640
_iswprint_l , 658592
_iswlower_l , 658544
_iswgraph_l , 658496
_iswdigit_l , 658448
_iswcsymf_l , 658368
_iswcsym_l , 658288
_iswcntrl_l , 658240
_iswalpha_l , 658192
_iswalnum_l , 658144
_isleadbyte_l , 658048
__iswcsymf , 657984
__iswcsym , 657920
_mbstrnlen_l , 656960
_mbstrnlen , 656912
_mbstrlen_l , 656448
_mbstrlen , 656384
isxdigit , 656320
isupper , 656256
isspace , 656192
ispunct , 656128
isprint , 656064
islower , 656000
isgraph , 655936
isdigit , 655872
iscntrl , 655808
isalpha , 655744
isalnum , 655680
_isxdigit_l , 655520
_isupper_l , 655360
_isspace_l , 655200
_ispunct_l , 655040
_isprint_l , 654880
_islower_l , 654720
_isgraph_l , 654560
_isdigit_l , 654400
_iscntrl_l , 654240
_isalpha_l , 654080
_isalnum_l , 653920
__toascii , 653904
__iscsymf , 653840
__iscsym , 653776
__isascii , 653728
void __cdecl Concurrency , 640144
unsigned int __cdecl Concurrency , 639936
void __cdecl Concurrency , 639616
void __cdecl Concurrency , 639584
unsigned long __cdecl Concurrency , 638752
public , 638064
public , 637936
void __cdecl Concurrency , 634560
void __cdecl Concurrency , 633840
struct Concurrency , 633568
long __cdecl Concurrency , 632704
long __cdecl Concurrency , 632688
void __cdecl Concurrency , 632016
protected , 631920
protected , 631760
protected , 631392
protected , 631280
void __cdecl Concurrency , 622304
public , 621424
public , 620672
public , 620496
public , 620336
public , 618128
public , 616672
void __cdecl Concurrency , 615984
public , 614592
public , 613808
public , 613568
private , 612320
private , 611856
public , 610976
public , 610384
private , 608176
public , 605328
public , 604480
public , 604064
public , 603072
void __cdecl Concurrency , 600912
void * __ptr64 __cdecl Concurrency , 600080
public , 555376
public , 555040
public , 554944
public , 554896
public , 554848
public , 554592
public , 554544
public , 554432
public , 554384
public , 554336
public , 547520
public , 546144
public , 521488
void __cdecl Concurrency , 489712
void __cdecl Concurrency , 489664
unsigned int __cdecl Concurrency , 456288
unsigned int __cdecl Concurrency , 456240
unsigned int __cdecl Concurrency , 456224
enum Concurrency , 456208
unsigned int __cdecl Concurrency , 455040
struct Concurrency , 431856
public , 423808
public , 423344
public , 423248
public , 423072
public , 422832
public , 422672
public , 422656
public , 422256
public , 422176
public , 422096
public , 421936
public , 421296
public , 421088
public , 421024
public , 420960
public , 419904
public , 419792
public , 419552
public , 419440
public , 419392
public , 419360
public , 419312
public , 417984
public , 417776
public , 417664
public , 417408
public , 417360
public , 417312
public , 417264
public , 414848
public , 414816
public , 414784
public , 414688
public , 414592
public , 414560
public , 414528
public , 414480
public , 414432
public , 414368
public , 414208
public , 414048
public , 413872
public , 413664
public , 413504
public , 413344
public , 413280
public , 413232
public , 413152
public , 413104
public , 413072
public , 412992
public , 407280
public , 406896
public , 406032
public , 366816
public , 364656
public , 364592
public , 364544
public , 364480
public , 364416
public , 364352
public , 364272
public , 364208
public , 364160
public , 364096
public , 364048
public , 363984
public , 363936
public , 363872
public , 363824
public , 363760
public , 363712
public , 363648
public , 363600
public , 363536
public , 363488
public , 363424
public , 363376
public , 363312
public , 363264
public , 363200
public , 363152
public , 363088
public , 363040
public , 362976
public , 362928
public , 362864
public , 362816
public , 362752
public , 362704
public , 362640
public , 362592
public , 362528
public , 362480
public , 362416
public , 362368
public , 362304
public , 362256
public , 362192
public , 362144
public , 362080
public , 362032
public , 361968
public , 361920
public , 361856
_freea , 361776
_freea_s , 361776
public , 360080
public , 359616
public , 359184
public , 359008
public , 358464
public , 358240
public , 358000
public , 357808
void * __ptr64 __cdecl Concurrency , 353456
public , 352272
public , 352192
public , 351808
public , 351760
public , 350032
public , 350016
public , 349968
public , 349920
public , 349840
public , 349776
public , 349680
public , 349600
public , 349536
public , 349456
public , 349392
public , 349376
public , 349296
public , 349248
public , 349200
public , 349152
public , 348608
protected , 348528
public , 348368
protected , 348176
protected , 348160
private , 347664
protected , 347536
public , 347456
public , 325632
public , 325200
public , 325088
public , 324144
public , 323200
public , 322880
public , 322832
public , 322784
public , 322736
public , 322624
public , 322576
public , 322512
public , 322448
public , 322400
public , 322208
public , 322144
public , 322032
public , 321984
protected , 318784
public , 317520
public , 317376
public , 317152
private , 316864
private , 316624
public , 316176
public , 315952
public , 314080
private , 313504
public , 312848
protected , 312768
public , 312608
protected , 312480
protected , 312432
public , 312320
protected , 312192
public , 308944
public , 308912
public , 308880
public , 308400
public , 308064
public , 308032
public , 307296
strncpy , 306928
strncat , 306496
strlen , 306304
strcmp , 306176
strcpy , 305968
strcat , 305808
memset , 305520
memcpy , 304240
memmove , 304240
strncmp , 304096
memcmp , 303872
_wutime64 , 303552
_wutime32 , 303248
_wstrtime_s , 302368
_wstrtime , 302304
_wstrdate_s , 301424
_wstrdate , 301360
_wctime64_s , 300672
_wctime64 , 300384
_wctime32_s , 299744
_wctime32 , 299456
_wasctime_s , 296608
_wasctime , 296416
_utime64 , 296112
_futime64 , 295120
_time64 , 294992
_setsystime , 294720
_getsystime , 294368
_mktime64 , 294336
_mkgmtime64 , 294304
_localtime64_s , 291344
_localtime64 , 291264
_gmtime64_s , 290048
_gmtime64 , 289968
_ftime64_s , 289392
_ftime64 , 289360
_ctime64_s , 287504
_ctime64 , 287216
_utime32 , 286912
_futime32 , 285920
_tzset , 283152
_get_tzname , 281008
_get_timezone , 280800
_get_dstbias , 280592
_get_daylight , 280384
__tzname , 280368
__timezone , 280352
__dstbias , 280336
__daylight , 280320
_time32 , 280208
_strtime_s , 279360
_strtime , 279296
_strdate_s , 278432
_strdate , 278368
_mktime32 , 278336
_mkgmtime32 , 278304
_localtime32_s , 275456
_localtime32 , 275376
_gmtime32_s , 274432
_gmtime32 , 274352
_ftime32_s , 273632
_ftime32 , 273600
_difftime64 , 272416
_difftime32 , 272352
_ctime32_s , 271712
_ctime32 , 271424
clock , 271344
asctime_s , 268496
asctime , 268304
wmemmove_s , 267728
wmemcpy_s , 266944
wcstok_s , 266032
wcstok , 265696
wcsspn , 265536
_wcsset_s , 264752
_wcsset , 264672
_wcsrev , 264496
wcspbrk , 264384
_wcsnset_s , 263392
_wcsnset , 263280
wcsncpy_s , 261584
wcsncpy , 261392
__wcsncnt , 261280
wcsncmp , 261136
wcsncat_s , 259200
wcsncat , 258992
wcsnlen , 258896
wcslen , 258816
_wcsdup_dbg , 258624
_wcsdup , 258576
wcscspn , 258416
wcscpy_s , 257216
wcscmp , 257088
wcscat_s , 255504
wcscpy , 255392
wcscat , 255264
strtok_s , 254240
strtok , 253744
_strnset_s , 252752
_strset_s , 251968
__strncnt , 251856
strncpy_s , 250192
strcpy_s , 249008
strncat_s , 247104
strcat_s , 245552
strnlen , 245456
wcsstr , 243824
wcsrchr , 243296
wcschr , 242944
strstr , 241328
strrchr , 240272
strchr , 239872
strspn , 239056
_strset , 238976
_strrev , 238800
strpbrk , 238496
_strnset , 238384
_strdup_dbg , 238192
_strdup , 238144
strcspn , 237808
memmove_s , 237232
_memccpy , 237088
memcpy_s , 236464
memchr , 236352
_wtmpnam_s , 234912
_wtmpnam , 234080
_wtempnam_dbg , 232912
_wtempnam , 232848
wscanf_s , 232544
wscanf , 232480
_wscanf_s_l , 232096
_wscanf_l , 232016
wprintf_s , 231952
wprintf , 231568
_wprintf_s_l , 231504
_wprintf_p_l , 231440
_wprintf_p , 231376
_wprintf_l , 231312
_wpopen , 227296
_wfreopen_s , 224480
_wfreopen , 223472
_wfsopen , 222768
_wfopen_s , 222528
_wfopen , 222480
_wfdopen , 220672
vwprintf_s , 220624
vwprintf , 220272
_vwprintf_s_l , 220208
_vwprintf_p_l , 220144
_vwprintf_p , 220096
_vwprintf_l , 220032
vswprintf_s , 219968
_vswprintf_s_l , 219056
_vswprintf_p_l , 218944
_vswprintf_p , 218832
_vswprintf_c_l , 217872
_vswprintf_c , 217760
_vsnwprintf_s_l , 216304
_vsnwprintf_s , 216224
_vswprintf_l , 215504
_vswprintf , 215456
_vscwprintf_p_l , 215392
_vscwprintf_p , 215344
_vscwprintf_l , 215280
_vscwprintf , 214896
__vswprintf_l , 214832
_vsnwprintf_l , 214064
_vsnwprintf , 214000
vsprintf_s , 213936
_vsprintf_s_l , 213024
_vsprintf_p_l , 212912
_vsprintf_p , 212800
_vsnprintf_s_l , 211360
_vsnprintf_s , 211280
_vsnprintf_c_l , 210432
_vsnprintf_c , 210320
_vsnprintf_l , 209648
_vsnprintf , 209584
vsprintf , 209536
_vsprintf_l , 208912
_vscprintf_p_l , 208848
_vscprintf_p , 208800
_vscprintf_l , 208736
_vscprintf , 208352
vfwprintf_s , 208288
vfwprintf , 207760
_vfwprintf_s_l , 207680
_vfwprintf_p_l , 207600
_vfwprintf_p , 207536
_vfwprintf_l , 207456
vfprintf_s , 207392
vfprintf , 206416
_vfprintf_s_l , 206336
_vfprintf_p_l , 206256
_vfprintf_p , 206192
_vfprintf_l , 206112
vprintf_s , 206064
vprintf , 205712
_vprintf_s_l , 205648
_vprintf_p_l , 205584
_vprintf_p , 205536
_vprintf_l , 205472
ungetwc , 205216
_ungetwc_nolock , 203936
ungetc , 203680
_ungetc_nolock , 202896
tmpnam_s , 202672
tmpnam , 202608
tmpfile_s , 202576
tmpfile , 202528
_tempnam_dbg , 198544
_tempnam , 198480
swscanf_s , 197584
swscanf , 197504
_swscanf_s_l , 197424
_swscanf_l , 197344
_swprintf_c_l , 197264
_swprintf_c , 196432
swprintf_s , 196352
_swprintf_s_l , 196272
_swprintf_p_l , 196192
_swprintf_p , 196112
_swprintf , 195376
_snwprintf_s_l , 195280
_snwprintf_s , 195184
_scwprintf_p_l , 195120
_scwprintf_p , 195056
_scwprintf_l , 194992
_scwprintf , 194928
__swprintf_l , 194864
sscanf_s , 193648
sscanf , 193568
_sscanf_s_l , 193488
_sscanf_l , 193408
sprintf_s , 193328
sprintf , 192688
_sprintf_s_l , 192608
_sprintf_p_l , 192528
_sprintf_p , 192448
_sprintf_l , 192384
_snprintf_s_l , 192288
_snprintf_s , 192192
_scprintf_p_l , 192128
_scprintf_p , 192064
_scprintf_l , 192000
_scprintf , 191936
_snwscanf_s_l , 191280
_snwscanf_s , 191184
_snwscanf_l , 191088
_snwscanf , 190992
_snwprintf_l , 190912
_snwprintf , 190128
_snscanf_s_l , 189472
_snscanf_s , 189376
_snscanf_l , 189280
_snscanf , 189184
_snprintf_c_l , 189104
_snprintf_c , 188384
_snprintf_l , 188304
_snprintf , 187632
setvbuf , 186704
setbuf , 186560
_setmaxstdio , 185904
_getmaxstdio , 185888
scanf_s , 185520
scanf , 185456
_scanf_s_l , 185376
_scanf_l , 185296
_rmtmp , 185024
rewind , 184592
_putws , 184112
_putw , 183648
puts , 182640
printf_s , 182576
printf , 182192
_set_printf_count_output , 182080
_printf_s_l , 182016
_printf_p_l , 181952
_printf_p , 181888
_printf_l , 181824
_get_printf_count_output , 181776
_popen , 177728
_pclose , 177328
_set_output_format , 177120
_get_output_format , 177104
_getws_s , 177056
_getws , 175648
_getw , 175200
gets_s , 175152
gets , 175104
fwscanf_s , 172352
fwscanf , 172272
_fwscanf_s_l , 172192
_fwscanf_l , 172112
fwrite , 171840
_fwrite_nolock , 170224
fwprintf_s , 170160
fwprintf , 169680
_fwprintf_s_l , 169616
_fwprintf_p_l , 169552
_fwprintf_p , 169488
_fwprintf_l , 169424
_ftelli64_nolock , 167728
_ftelli64 , 167488
ftell , 167264
_ftell_nolock , 165536
fsetpos , 165152
_fseeki64_nolock , 164768
_fseeki64 , 164336
fseek , 163904
_fseek_nolock , 163616
fscanf_s , 162656
fscanf , 162576
_fscanf_s_l , 162496
_fscanf_l , 162416
freopen_s , 162352
freopen , 162272
fread_s , 161008
fread , 160928
_fread_nolock_s , 158544
_fread_nolock , 158464
fprintf_s , 158400
fprintf , 157488
_fprintf_s_l , 157424
_fprintf_p_l , 157360
_fprintf_p , 157296
_fprintf_l , 157232
fopen_s , 156992
fopen , 156944
_fsopen , 156240
fgetpos , 155840
fflush , 155392
_flushall , 155360
_fflush_nolock , 154992
_fdopen , 153184
fclose , 152928
_fclose_nolock , 152592
_fcloseall , 152336
clearerr_s , 151952
clearerr , 151920
_flsbuf , 146160
_unlock_file , 145936
_lock_file , 145712
__iob_func , 145696
_filbuf , 143760
putwchar , 143728
_fputwchar , 143680
fputws , 143168
putwc , 143120
fputwc , 142864
_fputwc_nolock , 141744
putchar , 141712
_fputchar , 141664
fputs , 140736
putc , 139952
fputc , 139168
_fileno , 138976
getwchar , 138960
_fgetwchar , 138912
fgetws , 138128
getwc , 138096
fgetwc , 137872
_fgetwc_nolock , 136608
fgets , 135312
getchar , 135296
_fgetchar , 135248
getc , 134496
fgetc , 133744
_getc_nolock , 133632
ferror , 133440
feof , 133248
_mbctokata_l , 133168
_mbctokata , 133136
_mbctohira_l , 133040
_mbctohira , 133008
_mbsninc_l , 132928
_mbsninc , 132880
_mbsinc_l , 132768
_mbsinc , 132512
_mbclen_l , 132416
_mbclen , 132336
_wsystem , 131728
_wspawnvpe , 129936
_wspawnvp , 129888
_wspawnve , 127536
_wspawnv , 126608
_wspawnlpe , 125712
_wspawnlp , 124848
_wspawnle , 123952
_wspawnl , 123088
_wexecvpe , 121072
_wexecvp , 121024
_wexecve , 118704
_wexecv , 117792
_wexeclpe , 116896
_wexeclp , 116032
_wexecle , 115136
_wexecl , 114272
_cwait , 109760
system , 109152
_spawnvpe , 107216
_spawnvp , 107168
_spawnve , 104816
_spawnv , 103888
_spawnlpe , 102992
_spawnlp , 102128
_spawnle , 101232
_spawnl , 100368
_unloaddll , 100320
_loaddll , 100272
_getdllprocaddr , 100176
_execvpe , 97968
_execvp , 97920
_execve , 95600
_execv , 94688
_execlpe , 93792
_execlp , 92928
_execle , 92032
_execl , 91168
_wunlink , 86784
_wremove , 86704
_wstat32i64 , 84528
_wstat64i32 , 81760
_wstat64 , 79024
_wstat32 , 76272
_wrmdir , 75216
_wrename , 75120
_wmkdir , 75040
_wgetdcwd_dbg , 74016
_wgetdcwd , 73936
_wgetcwd_dbg , 73856
_wgetcwd , 73808
_wfullpath_dbg , 73184
_wfullpath , 73104
_wchmod , 72736
_wchdir , 72016
_waccess_s , 71472
_waccess , 71392
remove , 71296
_unlink , 71264
_stat32i64 , 71152
_stat64i32 , 71040
_stat64 , 70928
_stat32 , 70816
_rmdir , 70720
rename , 70256
_mkdir , 70160
_getpid , 70144
_getdcwd_dbg , 68800
_getdcwd , 68720
_getcwd_dbg , 68640
_getcwd , 68592
_fullpath_dbg , 67984
_fullpath , 67904
_getdrive , 67488
_chdrive , 67120
_set_errno , 67056
_set_doserrno , 66992
_get_errno , 66656
_get_doserrno , 66464
_errno , 66416
_dosmaperr , 66368
__doserrno , 66320
_chdir , 65600
_chmod , 65488
_access_s , 65376
_access , 65296
_wfindnext32i64 , 64416
_wfindfirst32i64 , 63488
_wfindnext64i32 , 62624
_wfindfirst64i32 , 61712
_wfindnext64 , 60816
_wfindfirst64 , 59872
_wfindnext32 , 59008
_wfindfirst32 , 58096
_sleep , 58048
_beep , 58016
_seterrormode , 57984
_findnext32i64 , 57104
_findfirst32i64 , 56176
_findnext64i32 , 55312
_findfirst64i32 , 54400
_findnext64 , 53296
_findfirst64 , 52352
_findnext32 , 51488
_findfirst32 , 50576
_findclose , 50512
_getdiskfree , 49664
_getdrives , 49648
_ultow_s , 46560
_ui64tow_s , 46496
_ltow_s , 46400
_itow_s , 46272
_i64tow_s , 46176
_ultow , 45456
_ui64tow , 45392
_ltow , 45296
_itow , 45200
_i64tow , 45104
_ultoa_s , 42080
_ui64toa_s , 42016
_ltoa_s , 41920
_itoa_s , 41792
_i64toa_s , 41696
_ultoa , 41008
_ui64toa , 40944
_ltoa , 40848
_itoa , 40752
_i64toa , 40656
_wtol_l , 40608
_wtol , 40576
_wtoi_l , 40528
_wtoi64_l , 40480
_wtoi64 , 40448
_wtoi , 40416
_swab , 38896
atol , 38864
atoi , 38832
_atol_l , 38784
_atoi_l , 38736
_atoi64_l , 38688
_atoi64 , 38656
_initptd , 30608
_getptd , 30352
_freefls , 29744
__threadid , 29728
__threadhandle , 29712
__get_flsindex , 29696
__get_tlsindex , 29696
_endthreadex , 29088
_beginthreadex , 28528
_endthread , 28256
_beginthread , 27696
_unlock , 25520
_lock , 24720
__wgetmainargs , 24544
__p__wpgmptr , 24528
__p__wenviron , 24512
__p__wcmdln , 24496
__p__tzname , 24464
__p__timezone , 24448
__p__pwctype , 24432
__p__pgmptr , 24416
__p__pctype , 24320
__p__mbctype , 24288
__p__mbcasemap , 24256
__p__iob , 24224
__p__fmode , 24208
__p__environ , 24192
__p__dstbias , 24176
__p__daylight , 24160
__p__crtDbgFlag , 24144
__p__crtBreakAlloc , 24128
__p__crtAssertBusy , 24112
__p__commode , 24096
__p__acmdln , 24080
__p___winitenv , 24064
__p___wargv , 24048
__p___mb_cur_max , 23952
__p___initenv , 23936
__p___argv , 23920
__p___argc , 23904
__getmainargs , 23760
exit , 21792
_initterm_e , 20832
_initterm , 20752
_get_wpgmptr , 20288
_get_pgmptr , 19920
_exit , 19888
_cexit , 19760
_c_exit , 19728
_amsg_exit , 19680
void * __ptr64 __cdecl operator new[](unsigned __int64,int,char const * __ptr64,int) , 14912
void * __ptr64 __cdecl operator new(unsigned __int64,int,char const * __ptr64,int) , 14800
__setusermatherr , 14688
bool __cdecl __ExceptionPtrToBool(void const * __ptr64) , 13984
void __cdecl __ExceptionPtrSwap(void * __ptr64,void * __ptr64) , 13920
void __cdecl __ExceptionPtrRethrow(void const * __ptr64) , 13872
void __cdecl __ExceptionPtrDestroy(void * __ptr64) , 13840
void __cdecl __ExceptionPtrCurrentException(void * __ptr64) , 13776
void __cdecl __ExceptionPtrCreate(void * __ptr64) , 13696
void __cdecl __ExceptionPtrCopyException(void * __ptr64,void const * __ptr64,void const * __ptr64) , 13600
void __cdecl __ExceptionPtrCopy(void * __ptr64,void const * __ptr64) , 13488
bool __cdecl __ExceptionPtrCompare(void const * __ptr64,void const * __ptr64) , 13424
void __cdecl __ExceptionPtrAssign(void * __ptr64,void const * __ptr64) , 13360
public , 9456
public , 9424
public , 9280
public , 9232
public , 9184
_set_error_mode , 4784
__set_app_type , 4768
int __cdecl _set_new_mode(int) , 4560
int __cdecl _query_new_mode(void) , 4544
void (__cdecl*__cdecl set_new_handler(void (__cdecl*)(void)))(void) , 4480
_callnewh , 4384
int (__cdecl*__cdecl _set_new_handler(int (__cdecl*)(unsigned __int64)))(unsigned __int64) , 4304
int (__cdecl*__cdecl _set_new_handler(int))(unsigned __int64) , 4208
int (__cdecl*__cdecl _query_new_handler(void))(unsigned __int64) , 4176
_Unlock_shared_ptr_spin_lock , 4144
_Lock_shared_ptr_spin_lock , 4096
