__setlc_active , 798760
__unguarded_readlc_active , 798756
__pioinfo , 798240
_fmode , 791968
_commode , 791380
_wcmdln , 788928
_acmdln , 788920
__initenv , 787296
__winitenv , 787288
_wpgmptr , 787264
_pgmptr , 787256
_wenviron , 787248
_environ , 787240
__wargv , 787232
__argv , 787224
__argc , 787220
_HUGE , 777872
_sys_nerr , 776904
__lconv , 776744
__mb_cur_max , 776712
_pwctype , 775616
_pctype , 775608
__badioinfo , 775200
_mbcasemap , 773296
_mbctype , 773024
_tzname , 772720
_dstbias , 772584
_daylight , 772580
_timezone , 772576
_iob , 771488
_sys_errlist , 612976
_wctype , 610064
const std , 604288
const std , 604264
const std , 604240
const std , 604192
tanhf , 555004
tanh , 554280
tanf , 553112
tan , 551308
sqrtf , 551088
sqrt , 550832
sinhf , 549808
sinh , 548496
sinf , 547600
sin , 546432
powf , 544336
pow , 541328
modff , 541176
modf , 540984
logf , 540384
log10f , 539728
log10 , 538928
log , 538224
ldexp , 537840
frexp , 537620
fmodf , 536904
fmod , 535564
floorf , 535356
floor , 535100
fabs , 534872
expf , 534528
exp , 533856
coshf , 532852
cosh , 531616
cosf , 530848
cos , 529680
ceilf , 529460
ceil , 529184
atanf , 528608
atan2f , 527448
atan2 , 525480
atan , 524872
asinf , 524276
asin , 523564
acosf , 522912
acos , 522168
_logbf , 521936
_logb , 521648
_yn , 521344
_y1 , 520684
_y0 , 520052
_jn , 519668
_j1 , 519052
_j0 , 518480
_hypotf , 518152
_hypot , 517540
_fpieee_flt , 517512
_scalbf , 517096
_scalb , 516620
_nextafterf , 516224
_nextafter , 515740
_isnanf , 515712
_isnan , 515668
_fpclassf , 515548
_fpclass , 515372
_finitef , 515348
_finite , 515304
_copysignf , 515260
_copysign , 515204
_controlfp_s , 515104
_statusfp , 515036
_set_controlfp , 514984
_fpreset , 514972
_controlfp , 514960
_control87 , 514304
_clearfp , 514224
_chgsignf , 514196
_chgsign , 514160
_cabs , 514144
$I10_OUTPUT , 510812
__STRINGTOLD_L , 502260
strerror_s , 486432
strerror , 486276
setlocale , 485652
srand , 485628
rand , 485584
qsort_s , 484544
qsort , 483600
perror , 483404
longjmp , 483168
lldiv , 483132
_abs64 , 483120
llabs , 483120
div , 483096
ldiv , 483096
bsearch_s , 482844
bsearch , 482604
_wsplitpath_s , 481916
_wsplitpath , 481120
_wsearchenv_s , 480284
_wsearchenv , 480272
_wputenv_s , 480152
_wputenv , 479408
_wperror , 479016
_wmakepath_s , 478672
_wmakepath , 478632
_wcserror_s , 478456
_wcserror , 478288
_wassert , 475868
_umask_s , 475800
_umask , 475764
_strerror_s , 475536
_strerror , 475192
_splitpath_s , 474520
_splitpath , 473728
_setjmpex , 473584
_setjmp , 473408
setjmp , 473408
abort , 473296
_set_abort_behavior , 473268
_searchenv_s , 472452
_searchenv , 472440
_putenv_s , 472320
_putenv , 471636
_makepath_s , 471308
_makepath , 471268
_lsearch_s , 471100
_lsearch , 470940
_rotr64 , 470928
_lrotr , 470916
_rotr , 470916
_rotl64 , 470904
_lrotl , 470892
_rotl , 470892
_lfind_s , 470736
_lfind , 470584
_byteswap_ushort , 470568
_byteswap_ulong , 470528
_byteswap_uint64 , 470412
_assert , 468148
abs , 468140
labs , 468140
__wcserror_s , 467900
__wcserror , 467508
__sys_nerr , 467500
__sys_errlist , 467492
__lconv_init , 467476
localeconv , 467420
__crt_debugger_hook , 467412
void __cdecl operator delete[](void * __ptr64,int,char const * __ptr64,int) , 467404
void * __ptr64 __cdecl operator new[](unsigned __int64,int,char const * __ptr64,int) , 467396
__crtCompareStringW , 467032
__crtCompareStringA , 466892
__crtLCMapStringW , 465976
__crtLCMapStringA , 465824
_wsetlocale , 462336
_wcreate_locale , 461976
_get_current_locale , 461820
_free_locale , 461664
_create_locale , 460616
_configthreadlocale , 460284
__get_current_locale , 459672
__free_locale , 459664
__create_locale , 459656
___unguarded_readlc_active_add_func , 459516
___setlc_active_func , 459508
___mb_cur_max_l_func , 458356
___mb_cur_max_func , 458296
___lc_locale_name_func , 458236
___lc_collate_cp_func , 458180
___lc_codepage_func , 458124
__report_gsfailure , 457736
__NLG_Return2 , 457504
__NLG_Dispatch2 , 457488
_local_unwind , 457408
_wgetenv_s , 456912
_wgetenv , 456624
_wdupenv_s , 456364
getenv_s , 455928
getenv , 455820
_dupenv_s , 455404
__CppXcptFilter , 455384
_XcptFilter , 454924
__pwctype_func , 454916
__pctype_func , 454856
__C_specific_handler , 452060
signal , 451404
raise , 450856
__pxcptinfoptrs , 450656
__fpecode , 450620
rand_s , 450304
__crtUnhandledException , 449768
__crtTerminateProcess , 449736
__crtSetUnhandledExceptionFilter , 449728
__crtIsPackagedApp , 449632
__crtGetShowWindowMode , 449588
__crtCapturePreviousContext , 449440
__crtCaptureCurrentContext , 449328
atexit , 449124
_onexit , 448856
__dllonexit , 448644
_set_purecall_handler , 448516
_purecall , 448464
_get_purecall_handler , 448448
_set_invalid_parameter_handler , 448388
_invoke_watson , 448328
_invalid_parameter_noinfo_noreturn , 448280
_invalid_parameter_noinfo , 448248
_invalid_parameter , 448144
_get_invalid_parameter_handler , 448120
void __cdecl _invalid_parameter(unsigned short const * __ptr64,unsigned short const * __ptr64,unsigned short const * __ptr64,unsigned int,unsigned __int64) , 447868
_wmktemp_s , 447348
_wmktemp , 447268
_wcreat , 447212
_telli64 , 447200
_tell , 447188
_mktemp_s , 446856
_mktemp , 446776
_locking , 446200
_setmode , 445716
_set_fmode , 445652
_get_fmode , 445604
_filelengthi64 , 445316
_filelength , 445040
_eof , 444748
_dup2 , 443988
_dup , 443340
_creat , 443284
_cputws , 443064
_cputs , 442944
_chsize_s , 442696
_chsize , 442264
_cgetws_s , 441784
_cgetws , 441692
_cgets_s , 441388
_cgets , 441276
int __cdecl _wsopen(wchar_t const * __ptr64,int,int,int) , 441232
int __cdecl _wopen(wchar_t const * __ptr64,int,int) , 441180
int __cdecl _sopen(char const * __ptr64,int,int,int) , 441136
int __cdecl _open(char const * __ptr64,int,int) , 441084
_putwch_nolock , 440992
_putwch , 440940
_putch_nolock , 440760
_putch , 440712
_ungetwch_nolock , 440672
_ungetwch , 440620
_getwche_nolock , 440540
_getwche , 440496
_getwch_nolock , 440180
_getwch , 440136
_ungetch_nolock , 440108
_ungetch , 440060
_kbhit , 439608
_getche_nolock , 439312
_getche , 439268
_getch_nolock , 439012
_getch , 438968
_open_osfhandle , 438496
_get_osfhandle , 438364
_pipe , 436792
_lseek , 436404
_commit , 436168
_sopen_s , 436116
_sopen , 435692
_open , 435484
_lseeki64 , 435096
_write , 432952
_isatty , 432836
_read , 430384
_fstat32i64 , 429412
_fstat64i32 , 428448
_fstat64 , 427468
_close , 427056
_wsopen_s , 427004
_wsopen , 424704
_wopen , 424496
_fstat32 , 423300
realloc , 421880
_resetstkoflw , 421584
_recalloc , 421448
_msize , 421388
_heapwalk , 421060
_heapused , 421036
_heapmin , 421000
_heapset , 420992
_heapchk , 420944
_heapadd , 420920
_expand , 420668
_aligned_recalloc , 420648
_aligned_realloc , 420640
_aligned_offset_recalloc , 420476
_aligned_offset_realloc , 420016
_aligned_offset_malloc , 419836
_aligned_msize , 419732
_aligned_malloc , 419616
_aligned_free , 419588
void __cdecl operator delete(void * __ptr64,int,char const * __ptr64,int) , 419580
void __cdecl operator delete[](void * __ptr64) , 419580
void * __ptr64 __cdecl operator new(unsigned __int64,int,char const * __ptr64,int) , 419572
void * __ptr64 __cdecl operator new[](unsigned __int64) , 419572
calloc , 419504
_get_heap_handle , 419452
_set_malloc_crt_max_wait , 419436
_recalloc_crt , 419300
_realloc_crt , 419168
_malloc_crt , 419044
_calloc_crt , 418916
malloc , 418732
free , 418668
void __cdecl operator delete(void * __ptr64) , 418660
void * __ptr64 __cdecl operator new(unsigned __int64) , 418552
__unDNameEx , 417884
__unDName , 417620
__RTtypeid , 392340
__RTDynamicCast , 391960
__RTCastToVoid , 391852
_get_unexpected , 390660
_get_terminate , 390636
void (__cdecl*__cdecl set_unexpected(void (__cdecl*)(void)))(void) , 390560
void (__cdecl*__cdecl set_unexpected(int))(void) , 390544
void (__cdecl*__cdecl set_terminate(void (__cdecl*)(void)))(void) , 390468
void (__cdecl*__cdecl set_terminate(int))(void) , 390452
void (__cdecl*__cdecl _set_se_translator(void (__cdecl*)(unsigned int,struct _EXCEPTION_POINTERS * __ptr64)))(unsigned int,struct _EXCEPTION_POINTERS * __ptr64) , 390400
void (__cdecl*__cdecl _set_se_translator(int))(unsigned int,struct _EXCEPTION_POINTERS * __ptr64) , 390384
int __cdecl _ValidateExecute(__int64 (__cdecl*)(void)) , 390372
int __cdecl _ValidateRead(void const * __ptr64,unsigned int) , 390372
int __cdecl _ValidateWrite(void * __ptr64,unsigned int) , 390372
__unDNameHelper , 390316
__clean_type_info_names_internal , 390236
private , 390128
private , 390128
private , 389780
private , 389472
__CxxFrameHandler , 389064
__CxxFrameHandler2 , 389064
__CxxFrameHandler3 , 389064
_SetThrowImageBase , 388660
_SetImageBase , 388632
_IsExceptionObjectToBeDestroyed , 388580
_GetThrowImageBase , 388556
_GetImageBase , 388532
_FindAndUnlinkFrame , 388436
_CreateFrameInfo , 388368
_CxxThrowException , 387244
__TypeMatch , 386956
__FrameUnwindFilter , 385920
__CxxUnregisterExceptionObject , 385576
__CxxRegisterExceptionObject , 385380
__CxxQueryExceptionSize , 385372
__CxxExceptionFilter , 384868
__CxxDetectRethrow , 384796
__BuildCatchObjectHelper , 383768
__BuildCatchObject , 383584
__AdjustPointer , 383548
int __cdecl _is_exception_typeof(class type_info const & __ptr64,struct _EXCEPTION_POINTERS * __ptr64) , 383356
__uncaught_exception , 383328
__DestructExceptionObject , 380984
public , 380976
public , 380968
public , 380936
public , 380928
public , 380920
public , 380772
public , 380740
public , 380724
public , 380704
private , 380664
private , 380572
public , 380388
public , 380372
public , 380372
public , 380372
public , 380372
public , 380348
public , 380304
public , 380276
public , 380228
public , 380184
public , 380148
public , 380104
public , 380068
private , 380032
public , 379996
public , 379960
void __cdecl unexpected(void) , 379896
void __cdecl terminate(void) , 379864
void __cdecl _inconsistency(void) , 379832
wcsftime , 379804
_wcsftime_l , 379772
_Wcsftime , 379332
_Gettnames , 377320
_W_Gettnames , 377320
_W_Getmonths , 376936
_W_Getdays , 376552
strftime , 373416
_strftime_l , 373384
_Strftime , 372928
_Getmonths , 372592
_Getdays , 372268
wcsxfrm , 372260
_wcsxfrm_l , 371908
_wcsupr_s_l , 371832
_wcsupr_s , 371824
_wcsupr_l , 371792
_wcsupr , 371696
_wcsnicoll_l , 370892
_wcsnicoll , 370744
_wcsnicmp_l , 370464
_wcsnicmp , 370312
_wcsncoll_l , 370096
_wcsncoll , 370016
_wcslwr_s_l , 369940
_wcslwr_s , 369932
_wcslwr_l , 369900
_wcslwr , 369804
_wcsicoll_l , 369072
_wcsicoll , 368940
_wcsicmp_l , 368700
_wcsicmp , 368568
wcscoll , 368496
_wcscoll_l , 368324
strxfrm , 368316
_strxfrm_l , 367940
_strupr_s_l , 367864
_strupr_s , 367856
_strupr_l , 367824
_strupr , 367736
_strnicoll_l , 366964
_strnicoll , 366940
_strnicmp_l , 366720
_strnicmp , 366640
_strncoll_l , 366312
_strncoll , 366232
_strlwr_s_l , 366156
_strlwr_s , 366148
_strlwr_l , 366116
_strlwr , 366028
_stricoll_l , 365328
_stricoll , 365304
_stricmp_l , 365124
_stricmp , 365052
strcoll , 364984
_strcoll_l , 364800
_memicmp_l , 364576
_memicmp , 364496
_vcwprintf_s_l , 322940
_vcwprintf_s , 322928
_cwprintf_s_l , 322892
_cwprintf_s , 322852
_vcwprintf_p_l , 318252
_vcwprintf_p , 318240
_cwprintf_p_l , 318204
_cwprintf_p , 318164
_vcwprintf_l , 315300
_vcwprintf , 315288
_cwprintf_l , 315252
_cwprintf , 315212
_vcprintf_s_l , 312576
_vcprintf_s , 312564
_cprintf_s_l , 312528
_cprintf_s , 312488
_vcprintf_p_l , 308328
_vcprintf_p , 308316
_cprintf_p_l , 308280
_cprintf_p , 308240
_vcprintf_l , 305716
_vcprintf , 305704
_cprintf_l , 305668
_cprintf , 305628
_cwscanf_s_l , 305592
_cwscanf_s , 305552
_cwscanf_l , 300820
_cwscanf , 300780
_cscanf_s_l , 296572
_cscanf_s , 296532
_cscanf_l , 292468
_cscanf , 292428
_mbctombb_l , 288316
_mbctombb , 288308
_mbbtombc_l , 288136
_mbbtombc , 288128
_mbcjmstojis_l , 287932
_mbcjmstojis , 287924
_mbcjistojms_l , 287772
_mbcjistojms , 287764
_mbctoupper_l , 287572
_mbctoupper , 287564
_mbctolower_l , 287372
_mbctolower , 287364
_mbsupr_s_l , 287024
_mbsupr_s , 287016
_mbsupr_l , 286972
_mbsupr , 286928
_mbstok_s_l , 286444
_mbstok_s , 286436
_mbstok_l , 286372
_mbstok , 286364
_mbsstr_l , 286108
_mbsstr , 286100
_mbsspnp_l , 285876
_mbsspnp , 285868
_mbsspn_l , 285648
_mbsspn , 285640
_mbsset_s , 285632
_mbsset_l , 285436
_mbsset , 285428
_mbsrev_l , 285228
_mbsrev , 285220
_mbsrchr_l , 285032
_mbsrchr , 285024
_mbspbrk_l , 284816
_mbspbrk , 284808
_mbsnset_s , 284788
_mbsnset_l , 284444
_mbsnset , 284436
_mbsnicoll_l , 284124
_mbsnicoll , 284116
_mbsnicmp_l , 283728
_mbsnicmp , 283720
_mbsnextc_l , 283604
_mbsnextc , 283596
_mbsncpy_s , 283576
_mbsncpy_l , 283348
_mbsncpy , 283340
_mbsncoll_l , 283028
_mbsncoll , 283020
_mbsncmp_l , 282764
_mbsncmp , 282756
_mbsnccnt_l , 282604
_mbsnccnt , 282596
_mbsncat_s , 282576
_mbsncat_l , 282272
_mbsncat , 282264
_mbsnbset_s , 282244
_mbsnbset_l , 282000
_mbsnbset , 281992
_mbsnbicoll_l , 281736
_mbsnbicoll , 281728
_mbsnbicmp_l , 281296
_mbsnbicmp , 281288
_mbsnbcpy_s , 281268
_mbsnbcpy_l , 281024
_mbsnbcpy , 281016
_mbsnbcoll_l , 280740
_mbsnbcoll , 280732
_mbsnbcnt_l , 280584
_mbsnbcnt , 280576
_mbsnbcmp_l , 280276
_mbsnbcmp , 280268
_mbsnbcat_s , 280248
_mbsnbcat_l , 279920
_mbsnbcat , 279912
_mbslwr_s_l , 279572
_mbslwr_s , 279564
_mbslwr_l , 279520
_mbslwr , 279476
_mbsnlen_l , 279324
_mbsnlen , 279316
_mbslen_l , 279208
_mbslen , 279200
_mbsicoll_l , 278996
_mbsicoll , 278988
_mbsicmp_l , 278492
_mbsicmp , 278484
_mbsdec_l , 278332
_mbsdec , 278324
_mbscspn_l , 278104
_mbscspn , 278096
_mbscoll_l , 277892
_mbscoll , 277884
_mbscpy_s , 277876
_mbscmp_l , 277652
_mbscmp , 277644
_mbschr_l , 277452
_mbschr , 277444
_mbscat_s , 277436
_mbsbtype_l , 277256
_mbsbtype , 277248
_setmbcp , 275956
_getmbcp , 275896
_ismbcl2_l , 274824
_ismbcl2 , 274816
_ismbcl1_l , 274712
_ismbcl1 , 274704
_ismbcl0_l , 274604
_ismbcl0 , 274596
_mbsset_s_l , 274244
_mbsnset_s_l , 273648
_mbsncpy_s_l , 273144
_mbsncat_s_l , 272512
_mbsnbset_s_l , 271908
_mbsnbcpy_s_l , 271388
_mbsnbcat_s_l , 270700
_mbscpy_s_l , 270380
_mbscat_s_l , 269916
_mbccpy_s_l , 269652
_mbccpy_s , 269632
_mbccpy_l , 269600
_mbccpy , 269568
_mbbtype_l , 269420
_mbbtype , 269412
_ismbcupper_l , 269228
_ismbcupper , 269220
_ismbstrail_l , 269072
_ismbstrail , 269064
_ismbcspace_l , 268860
_ismbcspace , 268852
_ismbslead_l , 268704
_ismbslead , 268696
_ismbcpunct_l , 268496
_ismbcpunct , 268488
_ismbcprint_l , 268284
_ismbcprint , 268276
_ismbclower_l , 268092
_ismbclower , 268084
_ismbclegal_l , 268000
_ismbclegal , 267992
_ismbcsymbol_l , 267904
_ismbcsymbol , 267896
_ismbckata_l , 267808
_ismbckata , 267800
_ismbchira_l , 267720
_ismbchira , 267712
_ismbcgraph_l , 267500
_ismbcgraph , 267492
_ismbcdigit_l , 267284
_ismbcdigit , 267276
_ismbbtrail_l , 267252
_ismbbtrail , 267232
_ismbbpunct_l , 267208
_ismbbpunct , 267188
_ismbbprint_l , 267160
_ismbbprint , 267136
_ismbblead_l , 267112
_ismbblead , 267092
_ismbbkpunct_l , 267068
_ismbbkpunct , 267048
_ismbbkprint_l , 267024
_ismbbkprint , 267004
_ismbbkana_l , 266900
_ismbbkana , 266892
_ismbbkalnum_l , 266868
_ismbbkalnum , 266848
_ismbbgraph_l , 266820
_ismbbgraph , 266796
_ismbbalpha_l , 266768
_ismbbalpha , 266744
_ismbbalnum_l , 266716
_ismbbalnum , 266692
_ismbcalpha_l , 266364
_ismbcalpha , 266356
_ismbcalnum_l , 266152
_ismbcalnum , 266144
_wtof_l , 266000
_wtof , 265992
wctomb_s , 265972
wctomb , 265888
_wctomb_s_l , 265492
_wctomb_l , 265368
wcstombs_s , 265336
wcstombs , 265328
_wcstombs_s_l , 265092
_wcstombs_l , 264268
_wcstoui64_l , 264228
_wcstoui64 , 264176
_wcstoi64_l , 264140
_wcstoi64 , 264092
_wcstoul_l , 263464
wcstoul , 263464
_wcstol_l , 263456
wcstol , 263456
wcstod , 262960
_wcstod_l , 262656
wctob , 262544
wcsrtombs_s , 262352
wcsrtombs , 262344
wcrtomb_s , 262208
wcrtomb , 262148
towupper , 261472
_towupper_l , 261264
towlower , 261256
_towlower_l , 261052
toupper , 261020
_toupper_l , 260684
_toupper , 260680
tolower , 260648
_tolower_l , 260308
_tolower , 260304
_strtoui64_l , 260264
_strtoui64 , 260212
_strtoi64_l , 260176
_strtoi64 , 260128
strtoul , 259484
strtol , 259436
_strtoul_l , 259396
_strtol_l , 259360
strtod , 258780
_strtod_l , 258436
mbsrtowcs_s , 258224
mbsrtowcs , 258216
mbrtowc , 258124
mbrlen , 258060
btowc , 257960
mbtowc , 257108
_mbtowc_l , 256768
mbstowcs_s , 256736
mbstowcs , 256708
_mbstowcs_s_l , 256404
_mbstowcs_l , 255920
mblen , 255892
_mblen_l , 255664
_isctype_l , 255444
_isctype , 255408
iswctype , 255304
_iswctype_l , 255296
is_wctype , 255296
_gcvt_s , 254932
_gcvt , 254888
_fcvt_s , 254680
_fcvt , 254460
_ecvt_s , 254252
_ecvt , 254072
atof , 253920
_atof_l , 253732
__STRINGTOLD , 253620
_atoldbl_l , 253416
_atoldbl , 253408
_atoflt_l , 253208
_atoflt , 253200
_atodbl_l , 253000
_atodbl , 252992
_iswupper_l , 252980
iswupper , 252980
_iswgraph_l , 252968
iswgraph , 252968
_iswdigit_l , 252956
iswdigit , 252956
_iswcntrl_l , 252944
iswcntrl , 252944
iswascii , 252928
_iswalpha_l , 252916
iswalpha , 252916
_iswalnum_l , 252904
iswalnum , 252904
isleadbyte , 252832
_iswxdigit_l , 252820
iswxdigit , 252820
_iswspace_l , 252808
iswspace , 252808
_iswpunct_l , 252796
iswpunct , 252796
_iswprint_l , 252784
iswprint , 252784
_iswlower_l , 252772
iswlower , 252772
_isleadbyte_l , 252704
__iswcsymf , 252660
_iswcsymf_l , 252660
__iswcsym , 252616
_iswcsym_l , 252616
_mbstrnlen_l , 252344
_mbstrnlen , 252336
_mbstrlen_l , 252160
_mbstrlen , 252140
isxdigit , 252012
isupper , 251888
isspace , 251764
ispunct , 251640
isprint , 251512
islower , 251388
isgraph , 251260
isdigit , 251136
iscntrl , 251012
isalpha , 250884
isalnum , 250756
_isxdigit_l , 250656
_isupper_l , 250560
_isspace_l , 250464
_ispunct_l , 250368
_isprint_l , 250268
_islower_l , 250172
_isgraph_l , 250072
_isdigit_l , 249976
_iscntrl_l , 249880
_isalpha_l , 249780
_isalnum_l , 249680
__toascii , 249672
__iscsymf , 249632
__iscsym , 249592
__isascii , 249580
strncpy , 249056
strncat , 248624
strlen , 248432
strcmp , 248304
strcpy , 248096
strcat , 247936
memset , 247648
memcpy , 246368
memmove , 246368
strncmp , 246224
memcmp , 246000
_wutime64 , 245844
_wutime32 , 245704
_wstrtime_s , 245384
_wstrtime , 245092
_wstrdate_s , 244748
_wstrdate , 244432
_wctime64_s , 244272
_wctime64 , 244164
_wctime32_s , 244020
_wctime32 , 243912
_wasctime_s , 243124
_wasctime , 243000
_utime64 , 242860
_futime64 , 242340
_time64 , 242244
_setsystime , 242080
_getsystime , 241920
_mktime64 , 241908
_mkgmtime64 , 241900
_localtime64_s , 240392
_localtime64 , 240320
_gmtime64_s , 239596
_gmtime64 , 239524
_ftime64_s , 239120
_ftime64 , 239112
_ctime64_s , 238232
_ctime64 , 238124
_utime32 , 237984
_futime32 , 237468
_tzset , 235580
_get_tzname , 234608
_get_timezone , 234560
_get_dstbias , 234512
_get_daylight , 234464
__tzname , 234456
__timezone , 234448
__dstbias , 234440
__daylight , 234432
_time32 , 234344
_strtime_s , 234064
_strtime , 233816
_strdate_s , 233512
_strdate , 233240
_mktime32 , 233228
_mkgmtime32 , 233220
_localtime32_s , 231756
_localtime32 , 231684
_gmtime32_s , 231260
_gmtime32 , 231188
_ftime32_s , 230716
_ftime32 , 230708
_difftime64 , 229968
_difftime32 , 229924
_ctime32_s , 229776
_ctime32 , 229668
clock , 229604
asctime_s , 228832
asctime , 228708
wmemmove_s , 228624
wmemcpy_s , 228500
wcstok_s , 228308
wcstok , 228140
wcsspn , 228056
_wcsset_s , 227972
_wcsset , 227952
_wcsrev , 227888
wcspbrk , 227832
_wcsnset_s , 227700
_wcsnset , 227668
wcsncpy_s , 227464
wcsncpy , 227392
__wcsncnt , 227352
wcsncmp , 227308
wcsncat_s , 227076
wcsncat , 227016
wcsnlen , 226984
wcslen , 226956
_wcsdup , 226836
wcscspn , 226772
wcscpy_s , 226664
wcscmp , 226604
wcscat_s , 226468
wcscpy , 226440
wcscat , 226396
strtok_s , 226112
strtok , 225864
_strnset_s , 225740
_strset_s , 225660
__strncnt , 225624
strncpy_s , 225436
strcpy_s , 225336
strncat_s , 225120
strcat_s , 224996
strnlen , 224968
wcsstr , 224460
wcsrchr , 224284
wcschr , 224144
strstr , 223664
strrchr , 223340
strchr , 223200
strspn , 222740
_strset , 222720
_strrev , 222664
strpbrk , 222500
_strnset , 222472
_strdup , 222360
strcspn , 222200
memmove_s , 222116
_memccpy , 222076
memcpy_s , 221940
memchr , 221912
_wtmpnam_s , 221140
_wtmpnam , 220640
_wtempnam , 219980
wscanf_s , 219928
wscanf , 219876
_wscanf_s_l , 219684
_wscanf_l , 219636
wprintf_s , 219596
wprintf , 219424
_wprintf_s_l , 219388
_wprintf_p_l , 219352
_wprintf_p , 219312
_wprintf_l , 219276
_wpopen , 217452
_wfreopen_s , 216696
_wfreopen , 216408
_wfsopen , 216184
_wfopen_s , 216100
_wfopen , 216088
_wfdopen , 215632
vwprintf_s , 215608
vwprintf , 215584
_vwprintf_s_l , 215560
_vwprintf_p_l , 215536
_vwprintf_p , 215512
_vwprintf_l , 215488
vswprintf_s , 215464
_vswprintf_s_l , 215340
_vswprintf_p_l , 215284
_vswprintf_p , 215232
_vswprintf_c_l , 214892
_vswprintf_c , 214840
_vsnwprintf_s_l , 214504
_vsnwprintf_s , 214472
_vswprintf_l , 214248
_vswprintf , 214236
_vscwprintf_p_l , 214212
_vscwprintf_p , 214188
_vscwprintf_l , 214164
_vscwprintf , 214140
__vswprintf_l , 214132
_vsnwprintf_l , 213880
_vsnwprintf , 213856
vsprintf_s , 213832
_vsprintf_s_l , 213720
_vsprintf_p_l , 213664
_vsprintf_p , 213612
_vsnprintf_s_l , 213284
_vsnprintf_s , 213252
_vsnprintf_c_l , 212964
_vsnprintf_c , 212912
_vsnprintf_l , 212708
_vsnprintf , 212684
vsprintf , 212672
_vsprintf_l , 212488
_vscprintf_p_l , 212464
_vscprintf_p , 212440
_vscprintf_l , 212416
_vscprintf , 212248
vfwprintf_s , 212212
vfwprintf , 212016
_vfwprintf_s_l , 211980
_vfwprintf_p_l , 211944
_vfwprintf_p , 211908
_vfwprintf_l , 211872
vfprintf_s , 211836
vfprintf , 211472
_vfprintf_s_l , 211436
_vfprintf_p_l , 211400
_vfprintf_p , 211364
_vfprintf_l , 211328
vprintf_s , 211304
vprintf , 211112
_vprintf_s_l , 211088
_vprintf_p_l , 211064
_vprintf_p , 211040
_vprintf_l , 211016
ungetwc , 210904
_ungetwc_nolock , 210388
ungetc , 210284
_ungetc_nolock , 210020
tmpnam_s , 209956
tmpnam , 209908
tmpfile_s , 209896
tmpfile , 209860
_tempnam , 207588
swscanf_s , 207356
swscanf , 207300
_swscanf_s_l , 207248
_swscanf_l , 207196
_swprintf_c_l , 207164
_swprintf_c , 206912
swprintf_s , 206876
_swprintf_s_l , 206844
_swprintf_p_l , 206812
_swprintf_p , 206776
_swprintf , 206580
_snwprintf_s_l , 206544
_snwprintf_s , 206508
_scwprintf_p_l , 206472
_scwprintf_p , 206432
_scwprintf_l , 206396
_scwprintf , 206356
__swprintf_l , 206324
sscanf_s , 205792
sscanf , 205736
_sscanf_s_l , 205684
_sscanf_l , 205632
sprintf_s , 205596
sprintf , 205436
_sprintf_s_l , 205404
_sprintf_p_l , 205372
_sprintf_p , 205336
_sprintf_l , 205304
_snprintf_s_l , 205268
_snprintf_s , 205232
_scprintf_p_l , 205196
_scprintf_p , 205156
_scprintf_l , 205120
_scprintf , 205080
_snwscanf_s_l , 204852
_snwscanf_s , 204796
_snwscanf_l , 204744
_snwscanf , 204688
_snwprintf_l , 204656
_snwprintf , 204428
_snscanf_s_l , 204212
_snscanf_s , 204156
_snscanf_l , 204104
_snscanf , 204048
_snprintf_c_l , 204016
_snprintf_c , 203824
_snprintf_l , 203792
_snprintf , 203612
setvbuf , 203336
setbuf , 203308
_setmaxstdio , 203032
_getmaxstdio , 203024
scanf_s , 202972
scanf , 202920
_scanf_s_l , 202872
_scanf_l , 202824
_rmtmp , 202664
rewind , 202460
_putws , 202220
_putw , 202044
puts , 201656
printf_s , 201616
printf , 201444
_set_printf_count_output , 201404
_printf_s_l , 201368
_printf_p_l , 201332
_printf_p , 201292
_printf_l , 201256
_get_printf_count_output , 201232
_popen , 199412
_pclose , 199192
_set_output_format , 199140
_get_output_format , 199132
_getws_s , 199124
_getws , 198732
_getw , 198552
gets_s , 198544
gets , 198528
fwscanf_s , 197720
fwscanf , 197664
_fwscanf_s_l , 197612
_fwscanf_l , 197560
fwrite , 197416
_fwrite_nolock , 197016
fwprintf_s , 196980
fwprintf , 196832
_fwprintf_s_l , 196800
_fwprintf_p_l , 196768
_fwprintf_p , 196732
_fwprintf_l , 196700
_ftelli64_nolock , 195944
_ftelli64 , 195840
ftell , 195752
_ftell_nolock , 194996
fsetpos , 194940
_fseeki64_nolock , 194760
_fseeki64 , 194644
fseek , 194528
_fseek_nolock , 194356
fscanf_s , 194004
fscanf , 193948
_fscanf_s_l , 193896
_fscanf_l , 193844
freopen_s , 193820
freopen , 193772
fread_s , 193364
fread , 193332
_fread_nolock_s , 192788
_fread_nolock , 192756
fprintf_s , 192720
fprintf , 192412
_fprintf_s_l , 192380
_fprintf_p_l , 192348
_fprintf_p , 192312
_fprintf_l , 192280
fopen_s , 192196
fopen , 192184
_fsopen , 191968
fgetpos , 191892
fflush , 191592
_flushall , 191580
_fflush_nolock , 191380
_fdopen , 190960
fclose , 190856
_fclose_nolock , 190732
_fcloseall , 190564
clearerr_s , 190368
clearerr , 190360
_flsbuf , 188448
_unlock_file , 188336
_lock_file , 188180
__iob_func , 188172
__p__iob , 188172
_filbuf , 187312
_fputwchar , 187280
putwchar , 187280
fputws , 187100
putwc , 187092
fputwc , 186972
_fputwc_nolock , 186500
_fputchar , 186468
putchar , 186468
fputs , 186160
fputc , 185876
putc , 185876
_fileno , 185836
_fgetwchar , 185812
getwchar , 185812
fgetws , 185600
getwc , 185592
fgetwc , 185500
_fgetwc_nolock , 184976
fgets , 184616
_fgetchar , 184592
getchar , 184592
fgetc , 184324
getc , 184324
_getc_nolock , 184284
ferror , 184244
feof , 184204
_mbctokata_l , 184160
_mbctokata , 184152
_mbctohira_l , 184096
_mbctohira , 184088
_mbsninc_l , 184052
_mbsninc , 184016
_mbsinc_l , 183976
_mbsinc , 183908
_mbclen_l , 183860
_mbclen , 183812
_wsystem , 183548
_wspawnvpe , 182868
_wspawnvp , 182860
_wspawnve , 182064
_wspawnv , 181992
_wspawnlpe , 181800
_wspawnlp , 181624
_wspawnle , 181432
_wspawnl , 181256
_wexecvpe , 180628
_wexecvp , 180620
_wexecve , 179844
_wexecv , 179772
_wexeclpe , 179588
_wexeclp , 179420
_wexecle , 179236
_wexecl , 179068
_cwait , 176912
system , 176648
_spawnvpe , 175896
_spawnvp , 175888
_spawnve , 175096
_spawnv , 175024
_spawnlpe , 174836
_spawnlp , 174664
_spawnle , 174476
_spawnl , 174300
_unloaddll , 174268
_loaddll , 174220
_getdllprocaddr , 174184
_execvpe , 173400
_execvp , 173392
_execve , 172620
_execv , 172548
_execlpe , 172368
_execlp , 172204
_execle , 172024
_execl , 171856
_wunlink , 169816
_wremove , 169768
_wstat32i64 , 168620
_wstat64i32 , 167460
_wstat64 , 166112
_wstat32 , 164964
_wrmdir , 164672
_wrename , 164616
_wmkdir , 164564
_wgetdcwd , 164228
_wgetcwd , 164212
_wfullpath , 163904
_wchmod , 163748
_wchdir , 163416
_waccess_s , 163248
_waccess , 163228
remove , 163156
_unlink , 163148
_stat32i64 , 163060
_stat64i32 , 162972
_stat64 , 162884
_stat32 , 162796
_rmdir , 162724
rename , 162396
_mkdir , 162324
_getpid , 162316
_getdcwd , 161884
_getcwd , 161868
_fullpath , 161568
_getdrive , 161332
_chdrive , 161200
_set_errno , 161140
_set_doserrno , 161080
_get_errno , 160940
_get_doserrno , 160880
_errno , 160848
_dosmaperr , 160768
__doserrno , 160736
_chdir , 160432
_chmod , 160348
_access_s , 160260
_access , 160240
_wfindnext32i64 , 159940
_wfindfirst32i64 , 159600
_wfindnext64i32 , 159308
_wfindfirst64i32 , 158980
_wfindnext64 , 158676
_wfindfirst64 , 158336
_wfindnext32 , 158048
_wfindfirst32 , 157720
_sleep , 157700
_beep , 157692
_seterrormode , 157684
_findnext32i64 , 157384
_findfirst32i64 , 157044
_findnext64i32 , 156752
_findfirst64i32 , 156424
_findnext64 , 155976
_findfirst64 , 155636
_findnext32 , 155348
_findfirst32 , 155020
_findclose , 154980
_getdiskfree , 154672
_getdrives , 154664
_ultow_s , 154096
_ui64tow_s , 154076
_ltow_s , 154040
_itow_s , 154000
_i64tow_s , 153964
_ultow , 153708
_ui64tow , 153680
_ltow , 153640
_itow , 153596
_i64tow , 153552
_ultoa_s , 153036
_ui64toa_s , 153016
_ltoa_s , 152980
_itoa_s , 152940
_i64toa_s , 152904
_ultoa , 152700
_ui64toa , 152620
_ltoa , 152580
_itoa , 152536
_i64toa , 152492
_wtoi_l , 152476
_wtol_l , 152476
_wtoi64_l , 152460
_wtoi64 , 152448
_wtoi , 152436
_wtol , 152436
_swab , 151940
atoi , 151928
atol , 151928
_atoi_l , 151912
_atol_l , 151912
_atoi64_l , 151896
_atoi64 , 151884
_initptd , 147776
_getptd , 147608
_freefls , 147240
__threadid , 147232
__threadhandle , 147224
__get_flsindex , 147216
__get_tlsindex , 147216
_endthreadex , 146812
_beginthreadex , 146528
_endthread , 146360
_beginthread , 146072
_unlock , 145076
_lock , 144588
__wgetmainargs , 144428
__p__wpgmptr , 144420
__p__wenviron , 144412
__p__wcmdln , 144404
__p__tzname , 144396
__p__timezone , 144388
__p__pwctype , 144380
__p__pgmptr , 144372
__p__pctype , 144312
__p__mbctype , 144304
__p__mbcasemap , 144296
__p__fmode , 144288
__p__environ , 144280
__p__dstbias , 144272
__p__daylight , 144264
__p__commode , 144256
__p__acmdln , 144248
__p___winitenv , 144240
__p___wargv , 144232
__p___mb_cur_max , 144172
__p___initenv , 144164
__p___argv , 144156
__p___argc , 144148
__getmainargs , 144036
exit , 142860
_initterm_e , 142296
_initterm , 142244
_get_wpgmptr , 142116
_get_pgmptr , 142060
_exit , 142048
_cexit , 141960
_c_exit , 141944
_amsg_exit , 141904
__setusermatherr , 139704
bool __cdecl __ExceptionPtrToBool(void const * __ptr64) , 139692
void __cdecl __ExceptionPtrSwap(void * __ptr64,void * __ptr64) , 139660
void __cdecl __ExceptionPtrRethrow(void const * __ptr64) , 139652
void __cdecl __ExceptionPtrDestroy(void * __ptr64) , 139600
void __cdecl __ExceptionPtrCurrentException(void * __ptr64) , 139492
void __cdecl __ExceptionPtrCreate(void * __ptr64) , 139476
void __cdecl __ExceptionPtrCopyException(void * __ptr64,void const * __ptr64,void const * __ptr64) , 139396
void __cdecl __ExceptionPtrCopy(void * __ptr64,void const * __ptr64) , 139360
bool __cdecl __ExceptionPtrCompare(void const * __ptr64,void const * __ptr64) , 139348
void __cdecl __ExceptionPtrAssign(void * __ptr64,void const * __ptr64) , 139340
public , 137064
public , 137052
public , 137028
public , 137028
public , 137028
_set_error_mode , 135744
__set_app_type , 135736
int __cdecl _set_new_mode(int) , 135688
int __cdecl _query_new_mode(void) , 135680
void (__cdecl*__cdecl set_new_handler(void (__cdecl*)(void)))(void) , 135660
_callnewh , 135600
int (__cdecl*__cdecl _set_new_handler(int (__cdecl*)(unsigned __int64)))(unsigned __int64) , 135520
int (__cdecl*__cdecl _set_new_handler(int))(unsigned __int64) , 135512
int (__cdecl*__cdecl _query_new_handler(void))(unsigned __int64) , 135496
_Unlock_shared_ptr_spin_lock , 135484
_Lock_shared_ptr_spin_lock , 135468
unsigned long __cdecl Concurrency , 129340
public , 129332
public , 129248
void __cdecl Concurrency , 129040
void __cdecl Concurrency , 129032
void __cdecl Concurrency , 128880
void __cdecl Concurrency , 126788
void __cdecl Concurrency , 126592
struct Concurrency , 126560
void __cdecl Concurrency , 125456
protected , 125392
protected , 125360
protected , 125188
protected , 125160
void __cdecl Concurrency , 121864
void __cdecl Concurrency , 121780
public , 121544
public , 121136
public , 118864
public , 118844
public , 118260
public , 117964
public , 116268
public , 115724
public , 115360
public , 114864
public , 114640
private , 114400
private , 114316
public , 113584
public , 113448
public , 113260
public , 113036
void __cdecl Concurrency , 112108
void * __ptr64 __cdecl Concurrency , 111964
public , 93948
public , 93744
public , 93668
public , 93660
public , 93580
public , 93456
public , 92868
public , 92840
public , 92256
public , 76072
public , 75824
public , 75784
void __cdecl Concurrency , 48396
void __cdecl Concurrency , 48388
unsigned int __cdecl Concurrency , 48372
unsigned int __cdecl Concurrency , 48356
unsigned int __cdecl Concurrency , 48224
unsigned int __cdecl Concurrency , 48216
unsigned int __cdecl Concurrency , 48216
struct Concurrency , 47948
enum Concurrency , 47820
public , 47316
public , 47308
public , 47308
public , 47204
public , 46208
public , 46180
public , 45848
public , 45628
public , 45544
public , 45496
public , 45392
public , 44440
public , 44268
public , 44072
public , 43988
public , 43984
public , 43952
public , 43852
public , 43844
public , 43844
public , 43740
public , 42912
public , 42900
public , 42844
public , 42840
public , 42784
public , 42764
public , 42736
public , 42652
public , 42604
public , 42596
public , 42588
public , 42548
public , 42548
public , 42500
public , 42452
public , 42364
public , 42348
public , 42340
public , 42340
public , 42320
public , 42320
public , 42312
public , 42312
public , 42304
public , 42304
public , 42272
public , 42272
public , 42264
public , 40484
public , 40348
public , 40116
_CRT_RTC_INIT , 29416
_CRT_RTC_INITW , 29416
long __cdecl Concurrency , 29416
long __cdecl Concurrency , 29416
public , 27532
public , 27488
public , 27452
public , 27408
public , 27372
public , 27328
public , 27292
public , 27248
public , 27212
public , 27168
public , 27132
public , 27088
public , 27052
public , 27008
public , 26972
public , 26928
public , 26892
public , 26848
public , 26812
public , 26768
public , 26732
public , 26688
public , 26652
public , 26608
public , 26572
public , 26528
public , 26492
public , 26448
public , 26412
public , 26368
public , 26332
public , 26288
public , 26252
public , 26208
public , 26172
public , 26128
public , 26092
public , 26048
public , 26012
public , 25968
public , 25932
public , 25888
public , 25852
public , 25808
public , 25772
public , 25728
public , 25692
public , 25656
public , 25652
public , 25604
public , 25544
public , 22704
public , 22216
public , 22080
public , 21748
public , 21608
public , 21560
public , 21432
public , 21256
public , 20836
public , 20696
public , 20636
public , 20592
void * __ptr64 __cdecl Concurrency , 19688
_freea , 19580
_freea_s , 19580
public , 19552
public , 19528
public , 19520
public , 19480
public , 19416
public , 19368
public , 19368
public , 19336
public , 19312
public , 19244
public , 19024
public , 18984
public , 18976
public , 18932
public , 18896
public , 18860
public , 18752
protected , 18568
protected , 18564
public , 17052
private , 16020
public , 15936
public , 15884
public , 15436
public , 9664
public , 9664
public , 9608
public , 9544
public , 9544
public , 9536
public , 9440
public , 9384
public , 9328
public , 9328
public , 9304
public , 9244
public , 9184
public , 9124
protected , 7300
private , 7100
public , 6772
public , 6616
public , 6436
public , 6292
public , 6124
private , 6024
public , 5988
private , 5804
private , 5804
public , 5788
public , 5788
public , 5520
protected , 5252
protected , 5252
protected , 5244
protected , 5244
protected , 5208
protected , 5204
public , 5040
public , 5028
public , 5028
public , 4144
public , 4144
public , 4116
public , 4116
public , 4112
public , 4104
public , 4104
public , 4096
public , 4096
