pow , 1417216
LdrSystemDllInitBlock , 1302784
RtlpFreezeTimeBias , 1302568
_fltused , 1302552
NlsAnsiCodePage , 1279244
NlsMbCodePageTag , 1279086
NlsMbOemCodePageTag , 1279085
RtlAllocateMemoryZone , 1274172
RtlAllocateMemoryBlockLookaside , 1273920
RtlFreeMemoryBlockLookaside , 1273872
SbExecuteProcedure , 1010448
RtlSetIoCompletionCallback , 1008024
RtlDeleteTimerQueue , 1008008
RtlCancelTimer , 1007992
RtlSetTimer , 1007944
__misaligned_access , 1006852
LdrStandardizeSystemPath , 1006852
RtlDebugPrintTimes , 1006852
RtlFinalReleaseOutOfProcessMemoryStream , 1006852
RtlInitMemoryStream , 1006852
RtlInitOutOfProcessMemoryStream , 1006852
TpDbgSetLogRoutine , 1006852
TpDbgDumpHeapUsage , 1006680
TpCallbackReleaseSemaphoreOnCompletion , 1006620
TpCallbackLeaveCriticalSectionOnCompletion , 1006580
TpCallbackDetectedUnrecoverableError , 1006532
TpSetDefaultPoolMaxThreads , 1006072
TpQueryPoolStackInformation , 1005968
EvtIntReportAuthzEventAndSourceAsync , 1004320
EtwTraceEventInstance , 999996
EtwEventSetInformation , 999652
EtwEventWriteEx , 999584
EtwEventWriteString , 999056
EtwEnumerateProcessRegGuids , 998728
EtwCreateTraceInstanceId , 998632
RtlpNtCreateKey , 953996
RtlpNtSetValueKey , 953948
RtlpNtMakeTemporaryKey , 953936
RtlpGetUserOrMachineUILanguage4NLS , 951520
RtlpMuiRegCreateRegistryInfo , 938392
RtlpRefreshCachedUILanguage , 935920
RtlWakeAddressSingle , 935880
RtlWakeAddressSingleNoFence , 935864
RtlWakeAddressAllNoFence , 935848
RtlTraceDatabaseCreate , 935544
RtlTraceDatabaseDestroy , 935360
RtlTraceDatabaseValidate , 935248
RtlTraceDatabaseAdd , 935128
RtlTraceDatabaseFind , 935000
RtlTraceDatabaseLock , 934112
RtlTraceDatabaseUnlock , 934092
RtlTraceDatabaseEnumerate , 933868
RtlRandom , 933728
RtlRaiseStatus , 933592
RtlQueryValidationRunlevel , 933344
RtlUnwind , 933268
RtlLogStackBackTrace , 931504
RtlUnhandledExceptionFilter , 930048
RtlUnhandledExceptionFilter2 , 927052
RtlIsNormalizedString , 926916
RtlIsNameInExpression , 922000
RtlInterlockedPushListSListEx , 920320
RtlInitializeContext , 920024
RtlRemoteCall , 919656
RtlIdnToNameprepUnicode , 919444
RtlHeapTrkInitialize , 918508
RtlIsValidLocaleName , 914028
RtlGetCurrentPeb , 911716
RtlGenerate8dot3Name , 910564
RtlIsNameLegalDOS8Dot3 , 909456
RtlFormatMessage , 909136
RtlEthernetStringToAddressW , 908836
RtlEthernetStringToAddressA , 908532
RtlEthernetAddressToStringW , 908364
RtlIpv6AddressToStringExA , 908032
RtlIpv4AddressToStringExA , 907828
RtlEthernetAddressToStringA , 907700
RtlEqualWnfChangeStamps , 907688
RtlFlushSecureMemoryCache , 904176
RtlRegisterSecureMemoryCacheCallback , 904000
RtlDeregisterSecureMemoryCacheCallback , 903820
RtlDeleteElementGenericTableAvlEx , 903300
RtlGetElementGenericTableAvl , 903016
RtlEnumerateGenericTableLikeADirectory , 902716
RtlLookupElementGenericTableFull , 902632
RtlSubtreeSuccessor , 902596
RtlSubtreePredecessor , 902560
RtlCreateUmsCompletionList , 902276
RtlDequeueUmsCompletionListItems , 901932
RtlGetUmsCompletionListEvent , 901840
RtlExecuteUmsThread , 901428
RtlUmsThreadYield , 901300
RtlDeleteUmsCompletionList , 901220
RtlGetNextUmsListItem , 901180
RtlQueryUmsThreadInformation , 901012
RtlSetUmsThreadInformation , 900960
RtlDeleteUmsThreadContext , 900872
RtlCreateUmsThreadContext , 900608
RtlEnterUmsSchedulingMode , 900304
RtlCreateBootStatusDataFile , 899496
RtlCrc32 , 899424
RtlCrc64 , 899344
RtlCopyContext , 896976
RtlGetExtendedFeaturesMask , 896948
RtlLocateExtendedFeature , 896860
RtlSetExtendedFeaturesMask , 896776
RtlCreateHashTableEx , 896764
RtlInitWeakEnumerationHashTable , 896752
RtlWeaklyEnumerateEntryHashTable , 896740
RtlEndWeakEnumerationHashTable , 896728
RtlExpandHashTable , 896248
RtlDecompressBuffer , 895872
RtlDecompressFragment , 895648
RtlCompareAltitudes , 895136
RtlProtectHeap , 893448
RtlSetUserFlagsHeap , 892728
RtlQueryTagHeap , 892280
RtlValidateProcessHeaps , 892016
RtlGetProcessHeaps , 891812
RtlMultipleAllocateHeap , 885032
RtlMultipleFreeHeap , 884920
RtlIoEncodeMemIoResource , 884128
RtlCmEncodeMemIoResource , 883896
RtlIoDecodeMemIoResource , 883736
RtlCmDecodeMemIoResource , 883636
RtlFindClosestEncodableLength , 883464
RtlpSetInstallLanguage , 880612
RtlpSetPreferredUILanguages , 876680
RtlpSetUserPreferredUILanguages , 876680
RtlGetProcessPreferredUILanguages , 876424
RtlGetUILanguageInfo , 875140
RtlGetThreadLangIdByIndex , 873916
RtlConvertLCIDToString , 871556
RtlpConvertLCIDsToCultureNames , 870724
RtlpConvertCultureNamesToLCIDs , 870192
RtlpCleanupRegistryKeys , 869248
RtlGetNtGlobalFlags , 869224
RtlWriteRegistryValue , 869076
RtlCreateRegistryKey , 869020
RtlDeleteRegistryValue , 868920
RtlQueryDynamicTimeZoneInformation , 868768
RtlSetTimeZoneInformation , 868008
RtlSetDynamicTimeZoneInformation , 867992
RtlSetPortableOperatingSystem , 867928
RtlLargeIntegerToChar , 867368
RtlInt64ToUnicodeString , 867208
RtlGetCallersAddress , 867112
RtlBarrier , 866808
RtlBarrierForDelete , 866480
RtlInitBarrier , 866256
RtlDeleteBarrier , 866176
RtlAssert , 865728
RtlSetBit , 865712
RtlClearBit , 865696
RtlFindSetBitsAndClear , 864816
RtlFindClearRuns , 863572
RtlFindLongestRunClear , 863508
RtlNumberOfSetBits , 863092
RtlNumberOfSetBitsInRange , 862460
RtlNumberOfClearBits , 862428
RtlNumberOfClearBitsInRange , 862384
RtlFindNextForwardRunClear , 862052
RtlInterlockedSetBitRun , 861868
RtlCopyBitMap , 860880
RtlExtractBitMap , 860472
RtlFindLastBackwardRunClear , 860252
RtlUpperString , 860168
RtlAppendAsciizToString , 860064
RtlAppendStringToString , 859976
RtlAnsiStringToUnicodeSize , 859936
RtlOemStringToUnicodeSize , 859936
RtlxAnsiStringToUnicodeSize , 859936
RtlxOemStringToUnicodeSize , 859936
RtlValidateUnicodeString , 859908
RtlUpcaseUnicodeStringToAnsiString , 859624
RtlUnicodeStringToCountedOemString , 859292
RtlUpcaseUnicodeStringToCountedOemString , 858960
RtlDowncaseUnicodeChar , 858868
RtlUnicodeStringToAnsiSize , 858828
RtlUnicodeStringToOemSize , 858828
RtlxUnicodeStringToAnsiSize , 858828
RtlxUnicodeStringToOemSize , 858828
RtlEqualComputerName , 858816
RtlResetMemoryZone , 858736
RtlExtendMemoryZone , 858480
RtlExtendMemoryBlockLookaside , 858464
RtlResetMemoryBlockLookaside , 858364
RtlZeroHeap , 856960
RtlAddIntegrityLabelToBoundaryDescriptor , 855732
RtlGrowFunctionTable , 855692
RtlLookupFunctionTable , 855632
RtlDestroyAtomTable , 855316
RtlEmptyAtomTable , 855148
RtlPinAtomInAtomTable , 854960
RtlSetInformationAcl , 853112
RtlAddCompoundAce , 852744
RtlAddResourceAttributeAce , 851912
RtlAddScopedPolicyIDAce , 851528
RtlAddAccessAllowedObjectAce , 851040
RtlAddAccessDeniedObjectAce , 850944
RtlAddAuditAccessObjectAce , 850804
RtlpConvertRelativeToAbsoluteSecurityAttribute , 848992
RtlpConvertAbsoluteToRelativeSecurityAttribute , 847888
RtlLengthSidAsUnicodeString , 845492
RtlRunEncodeUnicodeString , 845320
RtlRunDecodeUnicodeString , 845236
RtlCopySidAndAttributesArray , 845044
RtlEqualLuid , 845012
RtlCopyLuidAndAttributesArray , 844960
RtlSetAttributesSecurityDescriptor , 844908
RtlAreAnyAccessesGranted , 844896
RtlOwnerAcesPresent , 840056
RtlGetSecurityDescriptorRMControl , 840024
RtlSetSecurityDescriptorRMControl , 839984
RtlMapSecurityErrorToNtStatus , 839728
RtlSidIsHigherLevel , 839568
RtlSidEqualLevel , 839408
RtlReplaceSidInSd , 838612
RtlIsUntrustedObject , 838216
RtlAddActionToRXact , 838088
RtlApplyRXact , 837916
PfxInitialize , 837732
PfxInsertPrefix , 837448
PfxRemovePrefix , 837272
PfxFindPrefix , 837060
RtlSecondsSince1980ToTime , 836496
NtGetTickCount , 836464
RtlCustomCPToUnicodeN , 835860
RtlUnicodeToCustomCPN , 835316
RtlUpcaseUnicodeToCustomCPN , 833264
LdrResRelease , 830888
RtlQueryModuleInformation , 828456
LdrProcessRelocationBlockEx , 827832
LdrProcessRelocationBlock , 827788
LdrOpenImageFileOptionsKey , 827632
LdrGetFileNameFromLoadAsDataTable , 827288
LdrFindResourceDirectory_U , 825288
LdrEnumResources , 824456
vDbgPrintExWithPrefix , 824368
DbgPrompt , 824304
DbgPrintReturnControlC , 824148
vDbgPrintEx , 824100
DbgQueryDebugFilterState , 824088
DbgSetDebugFilterState , 824076
AlpcGetCompletionListMessageAttributes , 824024
AlpcGetCompletionListLastMessageInformation , 824004
RtlComputeImportTableHash , 823224
RtlFreeThreadActivationContextStack , 819540
RtlIsActivationContextActive , 819492
RtlZombifyActivationContext , 819376
LdrAddDllDirectory , 817168
LdrRemoveDllDirectory , 816944
RtlWnfCompareChangeStamp , 816624
WinSqmSetEscalationInfo , 811696
WinSqmAddToAverageDWORD , 809104
WinSqmSetIfMinDWORD , 809044
WinSqmCheckEscalationSetDWORD64 , 808776
WinSqmCheckEscalationSetString , 808404
WinSqmCheckEscalationAddToStreamEx , 807980
WinSqmGetEscalationRuleStatus , 807792
WinSqmCommonDatapointSetDWORD , 807712
WinSqmCommonDatapointSetDWORD64 , 807632
WinSqmCommonDatapointSetString , 807408
WinSqmCommonDatapointSetStreamEx , 806868
WinSqmCommonDatapointDelete , 806592
WerReportSQMEvent , 805840
ShipAssert , 802080
ShipAssertMsgA , 802064
ShipAssertMsgW , 802064
ShipAssertGetBufferInfo , 802024
RtlReportException , 801760
RtlReportSqmEscalation , 799596
RtlUpdateClonedSRWLock , 799572
RtlAcquireReleaseSRWLockExclusive , 799524
RtlWow64GetThreadContext , 799484
RtlWow64GetThreadSelectorEntry , 799084
RtlWow64SetThreadContext , 799056
RtlWow64SuspendThread , 799032
RtlQueueApcWow64Thread , 798992
RtlApplicationVerifierStop , 796748
RtlCommitDebugInfo , 790064
RtlDeCommitDebugInfo , 790004
RtlSetProcessDebugInformation , 789504
RtlQueryProcessBackTraceInformation , 789112
RtlQueryProcessHeapInformation , 787368
RtlQueryProcessLockInformation , 786732
RtlpQueryProcessDebugInformationFromWow64 , 786588
RtlConvertUiListToApiList , 784424
RtlNewSecurityObjectWithMultipleInheritance , 783992
RtlSetSecurityObjectEx , 783952
RtlQuerySecurityObject , 783232
RtlNewInstanceSecurityObject , 782964
RtlNewSecurityGrantedAccess , 782572
RtlCreateUserSecurityObject , 782412
RtlConvertToAutoInheritSecurityObject , 782372
RtlIsCurrentThreadAttachExempt , 782320
RtlCloneUserProcess , 781696
RtlCreateProcessParameters , 781596
RtlDeNormalizeProcessParams , 781408
RtlPrepareForProcessCloning , 781148
RtlCompleteProcessCloning , 780948
RtlWow64LogMessageInEventLogger , 780416
RtlIsCriticalSectionLocked , 780384
RtlpWaitForCriticalSection , 780368
RtlDumpResource , 779984
RtlUpdateClonedCriticalSection , 779936
RtlEnableEarlyCriticalSectionEventCreation , 779888
RtlpNotOwnerCriticalSection , 779552
RtlQueryCriticalSectionOwner , 779264
RtlCreateProcessReflection , 777696
RtlCloneMemoryStream , 776832
RtlCommitMemoryStream , 776832
RtlCopyMemoryStreamTo , 776832
RtlCopyOutOfProcessMemoryStreamTo , 776832
RtlLockMemoryStreamRegion , 776832
RtlQueryInterfaceMemoryStream , 776832
RtlReadMemoryStream , 776832
RtlReadOutOfProcessMemoryStream , 776832
RtlRevertMemoryStream , 776832
RtlSeekMemoryStream , 776832
RtlSetMemoryStreamSize , 776832
RtlStatMemoryStream , 776832
RtlUnlockMemoryStreamRegion , 776832
RtlWriteMemoryStream , 776832
RtlComputePrivatizedDllName_U , 775072
CsrSetPriorityClass , 775060
LdrInitShimEngineDynamic , 773748
LdrQueryOptionalDelayLoadedAPI , 771216
LdrResolveDelayLoadsFromDll , 771008
RtlGetUnloadEventTrace , 769868
LdrVerifyImageMatchesChecksum , 769772
LdrUnregisterDllNotification , 768512
LdrQueryModuleServiceTags , 768396
LdrGetFailureData , 768380
LdrHotPatchRoutine , 766224
RtlGetFrame , 766044
DbgUiConnectToDbg , 765588
DbgUiGetThreadDebugObject , 765564
DbgUiSetThreadDebugObject , 765540
DbgUiWaitStateChange , 765504
DbgUiContinue , 765468
DbgUiStopDebugging , 765440
DbgUiRemoteBreakin , 765356
DbgUiIssueRemoteBreakin , 765256
DbgUiDebugActiveProcess , 765156
DbgUiConvertStateChangeStructure , 764632
RtlAppendPathElement , 763524
RtlEnableThreadProfiling , 763272
RtlDisableThreadProfiling , 763172
RtlQueryThreadProfiling , 763132
RtlReadThreadProfilingData , 762812
RtlAppxIsFileOwnedByTrustedInstaller , 762080
LdrAppxHandleIntegrityFailure , 759672
CsrGetProcessId , 759656
CsrCaptureTimeout , 759624
MD4Final , 757968
MD4Update , 757616
MD4Init , 757568
strtok_s , 752984
strncat_s , 752736
sscanf_s , 752656
memmove_s , 752540
_wmakepath_s , 752184
_strset_s , 752096
_strnset_s , 751964
_splitpath_s , 751304
_snwscanf_s , 751240
_snscanf_s , 751176
_makepath_s , 750868
_ui64tow_s , 750840
_ultoa_s , 750264
_ltoa_s , 750224
_ui64toa_s , 750184
_i64toa_s , 750140
_itoa_s , 750092
CsrIdentifyAlertableThread , 749868
LdrSetAppCompatDllRedirectionCallback , 749868
RtlAddRefMemoryStream , 749868
RtlInitializeAtomPackage , 749868
RtlReleaseMemoryStream , 749868
wcstombs , 740972
wcsncpy , 740896
wcsncat , 740820
wcslen , 740788
wcscmp , 740724
wcscat , 740672
wcscpy , 740636
vsprintf , 740492
tolower , 740440
tan , 739152
strspn , 738944
strpbrk , 738760
strnlen , 738728
strcspn , 738560
sscanf , 738368
sqrt , 738096
sprintf , 737936
log , 736032
abs , 736016
labs , 736016
iswascii , 735968
iswgraph , 735952
iswprint , 735936
iswalnum , 735920
iswxdigit , 735904
iswlower , 735888
floor , 735608
fabs , 735376
sin , 734080
cos , 733024
ceil , 732736
atan , 731984
_wtoi64 , 731948
_wcsupr , 731888
_wcstoi64 , 731864
_wcsset_s , 731772
_wcsnset_s , 731632
_vswprintf , 731440
_swprintf , 731256
swprintf , 731256
_strupr , 731176
_strupr_s , 731068
_strlwr_s , 730960
_splitpath , 730172
_snwprintf , 729960
_snprintf , 729788
_memicmp , 729676
_memccpy , 729628
_lfind , 729464
_i64tow , 729296
_ultow , 729264
_ltow , 729216
_itow , 729168
_ltoa , 729012
_i64toa , 728960
atol , 728928
__iscsym , 728836
__iscsymf , 728768
__toascii , 728756
iscntrl , 728720
isgraph , 728680
isprint , 728640
isalnum , 728600
ispunct , 728564
islower , 728528
isupper , 728488
isalpha , 728448
WinSqmCheckEscalationSetDWORD , 636032
WinSqmGetInstrumentationProperty , 635872
RtlLockBootStatusData , 635536
RtlInitializeRXact , 635128
RtlSetCurrentEnvironment , 634912
RtlSetProcessIsCritical , 634824
RtlCompareString , 634452
LdrVerifyImageMatchesChecksumEx , 633320
RtlFreeOemString , 633280
EtwRegisterSecurityProvider , 633216
LdrSetMUICacheType , 633112
RtlUnlockBootStatusData , 633008
RtlGetSetBootStatusData , 632608
RtlAddAuditAccessAce , 632544
RtlpVerifyAndCommitUILanguageSettings , 631336
RtlCreateUserProcess , 626348
_snprintf_s , 626116
isspace , 626080
RtlTestBit , 626048
RtlFindSetBits , 625680
RtlFindClearBits , 625396
RtlSendMsgToSm , 624996
RtlConnectToSm , 624664
RtlSetThreadIsCritical , 624576
LdrFlushAlternateResourceModules , 623504
EtwEventWriteEndScenario , 622832
EtwEventWriteStartScenario , 622672
RtlQueryRegistryValues , 620160
TpTimerOutstandingCallbackCount , 618416
RtlpLoadMachineUIByPolicy , 616008
wcstok_s , 615600
RtlImageRvaToVa , 615480
RtlImageRvaToSection , 615412
RtlRealSuccessor , 614188
RtlpNtEnumerateSubKey , 612644
EtwReplyNotification , 611824
RtlAreBitsClear , 610624
TpSetDefaultPoolStackInformation , 610092
_atoi64 , 609648
strchr , 609616
RtlGetFunctionTableListHead , 609592
RtlGetUnloadEventTraceEx , 609256
swscanf_s , 607104
RtlCompactHeap , 606688
_i64tow_s , 605588
strstr , 605440
_ltow_s , 605380
_wcsupr_s , 605200
RtlpMergeSecurityAttributeInformation , 604640
MD5Final , 604432
MD5Update , 604208
RtlQueryHeapInformation , 604132
MD5Init , 602032
RtlWerpReportException , 601488
RtlKnownExceptionFilter , 601440
RtlGetThreadErrorMode , 601416
RtlDefaultNpAcl , 600640
RtlNormalizeString , 593960
RtlWaitForWnfMetaNotification , 592380
RtlGetSystemTimePrecise , 592144
RtlRegisterForWnfMetaNotification , 592036
RtlCompressBuffer , 589284
EtwpCreateEtwThread , 581472
EtwProcessPrivateLoggerRequest , 578064
_ui64tow , 577920
RtlQueryTimeZoneInformation , 576724
EtwpGetCpuSpeed , 575968
TpSetPoolThreadBasePriority , 575636
LdrQueryProcessModuleInformation , 575512
RtlTestAndPublishWnfStateData , 575196
_wsplitpath_s , 574740
RtlLockCurrentThread , 574160
RtlCreateMemoryBlockLookaside , 573636
RtlCreateMemoryZone , 573476
RtlLockModuleSection , 572912
RtlLockMemoryBlockLookaside , 572692
RtlLockMemoryZone , 572424
RtlUnlockCurrentThread , 572200
RtlDestroyMemoryZone , 572064
RtlDestroyMemoryBlockLookaside , 571968
RtlUnlockModuleSection , 571804
RtlUnlockMemoryBlockLookaside , 571572
RtlUnlockMemoryZone , 571376
EtwSetMark , 571188
AlpcGetOutstandingCompletionListMessageCount , 570892
AlpcUnregisterCompletionList , 570868
TpAlpcUnregisterCompletionList , 570808
AlpcRundownCompletionList , 570784
RtlGetCompressionWorkSpaceSize , 569696
_vscwprintf , 569328
iswspace , 569280
RtlQueryWnfMetaNotification , 569088
RtlEnumProcessHeaps , 568324
RtlFlushHeaps , 568304
TpWaitForJobNotification , 567304
TpReleaseJobNotification , 566984
RtlRealPredecessor , 565024
RtlIsGenericTableEmptyAvl , 564964
RtlCreateAndSetSD , 564268
RtlDecompressBufferEx , 563244
TpAllocJobNotification , 562756
RtlSetProcessPreferredUILanguages , 561432
RtlRemovePrivileges , 560980
mbstowcs , 560524
RtlCreateUserStack , 559340
LdrSetDefaultDllDirectories , 558976
RtlAcquirePrivilege , 558056
RtlReleasePrivilege , 557912
CsrCaptureMessageString , 557272
RtlGetLastNtStatus , 556832
RtlTryAcquireSRWLockExclusive , 555840
RtlFreeUserStack , 555584
LdrRegisterDllNotification , 555108
RtlGetLastWin32Error , 555004
RtlIpv6StringToAddressExA , 553124
RtlDeleteGrowableFunctionTable , 552832
RtlAddGrowableFunctionTable , 552512
LdrEnumerateLoadedModules , 548972
wcsspn , 548544
RtlQueryAtomInAtomTable , 548196
RtlTimeToElapsedTimeFields , 547712
RtlQueryWnfStateDataWithExplicitScope , 546208
RtlAddFunctionTable , 545648
RtlNtdllName , 450624
RtlSleepConditionVariableCS , 449572
RtlComputeCrc32 , 449504
LdrResFindResource , 449280
wcsncat_s , 448544
RtlGetEnabledExtendedFeatures , 447588
RtlInitializeExtendedContext , 447320
RtlCopyExtendedContext , 446752
RtlLocateLegacyContext , 446692
RtlGetExtendedContextLength , 446592
RtlVirtualUnwind , 445468
TpAlpcRegisterCompletionList , 445232
AlpcRegisterCompletionList , 445148
AlpcAdjustCompletionListConcurrencyCount , 444620
AlpcFreeCompletionListMessage , 444320
AlpcGetMessageFromCompletionList , 444000
AlpcRegisterCompletionListWorkerThread , 443904
AlpcUnregisterCompletionListWorkerThread , 443808
TpCallbackReleaseMutexOnCompletion , 442324
RtlIpv6AddressToStringA , 441744
RtlGetLengthWithoutTrailingPathSeperators , 440836
RtlpMuiFreeLangRegistryInfo , 440760
RtlEraseUnicodeString , 440404
RtlLocalTimeToSystemTime , 440208
_strlwr , 440072
RtlNewSecurityObject , 439952
RtlSleepConditionVariableSRW , 439536
EtwLogTraceEvent , 439348
RtlWalkHeap , 437728
RtlCreateSystemVolumeInformationFolder , 430688
WinSqmSetDWORD64 , 430340
qsort_s , 429872
RtlAddAuditAccessAceEx , 428532
_errno , 428384
RtlConvertExclusiveToShared , 427888
RtlAddressInSectionTable , 427776
RtlDestroyQueryDebugBuffer , 426440
RtlQueryProcessDebugInformation , 425784
RtlCreateQueryDebugBuffer , 425304
EtwEventWriteFull , 424032
EvtIntReportEventAndSourceAsync , 423104
TpReleasePool , 422368
RtlAddAccessDeniedAce , 422264
RtlCreateVirtualAccountSid , 421940
RtlDeleteTimerQueueEx , 421328
_snwprintf_s , 420212
RtlUpcaseUnicodeStringToOemString , 419844
RtlAvlRemoveNode , 419448
EtwEventWriteTransfer , 418764
RtlNumberOfSetBitsUlongPtr , 418512
RtlAddAccessDeniedAceEx , 417976
RtlApplyRXactNoFlush , 417248
RtlAddAttributeActionToRXact , 416864
RtlSetSecurityObject , 415536
RtlCopySecurityDescriptor , 415292
LdrLoadAlternateResourceModule , 414780
RtlDnsHostNameToComputerName , 414436
RtlGetElementGenericTable , 414136
RtlCopyString , 414076
RtlAvlInsertNodeEx , 413700
RtlUpcaseUnicodeToOemN , 412516
RtlLookupElementGenericTableFullAvl , 412464
EtwDeliverDataBlock , 411080
EtwpNotificationThread , 410944
EtwSendNotification , 410744
WinSqmSetIfMaxDWORD , 409444
RtlSetSearchPathMode , 408628
_wcslwr , 408564
atoi , 408056
_itoa , 408008
RtlSelfRelativeToAbsoluteSD2 , 407648
WinSqmEndSession , 407372
WinSqmSetString , 406908
WinSqmStartSession , 406132
RtlCreateTimerQueue , 405612
_ultoa , 405428
_ui64toa , 405344
RtlCutoverTimeToSystemTime , 404064
RtlpCheckDynamicTimeZoneInformation , 403240
LdrSetDllDirectory , 401916
_itow_s , 401876
RtlCheckRegistryKey , 401632
RtlQueryRegistryValuesEx , 401596
CsrVerifyRegion , 399792
RtlCheckPortableOperatingSystem , 399544
RtlpIsQualifiedLanguage , 398776
RtlpGetLCIDFromLangInfoNode , 398692
RtlpGetNameFromLangInfoNode , 398264
RtlGetFileMUIPath , 396668
RtlIpv6AddressToStringExW , 395792
RtlIpv6AddressToStringW , 395332
RtlAddVectoredContinueHandler , 393976
RtlpGetSystemDefaultUILanguage , 393676
RtlInstallFunctionTableCallback , 393364
RtlAddVectoredExceptionHandler , 393000
RtlRemoveVectoredContinueHandler , 392984
RtlRemoveVectoredExceptionHandler , 392756
RtlGetUserPreferredUILanguages , 392144
strtol , 390768
RtlIpv4StringToAddressExA , 390416
RtlIpv6StringToAddressA , 389780
isxdigit , 389740
RtlIpv4StringToAddressA , 389484
__isascii , 389464
isdigit , 389240
strtoul , 389192
RtlTimeToSecondsSince1970 , 388652
_wtoi , 388428
RtlStringFromGUID , 388000
_vsnprintf_s , 387680
TpDisassociateCallback , 386352
wcscspn , 386136
RtlPublishWnfStateData , 385864
EtwTraceMessage , 385748
EtwTraceMessageVa , 385568
RtlCheckForOrphanedCriticalSections , 385392
RtlQueryPerformanceFrequency , 385180
TpCaptureCaller , 385024
RtlImpersonateSelf , 385008
RtlImpersonateSelfEx , 384720
RtlReleaseActivationContext , 384340
RtlRegisterThreadWithCsrss , 383200
RtlUserThreadStart , 382440
RtlAllocateActivationContextStack , 382176
LdrInitializeThunk , 381872
RtlEqualPrefixSid , 381668
RtlDeleteSecurityObject , 381628
RtlGetControlSecurityDescriptor , 381596
RtlLengthSecurityDescriptor , 381408
RtlValidSecurityDescriptor , 381204
RtlGetAppContainerNamedObjectPath , 380896
TpWaitForTimer , 380448
AlpcMaxAllowedMessageLength , 380296
RtlInterlockedClearBitRun , 380140
RtlCreateUnicodeStringFromAsciiz , 380048
EtwEventActivityIdControl , 379944
EtwEventWrite , 379896
TpAllocTimer , 379332
RtlPopFrame , 378044
RtlPushFrame , 378008
RtlIsGenericTableEmpty , 377776
RtlEnumerateGenericTableWithoutSplaying , 377664
RtlPrefixUnicodeString , 377392
RtlImageNtHeader , 377336
wcsrchr , 377284
RtlAppendUnicodeToString , 377120
RtlpNtOpenKey , 377048
RtlNumberGenericTableElements , 377036
RtlIsCapabilitySid , 376900
RtlCreateUnicodeString , 376720
RtlDeleteResource , 376304
RtlAcquireResourceExclusive , 375936
RtlAcquireResourceShared , 375728
RtlReleaseResource , 375664
RtlUpdateTimer , 375136
RtlGetNtProductType , 374888
RtlGetVersion , 374744
RtlFindClearBitsAndSet , 374392
LdrUnloadAlternateResourceModuleEx , 374028
EtwUnregisterTraceGuids , 373792
RtlMultiAppendUnicodeStringBuffer , 370672
LdrGetDllHandleEx , 369280
LdrGetDllHandle , 369236
RtlDosApplyFileIsolationRedirection_Ustr , 366816
RtlFindActivationContextSectionString , 365600
RtlAppendUnicodeStringToString , 365280
RtlFindCharInUnicodeString , 364688
RtlUpperChar , 364412
RtlPrefixString , 364304
TpWaitForWork , 364032
TpCancelAsyncIoOperation , 362668
WinSqmAddToStreamEx , 361648
RtlpWnfNotificationThread , 361464
TpWaitForAlpcCompletion , 360064
TpAllocAlpcCompletion , 360028
RtlSecondsSince1970ToTime , 359956
RtlCheckTokenMembership , 359712
RtlDestroyHandleTable , 359308
RtlFindMostSignificantBit , 359248
RtlFindLeastSignificantBit , 359220
qsort , 358976
RtlHashUnicodeString , 358816
TpAllocIoCompletion , 358324
TpReleaseAlpcCompletion , 358096
TpReleaseIoCompletion , 357716
RtlRegisterWait , 356880
TpAllocWait , 356480
RtlDeregisterWaitEx , 355988
TpWaitForWait , 355708
TpReleaseWait , 355488
RtlQueryUnbiasedInterruptTime , 354472
TpSimpleTryPost , 354116
RtlGetUserInfoHeap , 351964
RtlSetUserValueHeap , 351048
RtlDowncaseUnicodeString , 350464
RtlSetControlSecurityDescriptor , 350404
RtlpInitializeLangRegistryInfo , 350160
RtlIsPackageSid , 349008
RtlGetGroupSecurityDescriptor , 348932
RtlAddSIDToBoundaryDescriptor , 347996
RtlDeleteBoundaryDescriptor , 347964
RtlDeleteFunctionTable , 345668
RtlEnumerateGenericTableAvl , 344696
RtlEnumerateGenericTableWithoutSplayingAvl , 344636
WinSqmAddToStream , 343840
RtlFormatMessageEx , 342164
TpAllocCleanupGroup , 341504
strncpy_s , 340944
_wcslwr_s , 340832
_ultow_s , 340608
EtwGetTraceEnableLevel , 340316
EtwGetTraceEnableFlags , 340268
EtwGetTraceLoggerHandle , 340208
RtlSelfRelativeToAbsoluteSD , 339580
RtlDuplicateUnicodeString , 338440
RtlUpcaseUnicodeToMultiByteN , 338176
toupper , 338080
RtlDeactivateActivationContext , 337816
RtlActivateActivationContext , 337744
RtlActivateActivationContextEx , 337232
RtlUnsubscribeWnfStateChangeNotification , 336584
TpSetPoolMinThreads , 336192
TpSetPoolMaxThreads , 336056
wcspbrk , 335640
wcscat_s , 335524
RtlCreateAtomTable , 335284
RtlAddAtomToAtomTable , 334596
RtlDeleteAtomFromAtomTable , 334120
RtlCreateUserThread , 333680
RtlValidateHeap , 333096
RtlDecodeSystemPointer , 332868
RtlNtPathNameToDosPathName , 332508
LdrGetProcedureAddressEx , 332108
RtlGetProductInfo , 331788
LdrQueryImageFileExecutionOptionsEx , 331576
LdrQueryImageFileExecutionOptions , 331532
LdrQueryImageFileKeyOption , 330656
RtlSetEnvironmentStrings , 329016
RtlCharToInteger , 327972
LdrGetKnownDllSectionHandle , 327020
LdrProcessInitializationComplete , 326920
EtwEventWriteNoRegistration , 325736
RtlGetSystemPreferredUILanguages , 324848
RtlOemStringToUnicodeString , 324212
RtlOemToUnicodeN , 323776
RtlDeleteAce , 323564
VerSetConditionMask , 323008
RtlVerifyVersionInfo , 322656
RtlEncodeSystemPointer , 322416
LdrGetProcedureAddress , 322380
_vsnprintf , 320768
RtlCreateBoundaryDescriptor , 319252
WinSqmIsSessionDisabled , 317584
TpAllocAlpcCompletionEx , 315216
RtlQueryPackageIdentity , 314384
_wcstoui64 , 313976
RtlDoesFileExists_U , 313952
RtlTimeToSecondsSince1980 , 313648
RtlEqualString , 312580
memcpy_s , 312480
RtlWow64CallFunction64 , 312064
RtlWow64EnableFsRedirection , 312064
RtlWow64EnableFsRedirectionEx , 312064
RtlCreateServiceSid , 309308
A_SHAUpdate , 304512
A_SHAFinal , 304176
A_SHAInit , 304128
RtlQueryWnfStateData , 303740
RtlSubscribeWnfStateChangeNotification , 303188
TpAllocPool , 300916
RtlDosSearchPath_U , 294984
RtlCreateEnvironment , 294208
RtlGetExePath , 293408
RtlGetSearchPath , 293344
RtlCreateActivationContext , 292592
LdrResGetRCConfig , 286480
TpDisablePoolCallbackChecks , 286172
TpSetPoolStackInformation , 286124
RtlSetEnvironmentVariable , 285980
RtlIsValidIndexHandle , 284324
LdrLockLoaderLock , 283752
LdrUnlockLoaderLock , 283620
EtwRegisterTraceGuidsW , 282112
WinSqmIsOptedIn , 281284
WinSqmIsOptedInEx , 280892
LdrAddLoadAsDataTable , 278596
LdrGetDllHandleByMapping , 278472
LdrRemoveLoadAsDataTable , 277604
LdrUnloadAlternateResourceModule , 277588
RtlDestroyHeap , 277124
RtlDeleteNoSplay , 276484
RtlNewSecurityObjectEx , 269564
RtlCopyMappedMemory , 264428
_wtol , 264112
DbgPrintEx , 264052
EtwEventProviderEnabled , 263956
TpWaitForIoCompletion , 263720
RtlGUIDFromString , 262588
TpReleaseCleanupGroupMembers , 261136
RtlCreateHashTable , 260840
RtlDeleteHashTable , 260736
RtlIpv4AddressToStringA , 260656
sprintf_s , 260612
vsprintf_s , 260548
RtlSidDominates , 259848
RtlEnumerateEntryHashTable , 259752
RtlEndEnumerationHashTable , 259676
RtlInitEnumerationHashTable , 259572
RtlGetNextEntryHashTable , 259184
RtlContractHashTable , 259120
RtlInsertEntryHashTable , 258976
RtlRemoveEntryHashTable , 258868
RtlLookupEntryHashTable , 258672
TpCallbackSetEventOnCompletion , 258204
RtlUnsubscribeWnfNotificationWithCompletionCallback , 258056
RtlWnfDllUnloadCallback , 257960
RtlValidRelativeSecurityDescriptor , 257520
RtlUnsubscribeWnfNotificationWaitForCompletion , 257408
RtlWaitOnAddress , 256372
RtlWalkFrameChain , 256224
RtlCaptureStackBackTrace , 256096
RtlSystemTimeToLocalTime , 252464
RtlConvertSharedToExclusive , 252400
EtwWriteUMSecurityEvent , 252236
RtlSidHashLookup , 251964
RtlSidHashInitialize , 251792
RtlStartRXact , 251696
RtlAbortRXact , 251616
RtlEnumerateGenericTable , 251520
RtlAdjustPrivilege , 251136
RtlpNtQueryValueKey , 250880
RtlCanonicalizeDomainName , 250420
RtlEqualDomainName , 250244
towlower , 250200
RtlIdnToUnicode , 249104
wcstol , 248964
RtlIdnToAscii , 248368
RtlIpv4StringToAddressExW , 247608
RtlIpv6StringToAddressW , 247356
RtlIpv6StringToAddressExW , 247216
RtlIpv4StringToAddressW , 246904
RtlUTF8ToUnicodeN , 245840
RtlUnicodeToUTF8N , 244448
memchr , 244368
RtlIpv4AddressToStringExW , 244112
RtlIpv4AddressToStringW , 244032
RtlSetLastWin32ErrorAndNtStatusFromNtStatus , 243968
RtlUnicodeToMultiByteSize , 243880
RtlDosPathNameToNtPathName_U_WithStatus , 243504
iswctype , 243008
RtlUnicodeStringToOemString , 242828
RtlUnicodeToOemN , 242448
_vsnwprintf_s , 241808
swprintf_s , 241656
vswprintf_s , 241584
RtlCheckTokenCapability , 239288
RtlCheckTokenMembershipEx , 238464
TpReleaseCleanupGroup , 238372
TpCallbackUnloadDllOnCompletion , 238288
RtlMultiByteToUnicodeSize , 238112
RtlSetAllBits , 237708
RtlClearAllBits , 237664
TpAllocWork , 237344
TpReleaseWork , 237104
RtlDeregisterWait , 237088
towupper , 237056
WinSqmSetDWORD , 236972
RtlInitializeGenericTableAvl , 236876
RtlDeleteElementGenericTableAvl , 236156
RtlNumberGenericTableElementsAvl , 236112
RtlInsertElementGenericTableAvl , 236000
RtlInsertElementGenericTableFullAvl , 235712
RtlCreateTimer , 234764
RtlDeleteTimer , 234356
WinSqmIncrementDWORD , 234208
WinSqmEventWrite , 233504
WinSqmEventEnabled , 233400
TpStartAsyncIoOperation , 233120
RtlTryAcquireSRWLockShared , 232464
RtlFindAceByType , 232244
AlpcGetHeaderSize , 231684
AlpcInitializeMessageAttribute , 231592
RtlIsDosDeviceName_U , 231168
RtlGetFullPathName_UEx , 230960
RtlpUnWaitCriticalSection , 230256
RtlGetLongestNtPathLength , 227020
RtlIsThreadWithinLoaderCallout , 226864
EtwRegisterTraceGuidsA , 226564
RtlTryAcquirePebLock , 226084
RtlGetOwnerSecurityDescriptor , 226016
RtlQueryInformationActiveActivationContext , 225612
RtlInsertElementGenericTableFull , 225164
RtlInsertElementGenericTable , 225064
RtlDelete , 224904
RtlDeleteElementGenericTable , 224768
RtlExpandEnvironmentStrings_U , 223968
LdrDisableThreadCalloutsForDll , 223868
strrchr , 223592
RtlRandomEx , 223440
RtlRunOnceBeginInitialize , 223312
RtlRunOnceComplete , 223024
RtlEncodePointer , 222936
RtlAcquirePebLock , 222880
RtlReleasePebLock , 222808
RtlGetSaclSecurityDescriptor , 222564
RtlGetDaclSecurityDescriptor , 222428
RtlAllocateHandle , 222316
RtlIsValidHandle , 222252
RtlFreeHandle , 222192
RtlLockHeap , 222032
RtlUnlockHeap , 221856
RtlResetNtUserPfn , 221760
RtlDetectHeapLeaks , 221700
LdrShutdownProcess , 220996
RtlExitUserProcess , 220800
RtlFlsFree , 220412
RtlReportSilentProcessExit , 220196
EtwEventRegister , 220136
EtwNotificationRegister , 219740
LdrResolveDelayLoadedAPI , 215216
RtlAreBitsSet , 214188
EtwEventUnregister , 214172
EtwNotificationUnregister , 213856
RtlTryConvertSRWLockSharedToExclusiveOrRelease , 213120
LdrGetDllHandleByName , 211164
RtlGetActiveActivationContext , 210976
RtlGetFullPathName_UstrEx , 210492
LdrLoadDll , 209348
wcsncpy_s , 208196
RtlOpenCurrentUser , 207952
RtlFormatCurrentUserKeyPath , 207488
RtlConvertSidToUnicodeString , 206976
strcat_s , 206468
strcpy_s , 206380
RtlpCreateProcessRegistryInfo , 206260
RtlGetAce , 206148
wcstoul , 206116
RtlAddAccessAllowedAceEx , 206060
RtlAddAce , 205764
RtlAllocateWnfSerializationGroup , 205516
RtlQueryInformationAcl , 205356
RtlAbsoluteToSelfRelativeSD , 205160
RtlMakeSelfRelativeSD , 204864
RtlDosSearchPath_Ustr , 196256
iswdigit , 194912
LdrGetDllPath , 193320
RtlReleasePath , 193204
LdrFindResourceEx_U , 192948
RtlImageDirectoryEntryToData , 192600
RtlInitializeHandleTable , 190496
ApiSetQueryApiSetPresence , 190416
LdrGetDllDirectory , 189888
RtlDestroyEnvironment , 189848
RtlDestroyProcessParameters , 189848
RtlNtStatusToDosErrorNoTeb , 189816
RtlQueryElevationFlags , 189760
CsrAllocateMessagePointer , 189604
RtlQueryEnvironmentVariable_U , 189504
CsrCaptureMessageBuffer , 189336
CsrCaptureMessageMultiUnicodeStringsInPlace , 188848
CsrFreeCaptureBuffer , 188824
CsrAllocateCaptureBuffer , 188628
CsrClientCallServer , 188324
LdrFindEntryForAddress , 188064
RtlCreateEnvironmentEx , 187568
RtlRetrieveNtUserPfn , 184876
RtlInitializeNtUserPfn , 184672
RtlQueryActivationContextApplicationSettings , 184496
RtlSetThreadPoolStartFunc , 183180
LdrSetDllManifestProber , 183152
RtlSetUnhandledExceptionFilter , 183124
RtlGetNtVersionNumbers , 182720
RtlpMuiRegLoadRegistryInfo , 178648
RtlpMuiRegFreeRegistryInfo , 178024
RtlpLoadUserUIByPolicy , 177744
RtlGetLocaleFileMappingAddress , 176772
RtlpEnsureBufferSize , 175392
RtlGetLengthWithoutLastFullDosOrNtPathElement , 174872
RtlpApplyLengthFunction , 174736
RtlFlsAlloc , 174032
_strnicmp , 173920
RtlSetHeapInformation , 173664
RtlSetCurrentDirectory_U , 170548
RtlGetCurrentDirectory_U , 170356
RtlResetRtlTranslations , 165288
RtlInitCodePageTable , 164624
RtlInitNlsTables , 164512
RtlNormalizeProcessParams , 164188
RtlCreateTagHeap , 163924
RtlUniform , 156636
CsrClientConnectToServer , 156220
RtlCreateProcessParametersEx , 154576
RtlSetEnvironmentVar , 153552
RtlCreateHeap , 150872
LdrResFindResourceDirectory , 147944
LdrResSearchResource , 145040
LdrpResGetResourceDirectory , 144560
LdrpResGetMappingSize , 143984
RtlGetParentLocaleName , 128704
RtlSetThreadPreferredUILanguages , 127248
RtlLocaleNameToLcid , 122208
RtlCultureNameToLCID , 121728
RtlLCIDToCultureName , 121136
RtlLcidToLocaleName , 120640
RtlGetThreadPreferredUILanguages , 117168
_vsnwprintf , 115944
RtlpQueryDefaultUILanguage , 114296
RtlInitializeResource , 114048
wcsnlen , 114004
RtlSetThreadErrorMode , 113400
RtlInitializeCriticalSectionEx , 113248
RtlUpcaseUnicodeString , 112944
RtlRaiseException , 111648
DbgPrint , 109980
__C_specific_handler , 109320
RtlUnwindEx , 108064
RtlLookupFunctionEntry , 105696
RtlFindMessage , 102392
RtlIsTextUnicode , 101632
RtlUnicodeStringToInteger , 101336
RtlSetBits , 101104
RtlDetermineDosPathNameType_U , 101024
RtlGetFullPathName_U , 100644
RtlLoadString , 99832
LdrFindResource_U , 99188
LdrAccessResource , 98612
LdrLoadAlternateResourceModuleEx , 96768
LdrRscIsTypeExist , 96448
RtlExpandEnvironmentStrings , 92800
RtlQueryEnvironmentVariable , 91280
TpSetWaitEx , 89760
RtlQueueWorkItem , 88600
LdrAddRefDll , 88124
RtlPcToFileHeader , 87872
LdrGetProcedureAddressForCaller , 85632
TpCallbackMayRunLong , 85328
RtlCopyUnicodeString , 85192
RtlUpcaseUnicodeChar , 84944
RtlInitAnsiString , 84872
RtlInitString , 84872
RtlImageNtHeaderEx , 84688
LdrUnloadDll , 84496
RtlQueryInformationActivationContext , 81376
RtlFindActivationContextSectionGuid , 80336
RtlTimeFieldsToTime , 78960
RtlTimeToTimeFields , 78416
RtlDosPathNameToNtPathName_U , 78288
RtlDosPathNameToRelativeNtPathName_U_WithStatus , 77776
SbSelectProcedure , 77296
RtlReleaseRelativeName , 77248
RtlLookupAtomInAtomTable , 74620
RtlAddRefActivationContext , 73968
iswalpha , 73952
wcscpy_s , 73612
RtlFreeSid , 73556
RtlIsCriticalSectionLockedByThread , 73472
RtlWakeConditionVariable , 73440
_strcmpi , 73284
_stricmp , 73284
RtlSetGroupSecurityDescriptor , 73200
RtlSetOwnerSecurityDescriptor , 73116
RtlCreateSecurityDescriptor , 73036
RtlSetCriticalSectionSpinCount , 72896
TpIsTimerSet , 72780
RtlAreAllAccessesGranted , 72752
RtlCopyLuid , 72728
RtlMapGenericMask , 72668
RtlInitializeSid , 72628
RtlSubAuthorityCountSid , 72616
RtlLengthRequiredSid , 72588
RtlSubAuthoritySid , 72568
RtlCopySid , 72508
RtlEqualSid , 72456
RtlInitializeBitMap , 72440
wcsstr , 72400
RtlInitializeCriticalSectionAndSpinCount , 72208
TpReleaseTimer , 71516
RtlCleanUpTEBLangLists , 68356
RtlFreeActivationContextStack , 67760
LdrShutdownThread , 67600
RtlExitUserThread , 67508
TpCheckTerminateWorker , 67040
AlpcGetMessageAttribute , 66932
RtlProcessFlsData , 66484
LdrGetDllFullName , 65936
RtlUnicodeStringToAnsiString , 65744
RtlUnicodeToMultiByteN , 65408
RtlAddMandatoryAce , 65004
RtlSetSaclSecurityDescriptor , 64908
RtlAddAccessAllowedAce , 64624
RtlSetDaclSecurityDescriptor , 64524
RtlCreateAcl , 64460
RtlValidAcl , 64160
RtlInitializeGenericTable , 64096
RtlIntegerToUnicodeString , 57376
RtlIntegerToChar , 57168
TpSetWait , 56868
RtlFirstFreeAce , 56816
RtlClearBits , 56712
RtlDecodePointer , 56624
RtlGetIntegerAtom , 56556
RtlCompareUnicodeString , 56412
RtlCompareUnicodeStrings , 56256
RtlWakeAddressAll , 55940
RtlLookupElementGenericTableAvl , 55824
RtlQueryDepthSList , 55184
TpCallbackIndependent , 54896
RtlWakeAllConditionVariable , 54524
TpSetTimer , 53888
TpSetTimerEx , 53536
RtlDosPathNameToRelativeNtPathName_U , 52832
RtlSizeHeap , 52512
TpPostWork , 52336
wcsncmp , 51836
wcschr , 51796
RtlAnsiCharToUnicodeChar , 51632
RtlInitAnsiStringEx , 51568
RtlAnsiStringToUnicodeString , 51328
RtlFreeAnsiString , 51224
RtlFreeUnicodeString , 51224
RtlInitializeCriticalSection , 50672
bsearch , 49800
RtlConsoleMultiByteToUnicodeN , 48184
RtlIdentifierAuthoritySid , 47112
_wcsnicmp , 46928
RtlEqualUnicodeString , 46768
RtlAllocateAndInitializeSid , 45840
RtlValidSid , 45776
RtlLengthSid , 45748
RtlReAllocateHeap , 42000
RtlMultiByteToUnicodeN , 41376
EtwEventEnabled , 40976
RtlInitializeSListHead , 40192
RtlGetCurrentTransaction , 39992
RtlSetCurrentTransaction , 39952
RtlRunOnceExecuteOnce , 39824
RtlRbRemoveNode , 37484
RtlRbInsertNodeEx , 37280
RtlTryEnterCriticalSection , 31136
RtlDeleteCriticalSection , 31008
RtlInitUnicodeStringEx , 30944
RtlNtStatusToDosError , 30720
_wcsicmp , 30236
RtlInitializeConditionVariable , 23744
RtlInitializeSRWLock , 23744
RtlRunOnceInitialize , 23744
RtlDllShutdownInProgress , 23696
RtlLookupElementGenericTable , 23520
RtlSplay , 23440
RtlGetCriticalSectionRecursionCount , 23392
RtlQueryPerformanceCounter , 23312
RtlReleaseSRWLockShared , 23216
RtlAcquireSRWLockShared , 23152
RtlInterlockedPushEntrySList , 23120
RtlInitUnicodeString , 23040
RtlInterlockedFlushSList , 22916
RtlAllocateHeap , 22000
RtlFreeHeap , 21696
RtlReleaseSRWLockExclusive , 21632
RtlActivateActivationContextUnsafeFast , 21456
RtlDeactivateActivationContextUnsafeFast , 21184
RtlRestoreLastWin32Error , 21136
RtlSetLastWin32Error , 21136
RtlAcquireSRWLockExclusive , 21088
RtlRestoreContext , 19919
RtlCaptureContext , 19728
KiRaiseUserExceptionDispatcher , 19455
KiUserExceptionDispatcher , 19340
KiUserCallbackDispatcher , 19272
KiUserApcDispatcher , 19008
memset , 18704
RtlZeroMemory , 18672
RtlFillMemory , 18624
RtlCopyMemoryNonTemporal , 18336
RtlCompareMemoryUlong , 18288
RtlCompareMemory , 18160
NtWaitLowEventPair , 18113
ZwWaitLowEventPair , 18113
NtWaitHighEventPair , 18097
ZwWaitHighEventPair , 18097
NtWaitForWorkViaWorkerFactory , 18081
ZwWaitForWorkViaWorkerFactory , 18081
NtWaitForWnfNotifications , 18065
ZwWaitForWnfNotifications , 18065
NtWaitForKeyedEvent , 18049
ZwWaitForKeyedEvent , 18049
NtWaitForDebugEvent , 18033
ZwWaitForDebugEvent , 18033
NtWaitForAlertByThreadId , 18017
ZwWaitForAlertByThreadId , 18017
NtVdmControl , 18001
ZwVdmControl , 18001
NtUpdateWnfStateData , 17985
ZwUpdateWnfStateData , 17985
NtUnsubscribeWnfStateChange , 17969
ZwUnsubscribeWnfStateChange , 17969
NtUnmapViewOfSectionEx , 17953
ZwUnmapViewOfSectionEx , 17953
NtUnlockVirtualMemory , 17937
ZwUnlockVirtualMemory , 17937
NtUnlockFile , 17921
ZwUnlockFile , 17921
NtUnloadKeyEx , 17905
ZwUnloadKeyEx , 17905
NtUnloadKey2 , 17889
ZwUnloadKey2 , 17889
NtUnloadKey , 17873
ZwUnloadKey , 17873
NtUnloadDriver , 17857
ZwUnloadDriver , 17857
NtUmsThreadYield , 17841
ZwUmsThreadYield , 17841
NtTranslateFilePath , 17825
ZwTranslateFilePath , 17825
NtTraceControl , 17809
ZwTraceControl , 17809
NtThawTransactions , 17793
ZwThawTransactions , 17793
NtThawRegistry , 17777
ZwThawRegistry , 17777
NtTestAlert , 17761
ZwTestAlert , 17761
NtTerminateJobObject , 17745
ZwTerminateJobObject , 17745
NtSystemDebugControl , 17729
ZwSystemDebugControl , 17729
NtSuspendThread , 17713
ZwSuspendThread , 17713
NtSuspendProcess , 17697
ZwSuspendProcess , 17697
NtSubscribeWnfStateChange , 17681
ZwSubscribeWnfStateChange , 17681
NtStopProfile , 17665
ZwStopProfile , 17665
NtStartProfile , 17649
ZwStartProfile , 17649
NtSinglePhaseReject , 17633
ZwSinglePhaseReject , 17633
NtSignalAndWaitForSingleObject , 17617
ZwSignalAndWaitForSingleObject , 17617
NtShutdownWorkerFactory , 17601
ZwShutdownWorkerFactory , 17601
NtShutdownSystem , 17585
ZwShutdownSystem , 17585
NtSetVolumeInformationFile , 17569
ZwSetVolumeInformationFile , 17569
NtSetUuidSeed , 17553
ZwSetUuidSeed , 17553
NtSetTimerResolution , 17537
ZwSetTimerResolution , 17537
NtSetTimerEx , 17521
ZwSetTimerEx , 17521
NtSetThreadExecutionState , 17505
ZwSetThreadExecutionState , 17505
NtSetSystemTime , 17489
ZwSetSystemTime , 17489
NtSetSystemPowerState , 17473
ZwSetSystemPowerState , 17473
NtSetSystemInformation , 17457
ZwSetSystemInformation , 17457
NtSetSystemEnvironmentValueEx , 17441
ZwSetSystemEnvironmentValueEx , 17441
NtSetSystemEnvironmentValue , 17425
ZwSetSystemEnvironmentValue , 17425
NtSetSecurityObject , 17409
ZwSetSecurityObject , 17409
NtSetQuotaInformationFile , 17393
ZwSetQuotaInformationFile , 17393
NtSetLowWaitHighEventPair , 17377
ZwSetLowWaitHighEventPair , 17377
NtSetLowEventPair , 17361
ZwSetLowEventPair , 17361
NtSetLdtEntries , 17345
ZwSetLdtEntries , 17345
NtSetIoCompletionEx , 17329
ZwSetIoCompletionEx , 17329
NtSetIoCompletion , 17313
ZwSetIoCompletion , 17313
NtSetIntervalProfile , 17297
ZwSetIntervalProfile , 17297
NtSetInformationWorkerFactory , 17281
ZwSetInformationWorkerFactory , 17281
NtSetInformationVirtualMemory , 17265
ZwSetInformationVirtualMemory , 17265
NtSetInformationTransactionManager , 17249
ZwSetInformationTransactionManager , 17249
NtSetInformationTransaction , 17233
ZwSetInformationTransaction , 17233
NtSetInformationToken , 17217
ZwSetInformationToken , 17217
NtSetInformationResourceManager , 17201
ZwSetInformationResourceManager , 17201
NtSetInformationKey , 17185
ZwSetInformationKey , 17185
NtSetInformationJobObject , 17169
ZwSetInformationJobObject , 17169
NtSetInformationEnlistment , 17153
ZwSetInformationEnlistment , 17153
NtSetInformationDebugObject , 17137
ZwSetInformationDebugObject , 17137
NtSetIRTimer , 17121
ZwSetIRTimer , 17121
NtSetHighWaitLowEventPair , 17105
ZwSetHighWaitLowEventPair , 17105
NtSetHighEventPair , 17089
ZwSetHighEventPair , 17089
NtSetEaFile , 17073
ZwSetEaFile , 17073
NtSetDriverEntryOrder , 17057
ZwSetDriverEntryOrder , 17057
NtSetDefaultUILanguage , 17041
ZwSetDefaultUILanguage , 17041
NtSetDefaultLocale , 17025
ZwSetDefaultLocale , 17025
NtSetDefaultHardErrorPort , 17009
ZwSetDefaultHardErrorPort , 17009
NtSetDebugFilterState , 16993
ZwSetDebugFilterState , 16993
NtSetContextThread , 16977
ZwSetContextThread , 16977
NtSetCachedSigningLevel , 16961
ZwSetCachedSigningLevel , 16961
NtSetBootOptions , 16945
ZwSetBootOptions , 16945
NtSetBootEntryOrder , 16929
ZwSetBootEntryOrder , 16929
NtSerializeBoot , 16913
ZwSerializeBoot , 16913
NtSecureConnectPort , 16897
ZwSecureConnectPort , 16897
NtSaveMergedKeys , 16881
ZwSaveMergedKeys , 16881
NtSaveKeyEx , 16865
ZwSaveKeyEx , 16865
NtSaveKey , 16849
ZwSaveKey , 16849
NtRollforwardTransactionManager , 16833
ZwRollforwardTransactionManager , 16833
NtRollbackTransaction , 16817
ZwRollbackTransaction , 16817
NtRollbackEnlistment , 16801
ZwRollbackEnlistment , 16801
NtRollbackComplete , 16785
ZwRollbackComplete , 16785
NtResumeProcess , 16769
ZwResumeProcess , 16769
NtRestoreKey , 16753
ZwRestoreKey , 16753
NtResetWriteWatch , 16737
ZwResetWriteWatch , 16737
NtResetEvent , 16721
ZwResetEvent , 16721
NtRequestPort , 16705
ZwRequestPort , 16705
NtReplyWaitReplyPort , 16689
ZwReplyWaitReplyPort , 16689
NtReplacePartitionUnit , 16673
ZwReplacePartitionUnit , 16673
NtReplaceKey , 16657
ZwReplaceKey , 16657
NtRenameTransactionManager , 16641
ZwRenameTransactionManager , 16641
NtRenameKey , 16625
ZwRenameKey , 16625
NtRemoveProcessDebug , 16609
ZwRemoveProcessDebug , 16609
NtRemoveIoCompletionEx , 16593
ZwRemoveIoCompletionEx , 16593
NtReleaseWorkerFactoryWorker , 16577
ZwReleaseWorkerFactoryWorker , 16577
NtReleaseKeyedEvent , 16561
ZwReleaseKeyedEvent , 16561
NtRegisterThreadTerminatePort , 16545
ZwRegisterThreadTerminatePort , 16545
NtRegisterProtocolAddressInformation , 16529
ZwRegisterProtocolAddressInformation , 16529
NtRecoverTransactionManager , 16513
ZwRecoverTransactionManager , 16513
NtRecoverResourceManager , 16497
ZwRecoverResourceManager , 16497
NtRecoverEnlistment , 16481
ZwRecoverEnlistment , 16481
NtReadOnlyEnlistment , 16465
ZwReadOnlyEnlistment , 16465
NtRaiseHardError , 16449
ZwRaiseHardError , 16449
NtRaiseException , 16433
ZwRaiseException , 16433
NtQueueApcThreadEx , 16417
ZwQueueApcThreadEx , 16417
NtQueryWnfStateNameInformation , 16401
ZwQueryWnfStateNameInformation , 16401
NtQueryWnfStateData , 16385
ZwQueryWnfStateData , 16385
NtQueryTimerResolution , 16369
ZwQueryTimerResolution , 16369
NtQuerySystemInformationEx , 16353
ZwQuerySystemInformationEx , 16353
NtQuerySystemEnvironmentValueEx , 16337
ZwQuerySystemEnvironmentValueEx , 16337
NtQuerySystemEnvironmentValue , 16321
ZwQuerySystemEnvironmentValue , 16321
NtQuerySymbolicLinkObject , 16305
ZwQuerySymbolicLinkObject , 16305
NtQuerySemaphore , 16289
ZwQuerySemaphore , 16289
NtQuerySecurityObject , 16273
ZwQuerySecurityObject , 16273
NtQuerySecurityAttributesToken , 16257
ZwQuerySecurityAttributesToken , 16257
NtQueryQuotaInformationFile , 16241
ZwQueryQuotaInformationFile , 16241
NtQueryPortInformationProcess , 16225
ZwQueryPortInformationProcess , 16225
NtQueryOpenSubKeysEx , 16209
ZwQueryOpenSubKeysEx , 16209
NtQueryOpenSubKeys , 16193
ZwQueryOpenSubKeys , 16193
NtQueryMutant , 16177
ZwQueryMutant , 16177
NtQueryMultipleValueKey , 16161
ZwQueryMultipleValueKey , 16161
NtQueryLicenseValue , 16145
ZwQueryLicenseValue , 16145
NtQueryIoCompletion , 16129
ZwQueryIoCompletion , 16129
NtQueryIntervalProfile , 16113
ZwQueryIntervalProfile , 16113
NtQueryInstallUILanguage , 16097
ZwQueryInstallUILanguage , 16097
NtQueryInformationWorkerFactory , 16081
ZwQueryInformationWorkerFactory , 16081
NtQueryInformationTransactionManager , 16065
ZwQueryInformationTransactionManager , 16065
NtQueryInformationTransaction , 16049
ZwQueryInformationTransaction , 16049
NtQueryInformationResourceManager , 16033
ZwQueryInformationResourceManager , 16033
NtQueryInformationPort , 16017
ZwQueryInformationPort , 16017
NtQueryInformationJobObject , 16001
ZwQueryInformationJobObject , 16001
NtQueryInformationEnlistment , 15985
ZwQueryInformationEnlistment , 15985
NtQueryInformationAtom , 15969
ZwQueryInformationAtom , 15969
NtQueryFullAttributesFile , 15953
ZwQueryFullAttributesFile , 15953
NtQueryEaFile , 15937
ZwQueryEaFile , 15937
NtQueryDriverEntryOrder , 15921
ZwQueryDriverEntryOrder , 15921
NtQueryDirectoryObject , 15905
ZwQueryDirectoryObject , 15905
NtQueryDebugFilterState , 15889
ZwQueryDebugFilterState , 15889
NtQueryBootOptions , 15873
ZwQueryBootOptions , 15873
NtQueryBootEntryOrder , 15857
ZwQueryBootEntryOrder , 15857
NtPulseEvent , 15841
ZwPulseEvent , 15841
NtPropagationFailed , 15825
ZwPropagationFailed , 15825
NtPropagationComplete , 15809
ZwPropagationComplete , 15809
NtPrivilegedServiceAuditAlarm , 15793
ZwPrivilegedServiceAuditAlarm , 15793
NtPrivilegeObjectAuditAlarm , 15777
ZwPrivilegeObjectAuditAlarm , 15777
NtPrivilegeCheck , 15761
ZwPrivilegeCheck , 15761
NtPrepareEnlistment , 15745
ZwPrepareEnlistment , 15745
NtPrepareComplete , 15729
ZwPrepareComplete , 15729
NtPrePrepareEnlistment , 15713
ZwPrePrepareEnlistment , 15713
NtPrePrepareComplete , 15697
ZwPrePrepareComplete , 15697
NtPlugPlayControl , 15681
ZwPlugPlayControl , 15681
NtOpenTransactionManager , 15665
ZwOpenTransactionManager , 15665
NtOpenTransaction , 15649
ZwOpenTransaction , 15649
NtOpenTimer , 15633
ZwOpenTimer , 15633
NtOpenThread , 15617
ZwOpenThread , 15617
NtOpenSymbolicLinkObject , 15601
ZwOpenSymbolicLinkObject , 15601
NtOpenSession , 15585
ZwOpenSession , 15585
NtOpenSemaphore , 15569
ZwOpenSemaphore , 15569
NtOpenResourceManager , 15553
ZwOpenResourceManager , 15553
NtOpenProcessToken , 15537
ZwOpenProcessToken , 15537
NtOpenPrivateNamespace , 15521
ZwOpenPrivateNamespace , 15521
NtOpenObjectAuditAlarm , 15505
ZwOpenObjectAuditAlarm , 15505
NtOpenMutant , 15489
ZwOpenMutant , 15489
NtOpenKeyedEvent , 15473
ZwOpenKeyedEvent , 15473
NtOpenKeyTransactedEx , 15457
ZwOpenKeyTransactedEx , 15457
NtOpenKeyTransacted , 15441
ZwOpenKeyTransacted , 15441
NtOpenKeyEx , 15425
ZwOpenKeyEx , 15425
NtOpenJobObject , 15409
ZwOpenJobObject , 15409
NtOpenIoCompletion , 15393
ZwOpenIoCompletion , 15393
NtOpenEventPair , 15377
ZwOpenEventPair , 15377
NtOpenEnlistment , 15361
ZwOpenEnlistment , 15361
NtNotifyChangeSession , 15345
ZwNotifyChangeSession , 15345
NtNotifyChangeMultipleKeys , 15329
ZwNotifyChangeMultipleKeys , 15329
NtNotifyChangeKey , 15313
ZwNotifyChangeKey , 15313
NtNotifyChangeDirectoryFile , 15297
ZwNotifyChangeDirectoryFile , 15297
NtModifyDriverEntry , 15281
ZwModifyDriverEntry , 15281
NtModifyBootEntry , 15265
ZwModifyBootEntry , 15265
NtMapUserPhysicalPages , 15249
ZwMapUserPhysicalPages , 15249
NtMapCMFModule , 15233
ZwMapCMFModule , 15233
NtMakeTemporaryObject , 15217
ZwMakeTemporaryObject , 15217
NtMakePermanentObject , 15201
ZwMakePermanentObject , 15201
NtLockVirtualMemory , 15185
ZwLockVirtualMemory , 15185
NtLockRegistryKey , 15169
ZwLockRegistryKey , 15169
NtLockProductActivationKeys , 15153
ZwLockProductActivationKeys , 15153
NtLockFile , 15137
ZwLockFile , 15137
NtLoadKeyEx , 15121
ZwLoadKeyEx , 15121
NtLoadKey2 , 15105
ZwLoadKey2 , 15105
NtLoadKey , 15089
ZwLoadKey , 15089
NtLoadDriver , 15073
ZwLoadDriver , 15073
NtListenPort , 15057
ZwListenPort , 15057
NtIsUILanguageComitted , 15041
ZwIsUILanguageComitted , 15041
NtIsSystemResumeAutomatic , 15025
ZwIsSystemResumeAutomatic , 15025
NtInitiatePowerAction , 15009
ZwInitiatePowerAction , 15009
NtInitializeRegistry , 14993
ZwInitializeRegistry , 14993
NtInitializeNlsFiles , 14977
ZwInitializeNlsFiles , 14977
NtImpersonateThread , 14961
ZwImpersonateThread , 14961
NtImpersonateAnonymousToken , 14945
ZwImpersonateAnonymousToken , 14945
NtGetWriteWatch , 14929
ZwGetWriteWatch , 14929
NtGetNotificationResourceManager , 14913
ZwGetNotificationResourceManager , 14913
NtGetNlsSectionPtr , 14897
ZwGetNlsSectionPtr , 14897
NtGetNextThread , 14881
ZwGetNextThread , 14881
NtGetNextProcess , 14865
ZwGetNextProcess , 14865
NtGetMUIRegistryInfo , 14849
ZwGetMUIRegistryInfo , 14849
NtGetDevicePowerState , 14833
ZwGetDevicePowerState , 14833
NtGetCurrentProcessorNumber , 14817
ZwGetCurrentProcessorNumber , 14817
NtGetContextThread , 14801
ZwGetContextThread , 14801
NtGetCachedSigningLevel , 14785
ZwGetCachedSigningLevel , 14785
NtFreezeTransactions , 14769
ZwFreezeTransactions , 14769
NtFreezeRegistry , 14753
ZwFreezeRegistry , 14753
NtFreeUserPhysicalPages , 14737
ZwFreeUserPhysicalPages , 14737
NtFlushWriteBuffer , 14721
ZwFlushWriteBuffer , 14721
NtFlushVirtualMemory , 14705
ZwFlushVirtualMemory , 14705
NtFlushProcessWriteBuffers , 14689
ZwFlushProcessWriteBuffers , 14689
NtFlushKey , 14673
ZwFlushKey , 14673
NtFlushInstructionCache , 14657
ZwFlushInstructionCache , 14657
NtFlushInstallUILanguage , 14641
ZwFlushInstallUILanguage , 14641
NtFlushBuffersFileEx , 14625
ZwFlushBuffersFileEx , 14625
NtFilterTokenEx , 14609
ZwFilterTokenEx , 14609
NtFilterToken , 14593
ZwFilterToken , 14593
NtFilterBootOption , 14577
ZwFilterBootOption , 14577
NtExtendSection , 14561
ZwExtendSection , 14561
NtEnumerateTransactionObject , 14545
ZwEnumerateTransactionObject , 14545
NtEnumerateSystemEnvironmentValuesEx , 14529
ZwEnumerateSystemEnvironmentValuesEx , 14529
NtEnumerateDriverEntries , 14513
ZwEnumerateDriverEntries , 14513
NtEnumerateBootEntries , 14497
ZwEnumerateBootEntries , 14497
NtEnableLastKnownGood , 14481
ZwEnableLastKnownGood , 14481
NtDrawText , 14465
ZwDrawText , 14465
NtDisplayString , 14449
ZwDisplayString , 14449
NtDisableLastKnownGood , 14433
ZwDisableLastKnownGood , 14433
NtDeleteWnfStateName , 14417
ZwDeleteWnfStateName , 14417
NtDeleteWnfStateData , 14401
ZwDeleteWnfStateData , 14401
NtDeleteValueKey , 14385
ZwDeleteValueKey , 14385
NtDeletePrivateNamespace , 14369
ZwDeletePrivateNamespace , 14369
NtDeleteObjectAuditAlarm , 14353
ZwDeleteObjectAuditAlarm , 14353
NtDeleteKey , 14337
ZwDeleteKey , 14337
NtDeleteFile , 14321
ZwDeleteFile , 14321
NtDeleteDriverEntry , 14305
ZwDeleteDriverEntry , 14305
NtDeleteBootEntry , 14289
ZwDeleteBootEntry , 14289
NtDeleteAtom , 14273
ZwDeleteAtom , 14273
NtDebugContinue , 14257
ZwDebugContinue , 14257
NtDebugActiveProcess , 14241
ZwDebugActiveProcess , 14241
NtCreateWorkerFactory , 14225
ZwCreateWorkerFactory , 14225
NtCreateWnfStateName , 14209
ZwCreateWnfStateName , 14209
NtCreateWaitablePort , 14193
ZwCreateWaitablePort , 14193
NtCreateWaitCompletionPacket , 14177
ZwCreateWaitCompletionPacket , 14177
NtCreateUserProcess , 14161
ZwCreateUserProcess , 14161
NtCreateTransactionManager , 14145
ZwCreateTransactionManager , 14145
NtCreateTransaction , 14129
ZwCreateTransaction , 14129
NtCreateTokenEx , 14113
ZwCreateTokenEx , 14113
NtCreateToken , 14097
ZwCreateToken , 14097
NtCreateTimer , 14081
ZwCreateTimer , 14081
NtCreateThreadEx , 14065
ZwCreateThreadEx , 14065
NtCreateSymbolicLinkObject , 14049
ZwCreateSymbolicLinkObject , 14049
NtCreateSemaphore , 14033
ZwCreateSemaphore , 14033
NtCreateResourceManager , 14017
ZwCreateResourceManager , 14017
NtCreateProfileEx , 14001
ZwCreateProfileEx , 14001
NtCreateProfile , 13985
ZwCreateProfile , 13985
NtCreateProcess , 13969
ZwCreateProcess , 13969
NtCreatePrivateNamespace , 13953
ZwCreatePrivateNamespace , 13953
NtCreatePort , 13937
ZwCreatePort , 13937
NtCreatePagingFile , 13921
ZwCreatePagingFile , 13921
NtCreateNamedPipeFile , 13905
ZwCreateNamedPipeFile , 13905
NtCreateMutant , 13889
ZwCreateMutant , 13889
NtCreateMailslotFile , 13873
ZwCreateMailslotFile , 13873
NtCreateLowBoxToken , 13857
ZwCreateLowBoxToken , 13857
NtCreateKeyedEvent , 13841
ZwCreateKeyedEvent , 13841
NtCreateKeyTransacted , 13825
ZwCreateKeyTransacted , 13825
NtCreateJobSet , 13809
ZwCreateJobSet , 13809
NtCreateJobObject , 13793
ZwCreateJobObject , 13793
NtCreateIoCompletion , 13777
ZwCreateIoCompletion , 13777
NtCreateIRTimer , 13761
ZwCreateIRTimer , 13761
NtCreateEventPair , 13745
ZwCreateEventPair , 13745
NtCreateEnlistment , 13729
ZwCreateEnlistment , 13729
NtCreateDirectoryObjectEx , 13713
ZwCreateDirectoryObjectEx , 13713
NtCreateDirectoryObject , 13697
ZwCreateDirectoryObject , 13697
NtCreateDebugObject , 13681
ZwCreateDebugObject , 13681
NtConnectPort , 13665
ZwConnectPort , 13665
NtCompressKey , 13649
ZwCompressKey , 13649
NtCompleteConnectPort , 13633
ZwCompleteConnectPort , 13633
NtCompareTokens , 13617
ZwCompareTokens , 13617
NtCompactKeys , 13601
ZwCompactKeys , 13601
NtCommitTransaction , 13585
ZwCommitTransaction , 13585
NtCommitEnlistment , 13569
ZwCommitEnlistment , 13569
NtCommitComplete , 13553
ZwCommitComplete , 13553
NtCancelWaitCompletionPacket , 13537
ZwCancelWaitCompletionPacket , 13537
NtCancelSynchronousIoFile , 13521
ZwCancelSynchronousIoFile , 13521
NtCancelIoFileEx , 13505
ZwCancelIoFileEx , 13505
NtAssociateWaitCompletionPacket , 13489
ZwAssociateWaitCompletionPacket , 13489
NtAssignProcessToJobObject , 13473
ZwAssignProcessToJobObject , 13473
NtAreMappedFilesTheSame , 13457
ZwAreMappedFilesTheSame , 13457
NtAlpcSetInformation , 13441
ZwAlpcSetInformation , 13441
NtAlpcSendWaitReceivePort , 13425
ZwAlpcSendWaitReceivePort , 13425
NtAlpcRevokeSecurityContext , 13409
ZwAlpcRevokeSecurityContext , 13409
NtAlpcQueryInformationMessage , 13393
ZwAlpcQueryInformationMessage , 13393
NtAlpcQueryInformation , 13377
ZwAlpcQueryInformation , 13377
NtAlpcOpenSenderThread , 13361
ZwAlpcOpenSenderThread , 13361
NtAlpcOpenSenderProcess , 13345
ZwAlpcOpenSenderProcess , 13345
NtAlpcImpersonateClientOfPort , 13329
ZwAlpcImpersonateClientOfPort , 13329
NtAlpcDisconnectPort , 13313
ZwAlpcDisconnectPort , 13313
NtAlpcDeleteSecurityContext , 13297
ZwAlpcDeleteSecurityContext , 13297
NtAlpcDeleteSectionView , 13281
ZwAlpcDeleteSectionView , 13281
NtAlpcDeleteResourceReserve , 13265
ZwAlpcDeleteResourceReserve , 13265
NtAlpcDeletePortSection , 13249
ZwAlpcDeletePortSection , 13249
NtAlpcCreateSecurityContext , 13233
ZwAlpcCreateSecurityContext , 13233
NtAlpcCreateSectionView , 13217
ZwAlpcCreateSectionView , 13217
NtAlpcCreateResourceReserve , 13201
ZwAlpcCreateResourceReserve , 13201
NtAlpcCreatePortSection , 13185
ZwAlpcCreatePortSection , 13185
NtAlpcCreatePort , 13169
ZwAlpcCreatePort , 13169
NtAlpcConnectPortEx , 13153
ZwAlpcConnectPortEx , 13153
NtAlpcConnectPort , 13137
ZwAlpcConnectPort , 13137
NtAlpcCancelMessage , 13121
ZwAlpcCancelMessage , 13121
NtAlpcAcceptConnectPort , 13105
ZwAlpcAcceptConnectPort , 13105
NtAllocateUuids , 13089
ZwAllocateUuids , 13089
NtAllocateUserPhysicalPages , 13073
ZwAllocateUserPhysicalPages , 13073
NtAllocateReserveObject , 13057
ZwAllocateReserveObject , 13057
NtAllocateLocallyUniqueId , 13041
ZwAllocateLocallyUniqueId , 13041
NtAlertThreadByThreadId , 13025
ZwAlertThreadByThreadId , 13025
NtAlertThread , 13009
ZwAlertThread , 13009
NtAlertResumeThread , 12993
ZwAlertResumeThread , 12993
NtAdjustTokenClaimsAndDeviceGroups , 12977
ZwAdjustTokenClaimsAndDeviceGroups , 12977
NtAdjustGroupsToken , 12961
ZwAdjustGroupsToken , 12961
NtAddDriverEntry , 12945
ZwAddDriverEntry , 12945
NtAddBootEntry , 12929
ZwAddBootEntry , 12929
NtAddAtomEx , 12913
ZwAddAtomEx , 12913
NtAccessCheckByTypeResultListAndAuditAlarmByHandle , 12897
ZwAccessCheckByTypeResultListAndAuditAlarmByHandle , 12897
NtAccessCheckByTypeResultListAndAuditAlarm , 12881
ZwAccessCheckByTypeResultListAndAuditAlarm , 12881
NtAccessCheckByTypeResultList , 12865
ZwAccessCheckByTypeResultList , 12865
NtAccessCheckByType , 12849
ZwAccessCheckByType , 12849
NtAccessCheck , 12833
ZwAccessCheck , 12833
NtAcceptConnectPort , 12817
ZwAcceptConnectPort , 12817
NtSetTimer , 12801
ZwSetTimer , 12801
NtCancelTimer , 12785
ZwCancelTimer , 12785
NtSetValueKey , 12769
ZwSetValueKey , 12769
NtPowerInformation , 12753
ZwPowerInformation , 12753
NtTraceEvent , 12737
ZwTraceEvent , 12737
NtCancelIoFile , 12721
ZwCancelIoFile , 12721
NtSetInformationObject , 12705
ZwSetInformationObject , 12705
NtWaitForMultipleObjects , 12689
ZwWaitForMultipleObjects , 12689
NtQuerySystemTime , 12672
ZwQuerySystemTime , 12672
NtAccessCheckByTypeAndAuditAlarm , 12656
ZwAccessCheckByTypeAndAuditAlarm , 12656
NtOpenDirectoryObject , 12640
ZwOpenDirectoryObject , 12640
NtWriteRequestData , 12624
ZwWriteRequestData , 12624
NtQueryEvent , 12608
ZwQueryEvent , 12608
NtCreateFile , 12592
ZwCreateFile , 12592
NtReadRequestData , 12576
ZwReadRequestData , 12576
NtTerminateThread , 12560
ZwTerminateThread , 12560
NtResumeThread , 12544
ZwResumeThread , 12544
NtQuerySection , 12528
ZwQuerySection , 12528
NtProtectVirtualMemory , 12512
ZwProtectVirtualMemory , 12512
NtIsProcessInJob , 12496
ZwIsProcessInJob , 12496
NtCreateThread , 12480
ZwCreateThread , 12480
NtCreateProcessEx , 12464
ZwCreateProcessEx , 12464
NtApphelpCacheControl , 12448
ZwApphelpCacheControl , 12448
NtFlushBuffersFile , 12432
ZwFlushBuffersFile , 12432
NtCreateSection , 12416
ZwCreateSection , 12416
NtQueryVolumeInformationFile , 12400
ZwQueryVolumeInformationFile , 12400
NtCreateEvent , 12384
ZwCreateEvent , 12384
NtAddAtom , 12368
ZwAddAtom , 12368
NtYieldExecution , 12352
ZwYieldExecution , 12352
NtQueueApcThread , 12336
ZwQueueApcThread , 12336
NtQueryDefaultUILanguage , 12320
ZwQueryDefaultUILanguage , 12320
NtContinue , 12304
ZwContinue , 12304
NtDuplicateToken , 12288
ZwDuplicateToken , 12288
NtAdjustPrivilegesToken , 12272
ZwAdjustPrivilegesToken , 12272
NtOpenEvent , 12256
ZwOpenEvent , 12256
NtReadVirtualMemory , 12240
ZwReadVirtualMemory , 12240
NtClearEvent , 12224
ZwClearEvent , 12224
NtQueryAttributesFile , 12208
ZwQueryAttributesFile , 12208
NtDuplicateObject , 12192
ZwDuplicateObject , 12192
NtCloseObjectAuditAlarm , 12176
ZwCloseObjectAuditAlarm , 12176
NtWriteVirtualMemory , 12160
ZwWriteVirtualMemory , 12160
NtFsControlFile , 12144
ZwFsControlFile , 12144
NtQueryTimer , 12128
ZwQueryTimer , 12128
NtOpenSection , 12112
ZwOpenSection , 12112
NtQuerySystemInformation , 12096
RtlGetNativeSystemInformation , 12096
ZwQuerySystemInformation , 12096
NtQueryDirectoryFile , 12080
ZwQueryDirectoryFile , 12080
NtDelayExecution , 12064
ZwDelayExecution , 12064
NtOpenFile , 12048
ZwOpenFile , 12048
NtEnumerateKey , 12032
ZwEnumerateKey , 12032
NtQueryPerformanceCounter , 12016
ZwQueryPerformanceCounter , 12016
NtOpenProcessTokenEx , 12000
ZwOpenProcessTokenEx , 12000
NtOpenThreadTokenEx , 11984
ZwOpenThreadTokenEx , 11984
NtReadFileScatter , 11968
ZwReadFileScatter , 11968
NtSetEventBoostPriority , 11952
ZwSetEventBoostPriority , 11952
NtTerminateProcess , 11936
ZwTerminateProcess , 11936
NtReplyWaitReceivePortEx , 11920
ZwReplyWaitReceivePortEx , 11920
NtUnmapViewOfSection , 11904
ZwUnmapViewOfSection , 11904
NtAccessCheckAndAuditAlarm , 11888
ZwAccessCheckAndAuditAlarm , 11888
NtMapViewOfSection , 11872
ZwMapViewOfSection , 11872
NtSetInformationFile , 11856
ZwSetInformationFile , 11856
NtOpenProcess , 11840
ZwOpenProcess , 11840
NtQueryInformationThread , 11824
ZwQueryInformationThread , 11824
NtOpenThreadToken , 11808
ZwOpenThreadToken , 11808
NtQueryVirtualMemory , 11792
ZwQueryVirtualMemory , 11792
NtRequestWaitReplyPort , 11776
ZwRequestWaitReplyPort , 11776
NtQueryInformationToken , 11760
ZwQueryInformationToken , 11760
NtReleaseMutant , 11744
ZwReleaseMutant , 11744
NtImpersonateClientOfPort , 11728
ZwImpersonateClientOfPort , 11728
NtFreeVirtualMemory , 11712
ZwFreeVirtualMemory , 11712
NtCreateKey , 11696
ZwCreateKey , 11696
NtSetInformationProcess , 11680
ZwSetInformationProcess , 11680
NtWriteFileGather , 11664
ZwWriteFileGather , 11664
NtWaitForMultipleObjects32 , 11648
ZwWaitForMultipleObjects32 , 11648
NtQueryInformationProcess , 11632
ZwQueryInformationProcess , 11632
NtAllocateVirtualMemory , 11616
ZwAllocateVirtualMemory , 11616
NtQueryValueKey , 11600
ZwQueryValueKey , 11600
NtQueryKey , 11584
ZwQueryKey , 11584
NtQueryDefaultLocale , 11568
ZwQueryDefaultLocale , 11568
NtFindAtom , 11552
ZwFindAtom , 11552
NtEnumerateValueKey , 11536
ZwEnumerateValueKey , 11536
NtOpenKey , 11520
ZwOpenKey , 11520
NtQueryInformationFile , 11504
ZwQueryInformationFile , 11504
NtQueryObject , 11488
ZwQueryObject , 11488
NtClose , 11472
ZwClose , 11472
NtSetEvent , 11456
ZwSetEvent , 11456
NtSetInformationThread , 11440
ZwSetInformationThread , 11440
NtReplyPort , 11424
ZwReplyPort , 11424
NtReplyWaitReceivePort , 11408
ZwReplyWaitReceivePort , 11408
NtReleaseSemaphore , 11392
ZwReleaseSemaphore , 11392
NtRemoveIoCompletion , 11376
ZwRemoveIoCompletion , 11376
NtWriteFile , 11360
ZwWriteFile , 11360
NtDeviceIoControlFile , 11344
ZwDeviceIoControlFile , 11344
NtReadFile , 11328
ZwReadFile , 11328
NtCallbackReturn , 11312
ZwCallbackReturn , 11312
NtWaitForSingleObject , 11296
ZwWaitForSingleObject , 11296
NtMapUserPhysicalPagesScatter , 11280
ZwMapUserPhysicalPagesScatter , 11280
NtWorkerFactoryWorkerReady , 11264
ZwWorkerFactoryWorkerReady , 11264
memcpy , 10432
memmove , 10432
RtlCopyMemory , 10432
RtlMoveMemory , 10432
longjmp , 10160
_setjmpex , 10000
_setjmp , 9808
__chkstk , 9680
RtlpUmsExecuteYieldThreadEnd , 9249
RtlpUmsThreadYield , 8986
RtlpExecuteUmsThread , 8400
RtlInterlockedPushListSList , 8224
ExpInterlockedPopEntrySListEnd , 7984
ExpInterlockedPopEntrySListFault , 7962
ExpInterlockedPopEntrySListResume , 7939
ExpInterlockedPopEntrySListEnd16 , 7919
ExpInterlockedPopEntrySListFault16 , 7908
ExpInterlockedPopEntrySListResume16 , 7876
RtlInterlockedPopEntrySList , 7872
RtlFirstEntrySList , 7824
DbgUserBreakPoint , 7696
DbgBreakPoint , 7680
NtdllDialogWndProc_W , 7061
NtdllDialogWndProc_A , 7044
NtdllDefWindowProc_W , 6857
NtdllDefWindowProc_A , 6840
RtlGetCurrentProcessorNumberEx , 6640
RtlGetCurrentProcessorNumber , 6608
strncpy , 6176
strncmp , 5968
strncat , 5520
strlen , 5328
strcmp , 5136
strcpy , 4896
strcat , 4720
memcmp , 4496
_local_unwind , 4432
RtlGetCurrentUmsThread , 4240
RtlEnterCriticalSection , 4192
RtlLeaveCriticalSection , 4112
