C:\USERS\USER\DOCUMENTS\VISUAL STUDIO 2012\PROJECTS\RETMONITOR\RETMONITOR\X64\WIN8DEBUG\RETMONITOR PACKAGE\RETMONITOR.CAT
C:\Users\user\Documents\Visual Studio 2012\Projects\RetMonitor\RetMonitor\x64\Win8Debug\RetMonitorPackage.cer
C:\Users\user\Documents\Visual Studio 2012\Projects\RetMonitor\RetMonitor\RetMonitor Package\x64\Win8Debug\inf2cat-expand.1596.read.1.tlog
C:\Users\user\Documents\Visual Studio 2012\Projects\RetMonitor\RetMonitor\RetMonitor Package\x64\Win8Debug\inf2cat-expand.1596.write.1.tlog
C:\Users\user\Documents\Visual Studio 2012\Projects\RetMonitor\RetMonitor\RetMonitor Package\x64\Win8Debug\inf2cat-expand.1656.read.1.tlog
C:\Users\user\Documents\Visual Studio 2012\Projects\RetMonitor\RetMonitor\RetMonitor Package\x64\Win8Debug\inf2cat-expand.1656.write.1.tlog
C:\Users\user\Documents\Visual Studio 2012\Projects\RetMonitor\RetMonitor\RetMonitor Package\x64\Win8Debug\inf2cat-expand.1724.read.1.tlog
C:\Users\user\Documents\Visual Studio 2012\Projects\RetMonitor\RetMonitor\RetMonitor Package\x64\Win8Debug\inf2cat-expand.1724.write.1.tlog
C:\Users\user\Documents\Visual Studio 2012\Projects\RetMonitor\RetMonitor\RetMonitor Package\x64\Win8Debug\inf2cat-expand.2196.read.1.tlog
C:\Users\user\Documents\Visual Studio 2012\Projects\RetMonitor\RetMonitor\RetMonitor Package\x64\Win8Debug\inf2cat-expand.2196.write.1.tlog
C:\Users\user\Documents\Visual Studio 2012\Projects\RetMonitor\RetMonitor\RetMonitor Package\x64\Win8Debug\inf2cat-expand.2224.read.1.tlog
C:\Users\user\Documents\Visual Studio 2012\Projects\RetMonitor\RetMonitor\RetMonitor Package\x64\Win8Debug\inf2cat-expand.2224.write.1.tlog
C:\Users\user\Documents\Visual Studio 2012\Projects\RetMonitor\RetMonitor\RetMonitor Package\x64\Win8Debug\inf2cat-expand.2660.read.1.tlog
C:\Users\user\Documents\Visual Studio 2012\Projects\RetMonitor\RetMonitor\RetMonitor Package\x64\Win8Debug\inf2cat-expand.2660.write.1.tlog
C:\Users\user\Documents\Visual Studio 2012\Projects\RetMonitor\RetMonitor\RetMonitor Package\x64\Win8Debug\inf2cat-expand.2888.read.1.tlog
C:\Users\user\Documents\Visual Studio 2012\Projects\RetMonitor\RetMonitor\RetMonitor Package\x64\Win8Debug\inf2cat-expand.2888.write.1.tlog
C:\Users\user\Documents\Visual Studio 2012\Projects\RetMonitor\RetMonitor\RetMonitor Package\x64\Win8Debug\inf2cat-expand.2940.read.1.tlog
C:\Users\user\Documents\Visual Studio 2012\Projects\RetMonitor\RetMonitor\RetMonitor Package\x64\Win8Debug\inf2cat-expand.2940.write.1.tlog
C:\Users\user\Documents\Visual Studio 2012\Projects\RetMonitor\RetMonitor\RetMonitor Package\x64\Win8Debug\inf2cat-expand.2972.read.1.tlog
C:\Users\user\Documents\Visual Studio 2012\Projects\RetMonitor\RetMonitor\RetMonitor Package\x64\Win8Debug\inf2cat-expand.2972.write.1.tlog
C:\Users\user\Documents\Visual Studio 2012\Projects\RetMonitor\RetMonitor\RetMonitor Package\x64\Win8Debug\inf2cat-expand.read.1.tlog
C:\Users\user\Documents\Visual Studio 2012\Projects\RetMonitor\RetMonitor\RetMonitor Package\x64\Win8Debug\inf2cat-expand.write.1.tlog
C:\Users\user\Documents\Visual Studio 2012\Projects\RetMonitor\RetMonitor\RetMonitor Package\x64\Win8Debug\Inf2Cat.command.1.tlog
C:\Users\user\Documents\Visual Studio 2012\Projects\RetMonitor\RetMonitor\RetMonitor Package\x64\Win8Debug\inf2cat.read.1.tlog
C:\Users\user\Documents\Visual Studio 2012\Projects\RetMonitor\RetMonitor\RetMonitor Package\x64\Win8Debug\inf2cat.read.8.tlog
C:\Users\user\Documents\Visual Studio 2012\Projects\RetMonitor\RetMonitor\RetMonitor Package\x64\Win8Debug\inf2cat.write.1.tlog
C:\Users\user\Documents\Visual Studio 2012\Projects\RetMonitor\RetMonitor\RetMonitor Package\x64\Win8Debug\inf2cat.write.8.tlog
C:\Users\user\Documents\Visual Studio 2012\Projects\RetMonitor\RetMonitor\RetMonitor Package\x64\Win8Debug\signtool.command.1.tlog
C:\Users\user\Documents\Visual Studio 2012\Projects\RetMonitor\RetMonitor\RetMonitor Package\x64\Win8Debug\signtool.read.1.tlog
C:\Users\user\Documents\Visual Studio 2012\Projects\RetMonitor\RetMonitor\RetMonitor Package\x64\Win8Debug\signtool.write.1.tlog
